<html xmlns:math="http://exslt.org/math" xmlns:testng="http://testng.org">
   <head>
      <title>TestNG Results</title>
      <meta http-equiv="content-type" content="text/html; charset=utf-8"></meta>
      <meta http-equiv="pragma" content="no-cache"></meta>
      <meta http-equiv="cache-control" content="max-age=0"></meta>
      <meta http-equiv="cache-control" content="no-cache"></meta>
      <meta http-equiv="cache-control" content="no-store"></meta>
      <LINK rel="stylesheet" href="style.css"></LINK>
      <script type="text/javascript" src="main.js"></script>
   </head>
   <body>
      <table width="100%" style="font-size: 16px; margin-bottom: 10px;" cellspacing="1">
         <tr>
            <td width="100%">
               Test case
               
               <b>NewCustomerRegistration</b>
            </td>
            <td style="background-color: #FFBBBB; padding: 3px 3px 3px 0;" align="center">
               <div style="width: 50px;">3</div>
            </td>
            <td style="background-color: lightgreen; padding: 3px 3px 3px 0;" align="center">
               <div style="width: 50px;">2</div>
            </td>
            <td style="background-color: #FFFFBB; padding: 3px 3px 3px 0;" align="center">
               <div style="width: 50px;">0</div>
            </td>
            <td align="center" style="background-color: #eaf0f7; padding: 3px 3px 3px 0;">
               <div style="width: 50px;">5</div>
            </td>
            <td align="center"
                style="font-weight: bold; background-color: #eaf0f7; padding: 3px 3px 3px 0;">
               <div style="width: 50px;">40%</div>
            </td>
            <td style="background-color: #eaf0f7; padding: 3px 3px 3px 0;" align="center"
                nowrap="true">7m
               27s
               
            </td>
         </tr>
      </table>
      <div style="width: 200px;">
         <label for="groupMethodsCheckBox" style="font-weight: bold; margin: 0;">
            <input id="groupMethodsCheckBox" type="checkbox" onclick="switchTestMethodsView(this)"></input>
            Group by class
            
         </label>
         <br></br>
         <label for="methodsFilter_ALL" style="font-weight: bold; margin: 0;">
            <input id="methodsFilter_ALL" type="checkbox"
                   onclick="testMethodsFilterChanged(this, 'ALL')"></input>
            All
            
         </label>
      </div>
      <label for="methodsFilter_FAIL" style="margin-left: 20px;">
         <input id="methodsFilter_FAIL" type="checkbox"
                onclick="testMethodsFilterChanged(this, 'FAIL')"
                checked=""></input>
         Failed
         
      </label>
      <label for="methodsFilter_PASS">
         <input id="methodsFilter_PASS" type="checkbox"
                onclick="testMethodsFilterChanged(this, 'PASS')"
                checked=""></input>
         Passed
         
      </label>
      <label for="methodsFilter_SKIP">
         <input id="methodsFilter_SKIP" type="checkbox"
                onclick="testMethodsFilterChanged(this, 'SKIP')"
                checked=""></input>
         Skipped
         
      </label>
      <label for="methodsFilter_CONF">
         <input id="methodsFilter_CONF" type="checkbox"
                onclick="testMethodsFilterChanged(this, 'CONF')"></input>
         Config
         
      </label>
      <br></br>
      <div id="testMethodsByStatus">
         <table class="testMethodsTable" cellpadding="0" cellspacing="0">
            <tr class="methodsTableHeader">
               <td width="100%">Name</td>
               <td nowrap="true">Started</td>
               <td nowrap="true">Duration</td>
               <td>Exception</td>
            </tr>
            <tr id="com.qtpselenium.Login_Suite.NewCustomerRegistration_testCaseA2_byStatus_failed_FAIL1_row"
                class="testMethodStatusFAIL">
               <td width="100%" class="firstMethodCell">
                  <a onclick="toggleDetailsVisibility('com.qtpselenium.Login_Suite.NewCustomerRegistration_testCaseA2_byStatus_failed_FAIL1_details')">testCaseA2(Mr.
                     
                     ,
                     
                     Gupte
                     
                     ,
                     
                     Aakar
                     
                     ,
                     
                     26/04/1990
                     
                     ,
                     
                     M
                     
                     ,
                     
                     1.23654789E9)
                  </a>
               </td>
               <td nowrap="true">01:45:26</td>
               <td nowrap="true" align="right">2m
                  44s
                  
               </td>
               <td nowrap="true">
                  <a onclick="toggleDetailsVisibility('com.qtpselenium.Login_Suite.NewCustomerRegistration_testCaseA2_byStatus_failed_FAIL1_exception')">java.lang.Throwable: 
                     Multiple failures (3):nnFailure 1 of 3:norg.openqa.selenium.NoSuchElementException: no such element
                     (Session info: chrome=46.0.2490.71)
                     (Driver info: chromedriver=2.6.232923,platform=Windows NT 6.1 SP1 x86_64) (WARNING: The server did not provide any stacktrace
                     information)
                     Command duration or timeout: 10.04 seconds
                     For documentation on this error, please visit: http://seleniumhq.org/exceptions/no_such_element.html
                     Build info: version: '2.44.0', revision: '76d78cf', time: '2014-10-23 20:03:00'
                     System info: host: 'ATLANTISPC-274', ip: '10.210.16.27', os.name: 'Windows 7', os.arch: 'amd64', os.version: '6.1', java.version:
                     '1.7.0_79'
                     Session ID: f9f8bb1b5c5632383c7b314f3cccfa7e
                     Driver info: org.openqa.selenium.chrome.ChromeDriver
                     Capabilities [{platform=XP, acceptSslCerts=true, javascriptEnabled=true, browserName=chrome, chrome={userDataDir=C:\Users\aakarg\AppData\Local\Temp\scoped_dir5008_23061},
                     rotatable=false, locationContextEnabled=true, version=46.0.2490.71, takesHeapSnapshot=true, cssSelectorsEnabled=true, databaseEnabled=false,
                     handlesAlerts=true, browserConnectionEnabled=false, webStorageEnabled=true, nativeEvents=true, applicationCacheEnabled=false,
                     takesScreenshot=true}]
                     	at sun.reflect.NativeConstructorAccessorImpl.newInstance0(Native Method)
                     	at sun.reflect.NativeConstructorAccessorImpl.newInstance(NativeConstructorAccessorImpl.java:57)
                     	at sun.reflect.DelegatingConstructorAccessorImpl.newInstance(DelegatingConstructorAccessorImpl.java:45)
                     	at java.lang.reflect.Constructor.newInstance(Constructor.java:526)
                     	at org.openqa.selenium.remote.ErrorHandler.createThrowable(ErrorHandler.java:204)
                     	at org.openqa.selenium.remote.ErrorHandler.throwIfResponseFailed(ErrorHandler.java:156)
                     	at org.openqa.selenium.remote.RemoteWebDriver.execute(RemoteWebDriver.java:599)
                     	at org.openqa.selenium.remote.RemoteWebDriver.findElement(RemoteWebDriver.java:352)
                     	at org.openqa.selenium.remote.RemoteWebDriver.findElementByClassName(RemoteWebDriver.java:433)
                     	at org.openqa.selenium.By$ByClassName.findElement(By.java:387)
                     	at org.openqa.selenium.remote.RemoteWebDriver.findElement(RemoteWebDriver.java:344)
                     	at com.qtpselenium.Login_Suite.NewCustomerRegistration.combine_alert_submit(NewCustomerRegistration.java:234)
                     	at com.qtpselenium.Login_Suite.NewCustomerRegistration.testCaseA2(NewCustomerRegistration.java:149)
                     	at sun.reflect.NativeMethodAccessorImpl.invoke0(Native Method)
                     	at sun.reflect.NativeMethodAccessorImpl.invoke(NativeMethodAccessorImpl.java:57)
                     	at sun.reflect.DelegatingMethodAccessorImpl.invoke(DelegatingMethodAccessorImpl.java:43)
                     	at java.lang.reflect.Method.invoke(Method.java:606)
                     	at org.testng.internal.MethodInvocationHelper.invokeMethod(MethodInvocationHelper.java:84)
                     	at org.testng.internal.Invoker.invokeMethod(Invoker.java:714)
                     	at org.testng.internal.Invoker.invokeTestMethod(Invoker.java:901)
                     	at org.testng.internal.Invoker.invokeTestMethods(Invoker.java:1231)
                     	at org.testng.internal.TestMethodWorker.invokeTestMethods(TestMethodWorker.java:127)
                     	at org.testng.internal.TestMethodWorker.run(TestMethodWorker.java:111)
                     	at org.testng.TestRunner.privateRun(TestRunner.java:767)
                     	at org.testng.TestRunner.run(TestRunner.java:617)
                     	at org.testng.SuiteRunner.runTest(SuiteRunner.java:334)
                     	at org.testng.SuiteRunner.runSequentially(SuiteRunner.java:329)
                     	at org.testng.SuiteRunner.privateRun(SuiteRunner.java:291)
                     	at org.testng.SuiteRunner.run(SuiteRunner.java:240)
                     	at org.testng.SuiteRunnerWorker.runSuite(SuiteRunnerWorker.java:52)
                     	at org.testng.SuiteRunnerWorker.run(SuiteRunnerWorker.java:86)
                     	at org.testng.TestNG.runSuitesSequentially(TestNG.java:1224)
                     	at org.testng.TestNG.runSuitesSequentially(TestNG.java:1220)
                     	at org.testng.TestNG.runSuitesLocally(TestNG.java:1149)
                     	at org.testng.TestNG.run(TestNG.java:1057)
                     	at org.testng.TestNG.privateMain(TestNG.java:1364)
                     	at org.testng.TestNG.main(TestNG.java:1333)
                     nnFailure 2 of 3:norg.openqa.selenium.NoSuchElementException: no such element
                     (Session info: chrome=46.0.2490.71)
                     (Driver info: chromedriver=2.6.232923,platform=Windows NT 6.1 SP1 x86_64) (WARNING: The server did not provide any stacktrace
                     information)
                     Command duration or timeout: 10.03 seconds
                     For documentation on this error, please visit: http://seleniumhq.org/exceptions/no_such_element.html
                     Build info: version: '2.44.0', revision: '76d78cf', time: '2014-10-23 20:03:00'
                     System info: host: 'ATLANTISPC-274', ip: '10.210.16.27', os.name: 'Windows 7', os.arch: 'amd64', os.version: '6.1', java.version:
                     '1.7.0_79'
                     Session ID: f9f8bb1b5c5632383c7b314f3cccfa7e
                     Driver info: org.openqa.selenium.chrome.ChromeDriver
                     Capabilities [{platform=XP, acceptSslCerts=true, javascriptEnabled=true, browserName=chrome, chrome={userDataDir=C:\Users\aakarg\AppData\Local\Temp\scoped_dir5008_23061},
                     rotatable=false, locationContextEnabled=true, version=46.0.2490.71, takesHeapSnapshot=true, cssSelectorsEnabled=true, databaseEnabled=false,
                     handlesAlerts=true, browserConnectionEnabled=false, webStorageEnabled=true, nativeEvents=true, applicationCacheEnabled=false,
                     takesScreenshot=true}]
                     	at sun.reflect.NativeConstructorAccessorImpl.newInstance0(Native Method)
                     	at sun.reflect.NativeConstructorAccessorImpl.newInstance(NativeConstructorAccessorImpl.java:57)
                     	at sun.reflect.DelegatingConstructorAccessorImpl.newInstance(DelegatingConstructorAccessorImpl.java:45)
                     	at java.lang.reflect.Constructor.newInstance(Constructor.java:526)
                     	at org.openqa.selenium.remote.ErrorHandler.createThrowable(ErrorHandler.java:204)
                     	at org.openqa.selenium.remote.ErrorHandler.throwIfResponseFailed(ErrorHandler.java:156)
                     	at org.openqa.selenium.remote.RemoteWebDriver.execute(RemoteWebDriver.java:599)
                     	at org.openqa.selenium.remote.RemoteWebDriver.findElement(RemoteWebDriver.java:352)
                     	at org.openqa.selenium.remote.RemoteWebDriver.findElementByXPath(RemoteWebDriver.java:449)
                     	at org.openqa.selenium.By$ByXPath.findElement(By.java:357)
                     	at org.openqa.selenium.remote.RemoteWebDriver.findElement(RemoteWebDriver.java:344)
                     	at com.qtpselenium.Login_Suite.NewCustomerRegistration.testCaseA2(NewCustomerRegistration.java:159)
                     	at sun.reflect.NativeMethodAccessorImpl.invoke0(Native Method)
                     	at sun.reflect.NativeMethodAccessorImpl.invoke(NativeMethodAccessorImpl.java:57)
                     	at sun.reflect.DelegatingMethodAccessorImpl.invoke(DelegatingMethodAccessorImpl.java:43)
                     	at java.lang.reflect.Method.invoke(Method.java:606)
                     	at org.testng.internal.MethodInvocationHelper.invokeMethod(MethodInvocationHelper.java:84)
                     	at org.testng.internal.Invoker.invokeMethod(Invoker.java:714)
                     	at org.testng.internal.Invoker.invokeTestMethod(Invoker.java:901)
                     	at org.testng.internal.Invoker.invokeTestMethods(Invoker.java:1231)
                     	at org.testng.internal.TestMethodWorker.invokeTestMethods(TestMethodWorker.java:127)
                     	at org.testng.internal.TestMethodWorker.run(TestMethodWorker.java:111)
                     	at org.testng.TestRunner.privateRun(TestRunner.java:767)
                     	at org.testng.TestRunner.run(TestRunner.java:617)
                     	at org.testng.SuiteRunner.runTest(SuiteRunner.java:334)
                     	at org.testng.SuiteRunner.runSequentially(SuiteRunner.java:329)
                     	at org.testng.SuiteRunner.privateRun(SuiteRunner.java:291)
                     	at org.testng.SuiteRunner.run(SuiteRunner.java:240)
                     	at org.testng.SuiteRunnerWorker.runSuite(SuiteRunnerWorker.java:52)
                     	at org.testng.SuiteRunnerWorker.run(SuiteRunnerWorker.java:86)
                     	at org.testng.TestNG.runSuitesSequentially(TestNG.java:1224)
                     	at org.testng.TestNG.runSuitesSequentially(TestNG.java:1220)
                     	at org.testng.TestNG.runSuitesLocally(TestNG.java:1149)
                     	at org.testng.TestNG.run(TestNG.java:1057)
                     	at org.testng.TestNG.privateMain(TestNG.java:1364)
                     	at org.testng.TestNG.main(TestNG.java:1333)
                     nnFailure 3 of 3:njava.lang.NullPointerException
                     
                  </a>
                   
                  
               </td>
            </tr>
            <tr>
               <td colspan="4" class="detailsBox">
                  <div id="com.qtpselenium.Login_Suite.NewCustomerRegistration_testCaseA2_byStatus_failed_FAIL1_details"
                       class="testMethodDetails">
                     <div>
                        <b>Name: </b>testCaseA2
                     </div>
                     <div>
                        <b>Signature: </b>testCaseA2(java.lang.String, java.lang.String, java.lang.String, java.lang.String, java.lang.String, java.lang.String)[pri:0,
                        instance:com.qtpselenium.Login_Suite.NewCustomerRegistration@6ae006d8]
                     </div>
                     <div>
                        <b>Parameters: </b>
                        
                        Mr.
                        
                        ,
                        
                        Gupte
                        
                        ,
                        
                        Aakar
                        
                        ,
                        
                        26/04/1990
                        
                        ,
                        
                        M
                        
                        ,
                        
                        1.23654789E9
                        
                        
                     </div>
                     <div>
                        <b>Start time: </b>01:45:26
                     </div>
                     <div>
                        <b>End time: </b>01:47:10
                     </div>
                     <div>
                        <b>Duration: </b>2m
                        44s
                        
                     </div>
                  </div>
               </td>
            </tr>
            <tr>
               <td colspan="4" class="detailsBox">
                  <div id="com.qtpselenium.Login_Suite.NewCustomerRegistration_testCaseA2_byStatus_failed_FAIL1_exception"
                       class="testMethodDetails">
                     <pre style="padding: 5px; margin: 0;">java.lang.Throwable: Multiple failures (3):nnFailure 1 of 3:norg.openqa.selenium.NoSuchElementException: no such element
                        (Session info: chrome=46.0.2490.71)
                        (Driver info: chromedriver=2.6.232923,platform=Windows NT 6.1 SP1 x86_64) (WARNING: The server did not provide any stacktrace
                        information)
                        Command duration or timeout: 10.04 seconds
                        For documentation on this error, please visit: http://seleniumhq.org/exceptions/no_such_element.html
                        Build info: version: '2.44.0', revision: '76d78cf', time: '2014-10-23 20:03:00'
                        System info: host: 'ATLANTISPC-274', ip: '10.210.16.27', os.name: 'Windows 7', os.arch: 'amd64', os.version: '6.1', java.version:
                        '1.7.0_79'
                        Session ID: f9f8bb1b5c5632383c7b314f3cccfa7e
                        Driver info: org.openqa.selenium.chrome.ChromeDriver
                        Capabilities [{platform=XP, acceptSslCerts=true, javascriptEnabled=true, browserName=chrome, chrome={userDataDir=C:\Users\aakarg\AppData\Local\Temp\scoped_dir5008_23061},
                        rotatable=false, locationContextEnabled=true, version=46.0.2490.71, takesHeapSnapshot=true, cssSelectorsEnabled=true, databaseEnabled=false,
                        handlesAlerts=true, browserConnectionEnabled=false, webStorageEnabled=true, nativeEvents=true, applicationCacheEnabled=false,
                        takesScreenshot=true}]
                        	at sun.reflect.NativeConstructorAccessorImpl.newInstance0(Native Method)
                        	at sun.reflect.NativeConstructorAccessorImpl.newInstance(NativeConstructorAccessorImpl.java:57)
                        	at sun.reflect.DelegatingConstructorAccessorImpl.newInstance(DelegatingConstructorAccessorImpl.java:45)
                        	at java.lang.reflect.Constructor.newInstance(Constructor.java:526)
                        	at org.openqa.selenium.remote.ErrorHandler.createThrowable(ErrorHandler.java:204)
                        	at org.openqa.selenium.remote.ErrorHandler.throwIfResponseFailed(ErrorHandler.java:156)
                        	at org.openqa.selenium.remote.RemoteWebDriver.execute(RemoteWebDriver.java:599)
                        	at org.openqa.selenium.remote.RemoteWebDriver.findElement(RemoteWebDriver.java:352)
                        	at org.openqa.selenium.remote.RemoteWebDriver.findElementByClassName(RemoteWebDriver.java:433)
                        	at org.openqa.selenium.By$ByClassName.findElement(By.java:387)
                        	at org.openqa.selenium.remote.RemoteWebDriver.findElement(RemoteWebDriver.java:344)
                        	at com.qtpselenium.Login_Suite.NewCustomerRegistration.combine_alert_submit(NewCustomerRegistration.java:234)
                        	at com.qtpselenium.Login_Suite.NewCustomerRegistration.testCaseA2(NewCustomerRegistration.java:149)
                        	at sun.reflect.NativeMethodAccessorImpl.invoke0(Native Method)
                        	at sun.reflect.NativeMethodAccessorImpl.invoke(NativeMethodAccessorImpl.java:57)
                        	at sun.reflect.DelegatingMethodAccessorImpl.invoke(DelegatingMethodAccessorImpl.java:43)
                        	at java.lang.reflect.Method.invoke(Method.java:606)
                        	at org.testng.internal.MethodInvocationHelper.invokeMethod(MethodInvocationHelper.java:84)
                        	at org.testng.internal.Invoker.invokeMethod(Invoker.java:714)
                        	at org.testng.internal.Invoker.invokeTestMethod(Invoker.java:901)
                        	at org.testng.internal.Invoker.invokeTestMethods(Invoker.java:1231)
                        	at org.testng.internal.TestMethodWorker.invokeTestMethods(TestMethodWorker.java:127)
                        	at org.testng.internal.TestMethodWorker.run(TestMethodWorker.java:111)
                        	at org.testng.TestRunner.privateRun(TestRunner.java:767)
                        	at org.testng.TestRunner.run(TestRunner.java:617)
                        	at org.testng.SuiteRunner.runTest(SuiteRunner.java:334)
                        	at org.testng.SuiteRunner.runSequentially(SuiteRunner.java:329)
                        	at org.testng.SuiteRunner.privateRun(SuiteRunner.java:291)
                        	at org.testng.SuiteRunner.run(SuiteRunner.java:240)
                        	at org.testng.SuiteRunnerWorker.runSuite(SuiteRunnerWorker.java:52)
                        	at org.testng.SuiteRunnerWorker.run(SuiteRunnerWorker.java:86)
                        	at org.testng.TestNG.runSuitesSequentially(TestNG.java:1224)
                        	at org.testng.TestNG.runSuitesSequentially(TestNG.java:1220)
                        	at org.testng.TestNG.runSuitesLocally(TestNG.java:1149)
                        	at org.testng.TestNG.run(TestNG.java:1057)
                        	at org.testng.TestNG.privateMain(TestNG.java:1364)
                        	at org.testng.TestNG.main(TestNG.java:1333)
                        nnFailure 2 of 3:norg.openqa.selenium.NoSuchElementException: no such element
                        (Session info: chrome=46.0.2490.71)
                        (Driver info: chromedriver=2.6.232923,platform=Windows NT 6.1 SP1 x86_64) (WARNING: The server did not provide any stacktrace
                        information)
                        Command duration or timeout: 10.03 seconds
                        For documentation on this error, please visit: http://seleniumhq.org/exceptions/no_such_element.html
                        Build info: version: '2.44.0', revision: '76d78cf', time: '2014-10-23 20:03:00'
                        System info: host: 'ATLANTISPC-274', ip: '10.210.16.27', os.name: 'Windows 7', os.arch: 'amd64', os.version: '6.1', java.version:
                        '1.7.0_79'
                        Session ID: f9f8bb1b5c5632383c7b314f3cccfa7e
                        Driver info: org.openqa.selenium.chrome.ChromeDriver
                        Capabilities [{platform=XP, acceptSslCerts=true, javascriptEnabled=true, browserName=chrome, chrome={userDataDir=C:\Users\aakarg\AppData\Local\Temp\scoped_dir5008_23061},
                        rotatable=false, locationContextEnabled=true, version=46.0.2490.71, takesHeapSnapshot=true, cssSelectorsEnabled=true, databaseEnabled=false,
                        handlesAlerts=true, browserConnectionEnabled=false, webStorageEnabled=true, nativeEvents=true, applicationCacheEnabled=false,
                        takesScreenshot=true}]
                        	at sun.reflect.NativeConstructorAccessorImpl.newInstance0(Native Method)
                        	at sun.reflect.NativeConstructorAccessorImpl.newInstance(NativeConstructorAccessorImpl.java:57)
                        	at sun.reflect.DelegatingConstructorAccessorImpl.newInstance(DelegatingConstructorAccessorImpl.java:45)
                        	at java.lang.reflect.Constructor.newInstance(Constructor.java:526)
                        	at org.openqa.selenium.remote.ErrorHandler.createThrowable(ErrorHandler.java:204)
                        	at org.openqa.selenium.remote.ErrorHandler.throwIfResponseFailed(ErrorHandler.java:156)
                        	at org.openqa.selenium.remote.RemoteWebDriver.execute(RemoteWebDriver.java:599)
                        	at org.openqa.selenium.remote.RemoteWebDriver.findElement(RemoteWebDriver.java:352)
                        	at org.openqa.selenium.remote.RemoteWebDriver.findElementByXPath(RemoteWebDriver.java:449)
                        	at org.openqa.selenium.By$ByXPath.findElement(By.java:357)
                        	at org.openqa.selenium.remote.RemoteWebDriver.findElement(RemoteWebDriver.java:344)
                        	at com.qtpselenium.Login_Suite.NewCustomerRegistration.testCaseA2(NewCustomerRegistration.java:159)
                        	at sun.reflect.NativeMethodAccessorImpl.invoke0(Native Method)
                        	at sun.reflect.NativeMethodAccessorImpl.invoke(NativeMethodAccessorImpl.java:57)
                        	at sun.reflect.DelegatingMethodAccessorImpl.invoke(DelegatingMethodAccessorImpl.java:43)
                        	at java.lang.reflect.Method.invoke(Method.java:606)
                        	at org.testng.internal.MethodInvocationHelper.invokeMethod(MethodInvocationHelper.java:84)
                        	at org.testng.internal.Invoker.invokeMethod(Invoker.java:714)
                        	at org.testng.internal.Invoker.invokeTestMethod(Invoker.java:901)
                        	at org.testng.internal.Invoker.invokeTestMethods(Invoker.java:1231)
                        	at org.testng.internal.TestMethodWorker.invokeTestMethods(TestMethodWorker.java:127)
                        	at org.testng.internal.TestMethodWorker.run(TestMethodWorker.java:111)
                        	at org.testng.TestRunner.privateRun(TestRunner.java:767)
                        	at org.testng.TestRunner.run(TestRunner.java:617)
                        	at org.testng.SuiteRunner.runTest(SuiteRunner.java:334)
                        	at org.testng.SuiteRunner.runSequentially(SuiteRunner.java:329)
                        	at org.testng.SuiteRunner.privateRun(SuiteRunner.java:291)
                        	at org.testng.SuiteRunner.run(SuiteRunner.java:240)
                        	at org.testng.SuiteRunnerWorker.runSuite(SuiteRunnerWorker.java:52)
                        	at org.testng.SuiteRunnerWorker.run(SuiteRunnerWorker.java:86)
                        	at org.testng.TestNG.runSuitesSequentially(TestNG.java:1224)
                        	at org.testng.TestNG.runSuitesSequentially(TestNG.java:1220)
                        	at org.testng.TestNG.runSuitesLocally(TestNG.java:1149)
                        	at org.testng.TestNG.run(TestNG.java:1057)
                        	at org.testng.TestNG.privateMain(TestNG.java:1364)
                        	at org.testng.TestNG.main(TestNG.java:1333)
                        nnFailure 3 of 3:njava.lang.NullPointerException
                        	at com.qtpselenium.Login_Suite.NewCustomerRegistration.testCaseA2(NewCustomerRegistration.java:210)
                        	at sun.reflect.NativeMethodAccessorImpl.invoke0(Native Method)
                        	at sun.reflect.NativeMethodAccessorImpl.invoke(NativeMethodAccessorImpl.java:57)
                        	at sun.reflect.DelegatingMethodAccessorImpl.invoke(DelegatingMethodAccessorImpl.java:43)
                        	at java.lang.reflect.Method.invoke(Method.java:606)
                        	at org.testng.internal.MethodInvocationHelper.invokeMethod(MethodInvocationHelper.java:84)
                        	at org.testng.internal.Invoker.invokeMethod(Invoker.java:714)
                        	at org.testng.internal.Invoker.invokeTestMethod(Invoker.java:901)
                        	at org.testng.internal.Invoker.invokeTestMethods(Invoker.java:1231)
                        	at org.testng.internal.TestMethodWorker.invokeTestMethods(TestMethodWorker.java:127)
                        	at org.testng.internal.TestMethodWorker.run(TestMethodWorker.java:111)
                        	at org.testng.TestRunner.privateRun(TestRunner.java:767)
                        	at org.testng.TestRunner.run(TestRunner.java:617)
                        	at org.testng.SuiteRunner.runTest(SuiteRunner.java:334)
                        	at org.testng.SuiteRunner.runSequentially(SuiteRunner.java:329)
                        	at org.testng.SuiteRunner.privateRun(SuiteRunner.java:291)
                        	at org.testng.SuiteRunner.run(SuiteRunner.java:240)
                        	at org.testng.SuiteRunnerWorker.runSuite(SuiteRunnerWorker.java:52)
                        	at org.testng.SuiteRunnerWorker.run(SuiteRunnerWorker.java:86)
                        	at org.testng.TestNG.runSuitesSequentially(TestNG.java:1224)
                        	at org.testng.TestNG.runSuitesSequentially(TestNG.java:1220)
                        	at org.testng.TestNG.runSuitesLocally(TestNG.java:1149)
                        	at org.testng.TestNG.run(TestNG.java:1057)
                        	at org.testng.TestNG.privateMain(TestNG.java:1364)
                        	at org.testng.TestNG.main(TestNG.java:1333)
                     </pre>
                  </div>
               </td>
            </tr>
            <tr id="com.qtpselenium.Login_Suite.NewCustomerRegistration_testCaseA2_byStatus_failed_FAIL2_row"
                class="testMethodStatusFAIL">
               <td width="100%" class="firstMethodCell">
                  <a onclick="toggleDetailsVisibility('com.qtpselenium.Login_Suite.NewCustomerRegistration_testCaseA2_byStatus_failed_FAIL2_details')">testCaseA2(Miss.
                     
                     ,
                     
                     Patel
                     
                     ,
                     
                     Nafeesa
                     
                     ,
                     
                     02/02/1990
                     
                     ,
                     
                     F
                     
                     ,
                     
                     9.87250364E9)
                  </a>
               </td>
               <td nowrap="true">01:47:10</td>
               <td nowrap="true" align="right">1m
                  14s
                  
               </td>
               <td nowrap="true">
                  <a onclick="toggleDetailsVisibility('com.qtpselenium.Login_Suite.NewCustomerRegistration_testCaseA2_byStatus_failed_FAIL2_exception')">java.lang.Throwable: 
                     Multiple failures (3):nnFailure 1 of 3:norg.openqa.selenium.NoSuchElementException: no such element
                     (Session info: chrome=46.0.2490.71)
                     (Driver info: chromedriver=2.6.232923,platform=Windows NT 6.1 SP1 x86_64) (WARNING: The server did not provide any stacktrace
                     information)
                     Command duration or timeout: 10.03 seconds
                     For documentation on this error, please visit: http://seleniumhq.org/exceptions/no_such_element.html
                     Build info: version: '2.44.0', revision: '76d78cf', time: '2014-10-23 20:03:00'
                     System info: host: 'ATLANTISPC-274', ip: '10.210.16.27', os.name: 'Windows 7', os.arch: 'amd64', os.version: '6.1', java.version:
                     '1.7.0_79'
                     Session ID: f9f8bb1b5c5632383c7b314f3cccfa7e
                     Driver info: org.openqa.selenium.chrome.ChromeDriver
                     Capabilities [{platform=XP, acceptSslCerts=true, javascriptEnabled=true, browserName=chrome, chrome={userDataDir=C:\Users\aakarg\AppData\Local\Temp\scoped_dir5008_23061},
                     rotatable=false, locationContextEnabled=true, version=46.0.2490.71, takesHeapSnapshot=true, cssSelectorsEnabled=true, databaseEnabled=false,
                     handlesAlerts=true, browserConnectionEnabled=false, webStorageEnabled=true, nativeEvents=true, applicationCacheEnabled=false,
                     takesScreenshot=true}]
                     	at sun.reflect.NativeConstructorAccessorImpl.newInstance0(Native Method)
                     	at sun.reflect.NativeConstructorAccessorImpl.newInstance(NativeConstructorAccessorImpl.java:57)
                     	at sun.reflect.DelegatingConstructorAccessorImpl.newInstance(DelegatingConstructorAccessorImpl.java:45)
                     	at java.lang.reflect.Constructor.newInstance(Constructor.java:526)
                     	at org.openqa.selenium.remote.ErrorHandler.createThrowable(ErrorHandler.java:204)
                     	at org.openqa.selenium.remote.ErrorHandler.throwIfResponseFailed(ErrorHandler.java:156)
                     	at org.openqa.selenium.remote.RemoteWebDriver.execute(RemoteWebDriver.java:599)
                     	at org.openqa.selenium.remote.RemoteWebDriver.findElement(RemoteWebDriver.java:352)
                     	at org.openqa.selenium.remote.RemoteWebDriver.findElementByClassName(RemoteWebDriver.java:433)
                     	at org.openqa.selenium.By$ByClassName.findElement(By.java:387)
                     	at org.openqa.selenium.remote.RemoteWebDriver.findElement(RemoteWebDriver.java:344)
                     	at com.qtpselenium.Login_Suite.NewCustomerRegistration.combine_alert_submit(NewCustomerRegistration.java:234)
                     	at com.qtpselenium.Login_Suite.NewCustomerRegistration.testCaseA2(NewCustomerRegistration.java:149)
                     	at sun.reflect.NativeMethodAccessorImpl.invoke0(Native Method)
                     	at sun.reflect.NativeMethodAccessorImpl.invoke(NativeMethodAccessorImpl.java:57)
                     	at sun.reflect.DelegatingMethodAccessorImpl.invoke(DelegatingMethodAccessorImpl.java:43)
                     	at java.lang.reflect.Method.invoke(Method.java:606)
                     	at org.testng.internal.MethodInvocationHelper.invokeMethod(MethodInvocationHelper.java:84)
                     	at org.testng.internal.Invoker.invokeMethod(Invoker.java:714)
                     	at org.testng.internal.Invoker.invokeTestMethod(Invoker.java:901)
                     	at org.testng.internal.Invoker.invokeTestMethods(Invoker.java:1231)
                     	at org.testng.internal.TestMethodWorker.invokeTestMethods(TestMethodWorker.java:127)
                     	at org.testng.internal.TestMethodWorker.run(TestMethodWorker.java:111)
                     	at org.testng.TestRunner.privateRun(TestRunner.java:767)
                     	at org.testng.TestRunner.run(TestRunner.java:617)
                     	at org.testng.SuiteRunner.runTest(SuiteRunner.java:334)
                     	at org.testng.SuiteRunner.runSequentially(SuiteRunner.java:329)
                     	at org.testng.SuiteRunner.privateRun(SuiteRunner.java:291)
                     	at org.testng.SuiteRunner.run(SuiteRunner.java:240)
                     	at org.testng.SuiteRunnerWorker.runSuite(SuiteRunnerWorker.java:52)
                     	at org.testng.SuiteRunnerWorker.run(SuiteRunnerWorker.java:86)
                     	at org.testng.TestNG.runSuitesSequentially(TestNG.java:1224)
                     	at org.testng.TestNG.runSuitesSequentially(TestNG.java:1220)
                     	at org.testng.TestNG.runSuitesLocally(TestNG.java:1149)
                     	at org.testng.TestNG.run(TestNG.java:1057)
                     	at org.testng.TestNG.privateMain(TestNG.java:1364)
                     	at org.testng.TestNG.main(TestNG.java:1333)
                     nnFailure 2 of 3:norg.openqa.selenium.NoSuchElementException: no such element
                     (Session info: chrome=46.0.2490.71)
                     (Driver info: chromedriver=2.6.232923,platform=Windows NT 6.1 SP1 x86_64) (WARNING: The server did not provide any stacktrace
                     information)
                     Command duration or timeout: 10.04 seconds
                     For documentation on this error, please visit: http://seleniumhq.org/exceptions/no_such_element.html
                     Build info: version: '2.44.0', revision: '76d78cf', time: '2014-10-23 20:03:00'
                     System info: host: 'ATLANTISPC-274', ip: '10.210.16.27', os.name: 'Windows 7', os.arch: 'amd64', os.version: '6.1', java.version:
                     '1.7.0_79'
                     Session ID: f9f8bb1b5c5632383c7b314f3cccfa7e
                     Driver info: org.openqa.selenium.chrome.ChromeDriver
                     Capabilities [{platform=XP, acceptSslCerts=true, javascriptEnabled=true, browserName=chrome, chrome={userDataDir=C:\Users\aakarg\AppData\Local\Temp\scoped_dir5008_23061},
                     rotatable=false, locationContextEnabled=true, version=46.0.2490.71, takesHeapSnapshot=true, cssSelectorsEnabled=true, databaseEnabled=false,
                     handlesAlerts=true, browserConnectionEnabled=false, webStorageEnabled=true, nativeEvents=true, applicationCacheEnabled=false,
                     takesScreenshot=true}]
                     	at sun.reflect.NativeConstructorAccessorImpl.newInstance0(Native Method)
                     	at sun.reflect.NativeConstructorAccessorImpl.newInstance(NativeConstructorAccessorImpl.java:57)
                     	at sun.reflect.DelegatingConstructorAccessorImpl.newInstance(DelegatingConstructorAccessorImpl.java:45)
                     	at java.lang.reflect.Constructor.newInstance(Constructor.java:526)
                     	at org.openqa.selenium.remote.ErrorHandler.createThrowable(ErrorHandler.java:204)
                     	at org.openqa.selenium.remote.ErrorHandler.throwIfResponseFailed(ErrorHandler.java:156)
                     	at org.openqa.selenium.remote.RemoteWebDriver.execute(RemoteWebDriver.java:599)
                     	at org.openqa.selenium.remote.RemoteWebDriver.findElement(RemoteWebDriver.java:352)
                     	at org.openqa.selenium.remote.RemoteWebDriver.findElementByXPath(RemoteWebDriver.java:449)
                     	at org.openqa.selenium.By$ByXPath.findElement(By.java:357)
                     	at org.openqa.selenium.remote.RemoteWebDriver.findElement(RemoteWebDriver.java:344)
                     	at com.qtpselenium.Login_Suite.NewCustomerRegistration.testCaseA2(NewCustomerRegistration.java:159)
                     	at sun.reflect.NativeMethodAccessorImpl.invoke0(Native Method)
                     	at sun.reflect.NativeMethodAccessorImpl.invoke(NativeMethodAccessorImpl.java:57)
                     	at sun.reflect.DelegatingMethodAccessorImpl.invoke(DelegatingMethodAccessorImpl.java:43)
                     	at java.lang.reflect.Method.invoke(Method.java:606)
                     	at org.testng.internal.MethodInvocationHelper.invokeMethod(MethodInvocationHelper.java:84)
                     	at org.testng.internal.Invoker.invokeMethod(Invoker.java:714)
                     	at org.testng.internal.Invoker.invokeTestMethod(Invoker.java:901)
                     	at org.testng.internal.Invoker.invokeTestMethods(Invoker.java:1231)
                     	at org.testng.internal.TestMethodWorker.invokeTestMethods(TestMethodWorker.java:127)
                     	at org.testng.internal.TestMethodWorker.run(TestMethodWorker.java:111)
                     	at org.testng.TestRunner.privateRun(TestRunner.java:767)
                     	at org.testng.TestRunner.run(TestRunner.java:617)
                     	at org.testng.SuiteRunner.runTest(SuiteRunner.java:334)
                     	at org.testng.SuiteRunner.runSequentially(SuiteRunner.java:329)
                     	at org.testng.SuiteRunner.privateRun(SuiteRunner.java:291)
                     	at org.testng.SuiteRunner.run(SuiteRunner.java:240)
                     	at org.testng.SuiteRunnerWorker.runSuite(SuiteRunnerWorker.java:52)
                     	at org.testng.SuiteRunnerWorker.run(SuiteRunnerWorker.java:86)
                     	at org.testng.TestNG.runSuitesSequentially(TestNG.java:1224)
                     	at org.testng.TestNG.runSuitesSequentially(TestNG.java:1220)
                     	at org.testng.TestNG.runSuitesLocally(TestNG.java:1149)
                     	at org.testng.TestNG.run(TestNG.java:1057)
                     	at org.testng.TestNG.privateMain(TestNG.java:1364)
                     	at org.testng.TestNG.main(TestNG.java:1333)
                     nnFailure 3 of 3:njava.lang.NullPointerException
                     
                  </a>
                   
                  
               </td>
            </tr>
            <tr>
               <td colspan="4" class="detailsBox">
                  <div id="com.qtpselenium.Login_Suite.NewCustomerRegistration_testCaseA2_byStatus_failed_FAIL2_details"
                       class="testMethodDetails">
                     <div>
                        <b>Name: </b>testCaseA2
                     </div>
                     <div>
                        <b>Signature: </b>testCaseA2(java.lang.String, java.lang.String, java.lang.String, java.lang.String, java.lang.String, java.lang.String)[pri:0,
                        instance:com.qtpselenium.Login_Suite.NewCustomerRegistration@6ae006d8]
                     </div>
                     <div>
                        <b>Parameters: </b>
                        
                        Miss.
                        
                        ,
                        
                        Patel
                        
                        ,
                        
                        Nafeesa
                        
                        ,
                        
                        02/02/1990
                        
                        ,
                        
                        F
                        
                        ,
                        
                        9.87250364E9
                        
                        
                     </div>
                     <div>
                        <b>Start time: </b>01:47:10
                     </div>
                     <div>
                        <b>End time: </b>01:48:24
                     </div>
                     <div>
                        <b>Duration: </b>1m
                        14s
                        
                     </div>
                  </div>
               </td>
            </tr>
            <tr>
               <td colspan="4" class="detailsBox">
                  <div id="com.qtpselenium.Login_Suite.NewCustomerRegistration_testCaseA2_byStatus_failed_FAIL2_exception"
                       class="testMethodDetails">
                     <pre style="padding: 5px; margin: 0;">java.lang.Throwable: Multiple failures (3):nnFailure 1 of 3:norg.openqa.selenium.NoSuchElementException: no such element
                        (Session info: chrome=46.0.2490.71)
                        (Driver info: chromedriver=2.6.232923,platform=Windows NT 6.1 SP1 x86_64) (WARNING: The server did not provide any stacktrace
                        information)
                        Command duration or timeout: 10.03 seconds
                        For documentation on this error, please visit: http://seleniumhq.org/exceptions/no_such_element.html
                        Build info: version: '2.44.0', revision: '76d78cf', time: '2014-10-23 20:03:00'
                        System info: host: 'ATLANTISPC-274', ip: '10.210.16.27', os.name: 'Windows 7', os.arch: 'amd64', os.version: '6.1', java.version:
                        '1.7.0_79'
                        Session ID: f9f8bb1b5c5632383c7b314f3cccfa7e
                        Driver info: org.openqa.selenium.chrome.ChromeDriver
                        Capabilities [{platform=XP, acceptSslCerts=true, javascriptEnabled=true, browserName=chrome, chrome={userDataDir=C:\Users\aakarg\AppData\Local\Temp\scoped_dir5008_23061},
                        rotatable=false, locationContextEnabled=true, version=46.0.2490.71, takesHeapSnapshot=true, cssSelectorsEnabled=true, databaseEnabled=false,
                        handlesAlerts=true, browserConnectionEnabled=false, webStorageEnabled=true, nativeEvents=true, applicationCacheEnabled=false,
                        takesScreenshot=true}]
                        	at sun.reflect.NativeConstructorAccessorImpl.newInstance0(Native Method)
                        	at sun.reflect.NativeConstructorAccessorImpl.newInstance(NativeConstructorAccessorImpl.java:57)
                        	at sun.reflect.DelegatingConstructorAccessorImpl.newInstance(DelegatingConstructorAccessorImpl.java:45)
                        	at java.lang.reflect.Constructor.newInstance(Constructor.java:526)
                        	at org.openqa.selenium.remote.ErrorHandler.createThrowable(ErrorHandler.java:204)
                        	at org.openqa.selenium.remote.ErrorHandler.throwIfResponseFailed(ErrorHandler.java:156)
                        	at org.openqa.selenium.remote.RemoteWebDriver.execute(RemoteWebDriver.java:599)
                        	at org.openqa.selenium.remote.RemoteWebDriver.findElement(RemoteWebDriver.java:352)
                        	at org.openqa.selenium.remote.RemoteWebDriver.findElementByClassName(RemoteWebDriver.java:433)
                        	at org.openqa.selenium.By$ByClassName.findElement(By.java:387)
                        	at org.openqa.selenium.remote.RemoteWebDriver.findElement(RemoteWebDriver.java:344)
                        	at com.qtpselenium.Login_Suite.NewCustomerRegistration.combine_alert_submit(NewCustomerRegistration.java:234)
                        	at com.qtpselenium.Login_Suite.NewCustomerRegistration.testCaseA2(NewCustomerRegistration.java:149)
                        	at sun.reflect.NativeMethodAccessorImpl.invoke0(Native Method)
                        	at sun.reflect.NativeMethodAccessorImpl.invoke(NativeMethodAccessorImpl.java:57)
                        	at sun.reflect.DelegatingMethodAccessorImpl.invoke(DelegatingMethodAccessorImpl.java:43)
                        	at java.lang.reflect.Method.invoke(Method.java:606)
                        	at org.testng.internal.MethodInvocationHelper.invokeMethod(MethodInvocationHelper.java:84)
                        	at org.testng.internal.Invoker.invokeMethod(Invoker.java:714)
                        	at org.testng.internal.Invoker.invokeTestMethod(Invoker.java:901)
                        	at org.testng.internal.Invoker.invokeTestMethods(Invoker.java:1231)
                        	at org.testng.internal.TestMethodWorker.invokeTestMethods(TestMethodWorker.java:127)
                        	at org.testng.internal.TestMethodWorker.run(TestMethodWorker.java:111)
                        	at org.testng.TestRunner.privateRun(TestRunner.java:767)
                        	at org.testng.TestRunner.run(TestRunner.java:617)
                        	at org.testng.SuiteRunner.runTest(SuiteRunner.java:334)
                        	at org.testng.SuiteRunner.runSequentially(SuiteRunner.java:329)
                        	at org.testng.SuiteRunner.privateRun(SuiteRunner.java:291)
                        	at org.testng.SuiteRunner.run(SuiteRunner.java:240)
                        	at org.testng.SuiteRunnerWorker.runSuite(SuiteRunnerWorker.java:52)
                        	at org.testng.SuiteRunnerWorker.run(SuiteRunnerWorker.java:86)
                        	at org.testng.TestNG.runSuitesSequentially(TestNG.java:1224)
                        	at org.testng.TestNG.runSuitesSequentially(TestNG.java:1220)
                        	at org.testng.TestNG.runSuitesLocally(TestNG.java:1149)
                        	at org.testng.TestNG.run(TestNG.java:1057)
                        	at org.testng.TestNG.privateMain(TestNG.java:1364)
                        	at org.testng.TestNG.main(TestNG.java:1333)
                        nnFailure 2 of 3:norg.openqa.selenium.NoSuchElementException: no such element
                        (Session info: chrome=46.0.2490.71)
                        (Driver info: chromedriver=2.6.232923,platform=Windows NT 6.1 SP1 x86_64) (WARNING: The server did not provide any stacktrace
                        information)
                        Command duration or timeout: 10.04 seconds
                        For documentation on this error, please visit: http://seleniumhq.org/exceptions/no_such_element.html
                        Build info: version: '2.44.0', revision: '76d78cf', time: '2014-10-23 20:03:00'
                        System info: host: 'ATLANTISPC-274', ip: '10.210.16.27', os.name: 'Windows 7', os.arch: 'amd64', os.version: '6.1', java.version:
                        '1.7.0_79'
                        Session ID: f9f8bb1b5c5632383c7b314f3cccfa7e
                        Driver info: org.openqa.selenium.chrome.ChromeDriver
                        Capabilities [{platform=XP, acceptSslCerts=true, javascriptEnabled=true, browserName=chrome, chrome={userDataDir=C:\Users\aakarg\AppData\Local\Temp\scoped_dir5008_23061},
                        rotatable=false, locationContextEnabled=true, version=46.0.2490.71, takesHeapSnapshot=true, cssSelectorsEnabled=true, databaseEnabled=false,
                        handlesAlerts=true, browserConnectionEnabled=false, webStorageEnabled=true, nativeEvents=true, applicationCacheEnabled=false,
                        takesScreenshot=true}]
                        	at sun.reflect.NativeConstructorAccessorImpl.newInstance0(Native Method)
                        	at sun.reflect.NativeConstructorAccessorImpl.newInstance(NativeConstructorAccessorImpl.java:57)
                        	at sun.reflect.DelegatingConstructorAccessorImpl.newInstance(DelegatingConstructorAccessorImpl.java:45)
                        	at java.lang.reflect.Constructor.newInstance(Constructor.java:526)
                        	at org.openqa.selenium.remote.ErrorHandler.createThrowable(ErrorHandler.java:204)
                        	at org.openqa.selenium.remote.ErrorHandler.throwIfResponseFailed(ErrorHandler.java:156)
                        	at org.openqa.selenium.remote.RemoteWebDriver.execute(RemoteWebDriver.java:599)
                        	at org.openqa.selenium.remote.RemoteWebDriver.findElement(RemoteWebDriver.java:352)
                        	at org.openqa.selenium.remote.RemoteWebDriver.findElementByXPath(RemoteWebDriver.java:449)
                        	at org.openqa.selenium.By$ByXPath.findElement(By.java:357)
                        	at org.openqa.selenium.remote.RemoteWebDriver.findElement(RemoteWebDriver.java:344)
                        	at com.qtpselenium.Login_Suite.NewCustomerRegistration.testCaseA2(NewCustomerRegistration.java:159)
                        	at sun.reflect.NativeMethodAccessorImpl.invoke0(Native Method)
                        	at sun.reflect.NativeMethodAccessorImpl.invoke(NativeMethodAccessorImpl.java:57)
                        	at sun.reflect.DelegatingMethodAccessorImpl.invoke(DelegatingMethodAccessorImpl.java:43)
                        	at java.lang.reflect.Method.invoke(Method.java:606)
                        	at org.testng.internal.MethodInvocationHelper.invokeMethod(MethodInvocationHelper.java:84)
                        	at org.testng.internal.Invoker.invokeMethod(Invoker.java:714)
                        	at org.testng.internal.Invoker.invokeTestMethod(Invoker.java:901)
                        	at org.testng.internal.Invoker.invokeTestMethods(Invoker.java:1231)
                        	at org.testng.internal.TestMethodWorker.invokeTestMethods(TestMethodWorker.java:127)
                        	at org.testng.internal.TestMethodWorker.run(TestMethodWorker.java:111)
                        	at org.testng.TestRunner.privateRun(TestRunner.java:767)
                        	at org.testng.TestRunner.run(TestRunner.java:617)
                        	at org.testng.SuiteRunner.runTest(SuiteRunner.java:334)
                        	at org.testng.SuiteRunner.runSequentially(SuiteRunner.java:329)
                        	at org.testng.SuiteRunner.privateRun(SuiteRunner.java:291)
                        	at org.testng.SuiteRunner.run(SuiteRunner.java:240)
                        	at org.testng.SuiteRunnerWorker.runSuite(SuiteRunnerWorker.java:52)
                        	at org.testng.SuiteRunnerWorker.run(SuiteRunnerWorker.java:86)
                        	at org.testng.TestNG.runSuitesSequentially(TestNG.java:1224)
                        	at org.testng.TestNG.runSuitesSequentially(TestNG.java:1220)
                        	at org.testng.TestNG.runSuitesLocally(TestNG.java:1149)
                        	at org.testng.TestNG.run(TestNG.java:1057)
                        	at org.testng.TestNG.privateMain(TestNG.java:1364)
                        	at org.testng.TestNG.main(TestNG.java:1333)
                        nnFailure 3 of 3:njava.lang.NullPointerException
                        	at com.qtpselenium.Login_Suite.NewCustomerRegistration.testCaseA2(NewCustomerRegistration.java:210)
                        	at sun.reflect.NativeMethodAccessorImpl.invoke0(Native Method)
                        	at sun.reflect.NativeMethodAccessorImpl.invoke(NativeMethodAccessorImpl.java:57)
                        	at sun.reflect.DelegatingMethodAccessorImpl.invoke(DelegatingMethodAccessorImpl.java:43)
                        	at java.lang.reflect.Method.invoke(Method.java:606)
                        	at org.testng.internal.MethodInvocationHelper.invokeMethod(MethodInvocationHelper.java:84)
                        	at org.testng.internal.Invoker.invokeMethod(Invoker.java:714)
                        	at org.testng.internal.Invoker.invokeTestMethod(Invoker.java:901)
                        	at org.testng.internal.Invoker.invokeTestMethods(Invoker.java:1231)
                        	at org.testng.internal.TestMethodWorker.invokeTestMethods(TestMethodWorker.java:127)
                        	at org.testng.internal.TestMethodWorker.run(TestMethodWorker.java:111)
                        	at org.testng.TestRunner.privateRun(TestRunner.java:767)
                        	at org.testng.TestRunner.run(TestRunner.java:617)
                        	at org.testng.SuiteRunner.runTest(SuiteRunner.java:334)
                        	at org.testng.SuiteRunner.runSequentially(SuiteRunner.java:329)
                        	at org.testng.SuiteRunner.privateRun(SuiteRunner.java:291)
                        	at org.testng.SuiteRunner.run(SuiteRunner.java:240)
                        	at org.testng.SuiteRunnerWorker.runSuite(SuiteRunnerWorker.java:52)
                        	at org.testng.SuiteRunnerWorker.run(SuiteRunnerWorker.java:86)
                        	at org.testng.TestNG.runSuitesSequentially(TestNG.java:1224)
                        	at org.testng.TestNG.runSuitesSequentially(TestNG.java:1220)
                        	at org.testng.TestNG.runSuitesLocally(TestNG.java:1149)
                        	at org.testng.TestNG.run(TestNG.java:1057)
                        	at org.testng.TestNG.privateMain(TestNG.java:1364)
                        	at org.testng.TestNG.main(TestNG.java:1333)
                     </pre>
                  </div>
               </td>
            </tr>
            <tr id="com.qtpselenium.Login_Suite.NewCustomerRegistration_testCaseA2_byStatus_failed_FAIL3_row"
                class="testMethodStatusFAIL">
               <td width="100%" class="firstMethodCell">
                  <a onclick="toggleDetailsVisibility('com.qtpselenium.Login_Suite.NewCustomerRegistration_testCaseA2_byStatus_failed_FAIL3_details')">testCaseA2(Sir
                     
                     ,
                     
                     Pathan
                     
                     ,
                     
                     Yusuf
                     
                     ,
                     
                     10/08/2001
                     
                     ,
                     
                     F
                     
                     ,
                     
                     1.2365498705E10)
                  </a>
               </td>
               <td nowrap="true">01:50:02</td>
               <td nowrap="true" align="right">1m
                  13s
                  
               </td>
               <td nowrap="true">
                  <a onclick="toggleDetailsVisibility('com.qtpselenium.Login_Suite.NewCustomerRegistration_testCaseA2_byStatus_failed_FAIL3_exception')">java.lang.Throwable: 
                     Multiple failures (3):nnFailure 1 of 3:norg.openqa.selenium.NoSuchElementException: no such element
                     (Session info: chrome=46.0.2490.71)
                     (Driver info: chromedriver=2.6.232923,platform=Windows NT 6.1 SP1 x86_64) (WARNING: The server did not provide any stacktrace
                     information)
                     Command duration or timeout: 10.05 seconds
                     For documentation on this error, please visit: http://seleniumhq.org/exceptions/no_such_element.html
                     Build info: version: '2.44.0', revision: '76d78cf', time: '2014-10-23 20:03:00'
                     System info: host: 'ATLANTISPC-274', ip: '10.210.16.27', os.name: 'Windows 7', os.arch: 'amd64', os.version: '6.1', java.version:
                     '1.7.0_79'
                     Session ID: f9f8bb1b5c5632383c7b314f3cccfa7e
                     Driver info: org.openqa.selenium.chrome.ChromeDriver
                     Capabilities [{platform=XP, acceptSslCerts=true, javascriptEnabled=true, browserName=chrome, chrome={userDataDir=C:\Users\aakarg\AppData\Local\Temp\scoped_dir5008_23061},
                     rotatable=false, locationContextEnabled=true, version=46.0.2490.71, takesHeapSnapshot=true, cssSelectorsEnabled=true, databaseEnabled=false,
                     handlesAlerts=true, browserConnectionEnabled=false, webStorageEnabled=true, nativeEvents=true, applicationCacheEnabled=false,
                     takesScreenshot=true}]
                     	at sun.reflect.NativeConstructorAccessorImpl.newInstance0(Native Method)
                     	at sun.reflect.NativeConstructorAccessorImpl.newInstance(NativeConstructorAccessorImpl.java:57)
                     	at sun.reflect.DelegatingConstructorAccessorImpl.newInstance(DelegatingConstructorAccessorImpl.java:45)
                     	at java.lang.reflect.Constructor.newInstance(Constructor.java:526)
                     	at org.openqa.selenium.remote.ErrorHandler.createThrowable(ErrorHandler.java:204)
                     	at org.openqa.selenium.remote.ErrorHandler.throwIfResponseFailed(ErrorHandler.java:156)
                     	at org.openqa.selenium.remote.RemoteWebDriver.execute(RemoteWebDriver.java:599)
                     	at org.openqa.selenium.remote.RemoteWebDriver.findElement(RemoteWebDriver.java:352)
                     	at org.openqa.selenium.remote.RemoteWebDriver.findElementByClassName(RemoteWebDriver.java:433)
                     	at org.openqa.selenium.By$ByClassName.findElement(By.java:387)
                     	at org.openqa.selenium.remote.RemoteWebDriver.findElement(RemoteWebDriver.java:344)
                     	at com.qtpselenium.Login_Suite.NewCustomerRegistration.combine_alert_submit(NewCustomerRegistration.java:234)
                     	at com.qtpselenium.Login_Suite.NewCustomerRegistration.testCaseA2(NewCustomerRegistration.java:149)
                     	at sun.reflect.NativeMethodAccessorImpl.invoke0(Native Method)
                     	at sun.reflect.NativeMethodAccessorImpl.invoke(NativeMethodAccessorImpl.java:57)
                     	at sun.reflect.DelegatingMethodAccessorImpl.invoke(DelegatingMethodAccessorImpl.java:43)
                     	at java.lang.reflect.Method.invoke(Method.java:606)
                     	at org.testng.internal.MethodInvocationHelper.invokeMethod(MethodInvocationHelper.java:84)
                     	at org.testng.internal.Invoker.invokeMethod(Invoker.java:714)
                     	at org.testng.internal.Invoker.invokeTestMethod(Invoker.java:901)
                     	at org.testng.internal.Invoker.invokeTestMethods(Invoker.java:1231)
                     	at org.testng.internal.TestMethodWorker.invokeTestMethods(TestMethodWorker.java:127)
                     	at org.testng.internal.TestMethodWorker.run(TestMethodWorker.java:111)
                     	at org.testng.TestRunner.privateRun(TestRunner.java:767)
                     	at org.testng.TestRunner.run(TestRunner.java:617)
                     	at org.testng.SuiteRunner.runTest(SuiteRunner.java:334)
                     	at org.testng.SuiteRunner.runSequentially(SuiteRunner.java:329)
                     	at org.testng.SuiteRunner.privateRun(SuiteRunner.java:291)
                     	at org.testng.SuiteRunner.run(SuiteRunner.java:240)
                     	at org.testng.SuiteRunnerWorker.runSuite(SuiteRunnerWorker.java:52)
                     	at org.testng.SuiteRunnerWorker.run(SuiteRunnerWorker.java:86)
                     	at org.testng.TestNG.runSuitesSequentially(TestNG.java:1224)
                     	at org.testng.TestNG.runSuitesSequentially(TestNG.java:1220)
                     	at org.testng.TestNG.runSuitesLocally(TestNG.java:1149)
                     	at org.testng.TestNG.run(TestNG.java:1057)
                     	at org.testng.TestNG.privateMain(TestNG.java:1364)
                     	at org.testng.TestNG.main(TestNG.java:1333)
                     nnFailure 2 of 3:norg.openqa.selenium.NoSuchElementException: no such element
                     (Session info: chrome=46.0.2490.71)
                     (Driver info: chromedriver=2.6.232923,platform=Windows NT 6.1 SP1 x86_64) (WARNING: The server did not provide any stacktrace
                     information)
                     Command duration or timeout: 10.05 seconds
                     For documentation on this error, please visit: http://seleniumhq.org/exceptions/no_such_element.html
                     Build info: version: '2.44.0', revision: '76d78cf', time: '2014-10-23 20:03:00'
                     System info: host: 'ATLANTISPC-274', ip: '10.210.16.27', os.name: 'Windows 7', os.arch: 'amd64', os.version: '6.1', java.version:
                     '1.7.0_79'
                     Session ID: f9f8bb1b5c5632383c7b314f3cccfa7e
                     Driver info: org.openqa.selenium.chrome.ChromeDriver
                     Capabilities [{platform=XP, acceptSslCerts=true, javascriptEnabled=true, browserName=chrome, chrome={userDataDir=C:\Users\aakarg\AppData\Local\Temp\scoped_dir5008_23061},
                     rotatable=false, locationContextEnabled=true, version=46.0.2490.71, takesHeapSnapshot=true, cssSelectorsEnabled=true, databaseEnabled=false,
                     handlesAlerts=true, browserConnectionEnabled=false, webStorageEnabled=true, nativeEvents=true, applicationCacheEnabled=false,
                     takesScreenshot=true}]
                     	at sun.reflect.NativeConstructorAccessorImpl.newInstance0(Native Method)
                     	at sun.reflect.NativeConstructorAccessorImpl.newInstance(NativeConstructorAccessorImpl.java:57)
                     	at sun.reflect.DelegatingConstructorAccessorImpl.newInstance(DelegatingConstructorAccessorImpl.java:45)
                     	at java.lang.reflect.Constructor.newInstance(Constructor.java:526)
                     	at org.openqa.selenium.remote.ErrorHandler.createThrowable(ErrorHandler.java:204)
                     	at org.openqa.selenium.remote.ErrorHandler.throwIfResponseFailed(ErrorHandler.java:156)
                     	at org.openqa.selenium.remote.RemoteWebDriver.execute(RemoteWebDriver.java:599)
                     	at org.openqa.selenium.remote.RemoteWebDriver.findElement(RemoteWebDriver.java:352)
                     	at org.openqa.selenium.remote.RemoteWebDriver.findElementByXPath(RemoteWebDriver.java:449)
                     	at org.openqa.selenium.By$ByXPath.findElement(By.java:357)
                     	at org.openqa.selenium.remote.RemoteWebDriver.findElement(RemoteWebDriver.java:344)
                     	at com.qtpselenium.Login_Suite.NewCustomerRegistration.testCaseA2(NewCustomerRegistration.java:159)
                     	at sun.reflect.NativeMethodAccessorImpl.invoke0(Native Method)
                     	at sun.reflect.NativeMethodAccessorImpl.invoke(NativeMethodAccessorImpl.java:57)
                     	at sun.reflect.DelegatingMethodAccessorImpl.invoke(DelegatingMethodAccessorImpl.java:43)
                     	at java.lang.reflect.Method.invoke(Method.java:606)
                     	at org.testng.internal.MethodInvocationHelper.invokeMethod(MethodInvocationHelper.java:84)
                     	at org.testng.internal.Invoker.invokeMethod(Invoker.java:714)
                     	at org.testng.internal.Invoker.invokeTestMethod(Invoker.java:901)
                     	at org.testng.internal.Invoker.invokeTestMethods(Invoker.java:1231)
                     	at org.testng.internal.TestMethodWorker.invokeTestMethods(TestMethodWorker.java:127)
                     	at org.testng.internal.TestMethodWorker.run(TestMethodWorker.java:111)
                     	at org.testng.TestRunner.privateRun(TestRunner.java:767)
                     	at org.testng.TestRunner.run(TestRunner.java:617)
                     	at org.testng.SuiteRunner.runTest(SuiteRunner.java:334)
                     	at org.testng.SuiteRunner.runSequentially(SuiteRunner.java:329)
                     	at org.testng.SuiteRunner.privateRun(SuiteRunner.java:291)
                     	at org.testng.SuiteRunner.run(SuiteRunner.java:240)
                     	at org.testng.SuiteRunnerWorker.runSuite(SuiteRunnerWorker.java:52)
                     	at org.testng.SuiteRunnerWorker.run(SuiteRunnerWorker.java:86)
                     	at org.testng.TestNG.runSuitesSequentially(TestNG.java:1224)
                     	at org.testng.TestNG.runSuitesSequentially(TestNG.java:1220)
                     	at org.testng.TestNG.runSuitesLocally(TestNG.java:1149)
                     	at org.testng.TestNG.run(TestNG.java:1057)
                     	at org.testng.TestNG.privateMain(TestNG.java:1364)
                     	at org.testng.TestNG.main(TestNG.java:1333)
                     nnFailure 3 of 3:njava.lang.NullPointerException
                     
                  </a>
                   
                  
               </td>
            </tr>
            <tr>
               <td colspan="4" class="detailsBox">
                  <div id="com.qtpselenium.Login_Suite.NewCustomerRegistration_testCaseA2_byStatus_failed_FAIL3_details"
                       class="testMethodDetails">
                     <div>
                        <b>Name: </b>testCaseA2
                     </div>
                     <div>
                        <b>Signature: </b>testCaseA2(java.lang.String, java.lang.String, java.lang.String, java.lang.String, java.lang.String, java.lang.String)[pri:0,
                        instance:com.qtpselenium.Login_Suite.NewCustomerRegistration@6ae006d8]
                     </div>
                     <div>
                        <b>Parameters: </b>
                        
                        Sir
                        
                        ,
                        
                        Pathan
                        
                        ,
                        
                        Yusuf
                        
                        ,
                        
                        10/08/2001
                        
                        ,
                        
                        F
                        
                        ,
                        
                        1.2365498705E10
                        
                        
                     </div>
                     <div>
                        <b>Start time: </b>01:50:02
                     </div>
                     <div>
                        <b>End time: </b>01:51:15
                     </div>
                     <div>
                        <b>Duration: </b>1m
                        13s
                        
                     </div>
                  </div>
               </td>
            </tr>
            <tr>
               <td colspan="4" class="detailsBox">
                  <div id="com.qtpselenium.Login_Suite.NewCustomerRegistration_testCaseA2_byStatus_failed_FAIL3_exception"
                       class="testMethodDetails">
                     <pre style="padding: 5px; margin: 0;">java.lang.Throwable: Multiple failures (3):nnFailure 1 of 3:norg.openqa.selenium.NoSuchElementException: no such element
                        (Session info: chrome=46.0.2490.71)
                        (Driver info: chromedriver=2.6.232923,platform=Windows NT 6.1 SP1 x86_64) (WARNING: The server did not provide any stacktrace
                        information)
                        Command duration or timeout: 10.05 seconds
                        For documentation on this error, please visit: http://seleniumhq.org/exceptions/no_such_element.html
                        Build info: version: '2.44.0', revision: '76d78cf', time: '2014-10-23 20:03:00'
                        System info: host: 'ATLANTISPC-274', ip: '10.210.16.27', os.name: 'Windows 7', os.arch: 'amd64', os.version: '6.1', java.version:
                        '1.7.0_79'
                        Session ID: f9f8bb1b5c5632383c7b314f3cccfa7e
                        Driver info: org.openqa.selenium.chrome.ChromeDriver
                        Capabilities [{platform=XP, acceptSslCerts=true, javascriptEnabled=true, browserName=chrome, chrome={userDataDir=C:\Users\aakarg\AppData\Local\Temp\scoped_dir5008_23061},
                        rotatable=false, locationContextEnabled=true, version=46.0.2490.71, takesHeapSnapshot=true, cssSelectorsEnabled=true, databaseEnabled=false,
                        handlesAlerts=true, browserConnectionEnabled=false, webStorageEnabled=true, nativeEvents=true, applicationCacheEnabled=false,
                        takesScreenshot=true}]
                        	at sun.reflect.NativeConstructorAccessorImpl.newInstance0(Native Method)
                        	at sun.reflect.NativeConstructorAccessorImpl.newInstance(NativeConstructorAccessorImpl.java:57)
                        	at sun.reflect.DelegatingConstructorAccessorImpl.newInstance(DelegatingConstructorAccessorImpl.java:45)
                        	at java.lang.reflect.Constructor.newInstance(Constructor.java:526)
                        	at org.openqa.selenium.remote.ErrorHandler.createThrowable(ErrorHandler.java:204)
                        	at org.openqa.selenium.remote.ErrorHandler.throwIfResponseFailed(ErrorHandler.java:156)
                        	at org.openqa.selenium.remote.RemoteWebDriver.execute(RemoteWebDriver.java:599)
                        	at org.openqa.selenium.remote.RemoteWebDriver.findElement(RemoteWebDriver.java:352)
                        	at org.openqa.selenium.remote.RemoteWebDriver.findElementByClassName(RemoteWebDriver.java:433)
                        	at org.openqa.selenium.By$ByClassName.findElement(By.java:387)
                        	at org.openqa.selenium.remote.RemoteWebDriver.findElement(RemoteWebDriver.java:344)
                        	at com.qtpselenium.Login_Suite.NewCustomerRegistration.combine_alert_submit(NewCustomerRegistration.java:234)
                        	at com.qtpselenium.Login_Suite.NewCustomerRegistration.testCaseA2(NewCustomerRegistration.java:149)
                        	at sun.reflect.NativeMethodAccessorImpl.invoke0(Native Method)
                        	at sun.reflect.NativeMethodAccessorImpl.invoke(NativeMethodAccessorImpl.java:57)
                        	at sun.reflect.DelegatingMethodAccessorImpl.invoke(DelegatingMethodAccessorImpl.java:43)
                        	at java.lang.reflect.Method.invoke(Method.java:606)
                        	at org.testng.internal.MethodInvocationHelper.invokeMethod(MethodInvocationHelper.java:84)
                        	at org.testng.internal.Invoker.invokeMethod(Invoker.java:714)
                        	at org.testng.internal.Invoker.invokeTestMethod(Invoker.java:901)
                        	at org.testng.internal.Invoker.invokeTestMethods(Invoker.java:1231)
                        	at org.testng.internal.TestMethodWorker.invokeTestMethods(TestMethodWorker.java:127)
                        	at org.testng.internal.TestMethodWorker.run(TestMethodWorker.java:111)
                        	at org.testng.TestRunner.privateRun(TestRunner.java:767)
                        	at org.testng.TestRunner.run(TestRunner.java:617)
                        	at org.testng.SuiteRunner.runTest(SuiteRunner.java:334)
                        	at org.testng.SuiteRunner.runSequentially(SuiteRunner.java:329)
                        	at org.testng.SuiteRunner.privateRun(SuiteRunner.java:291)
                        	at org.testng.SuiteRunner.run(SuiteRunner.java:240)
                        	at org.testng.SuiteRunnerWorker.runSuite(SuiteRunnerWorker.java:52)
                        	at org.testng.SuiteRunnerWorker.run(SuiteRunnerWorker.java:86)
                        	at org.testng.TestNG.runSuitesSequentially(TestNG.java:1224)
                        	at org.testng.TestNG.runSuitesSequentially(TestNG.java:1220)
                        	at org.testng.TestNG.runSuitesLocally(TestNG.java:1149)
                        	at org.testng.TestNG.run(TestNG.java:1057)
                        	at org.testng.TestNG.privateMain(TestNG.java:1364)
                        	at org.testng.TestNG.main(TestNG.java:1333)
                        nnFailure 2 of 3:norg.openqa.selenium.NoSuchElementException: no such element
                        (Session info: chrome=46.0.2490.71)
                        (Driver info: chromedriver=2.6.232923,platform=Windows NT 6.1 SP1 x86_64) (WARNING: The server did not provide any stacktrace
                        information)
                        Command duration or timeout: 10.05 seconds
                        For documentation on this error, please visit: http://seleniumhq.org/exceptions/no_such_element.html
                        Build info: version: '2.44.0', revision: '76d78cf', time: '2014-10-23 20:03:00'
                        System info: host: 'ATLANTISPC-274', ip: '10.210.16.27', os.name: 'Windows 7', os.arch: 'amd64', os.version: '6.1', java.version:
                        '1.7.0_79'
                        Session ID: f9f8bb1b5c5632383c7b314f3cccfa7e
                        Driver info: org.openqa.selenium.chrome.ChromeDriver
                        Capabilities [{platform=XP, acceptSslCerts=true, javascriptEnabled=true, browserName=chrome, chrome={userDataDir=C:\Users\aakarg\AppData\Local\Temp\scoped_dir5008_23061},
                        rotatable=false, locationContextEnabled=true, version=46.0.2490.71, takesHeapSnapshot=true, cssSelectorsEnabled=true, databaseEnabled=false,
                        handlesAlerts=true, browserConnectionEnabled=false, webStorageEnabled=true, nativeEvents=true, applicationCacheEnabled=false,
                        takesScreenshot=true}]
                        	at sun.reflect.NativeConstructorAccessorImpl.newInstance0(Native Method)
                        	at sun.reflect.NativeConstructorAccessorImpl.newInstance(NativeConstructorAccessorImpl.java:57)
                        	at sun.reflect.DelegatingConstructorAccessorImpl.newInstance(DelegatingConstructorAccessorImpl.java:45)
                        	at java.lang.reflect.Constructor.newInstance(Constructor.java:526)
                        	at org.openqa.selenium.remote.ErrorHandler.createThrowable(ErrorHandler.java:204)
                        	at org.openqa.selenium.remote.ErrorHandler.throwIfResponseFailed(ErrorHandler.java:156)
                        	at org.openqa.selenium.remote.RemoteWebDriver.execute(RemoteWebDriver.java:599)
                        	at org.openqa.selenium.remote.RemoteWebDriver.findElement(RemoteWebDriver.java:352)
                        	at org.openqa.selenium.remote.RemoteWebDriver.findElementByXPath(RemoteWebDriver.java:449)
                        	at org.openqa.selenium.By$ByXPath.findElement(By.java:357)
                        	at org.openqa.selenium.remote.RemoteWebDriver.findElement(RemoteWebDriver.java:344)
                        	at com.qtpselenium.Login_Suite.NewCustomerRegistration.testCaseA2(NewCustomerRegistration.java:159)
                        	at sun.reflect.NativeMethodAccessorImpl.invoke0(Native Method)
                        	at sun.reflect.NativeMethodAccessorImpl.invoke(NativeMethodAccessorImpl.java:57)
                        	at sun.reflect.DelegatingMethodAccessorImpl.invoke(DelegatingMethodAccessorImpl.java:43)
                        	at java.lang.reflect.Method.invoke(Method.java:606)
                        	at org.testng.internal.MethodInvocationHelper.invokeMethod(MethodInvocationHelper.java:84)
                        	at org.testng.internal.Invoker.invokeMethod(Invoker.java:714)
                        	at org.testng.internal.Invoker.invokeTestMethod(Invoker.java:901)
                        	at org.testng.internal.Invoker.invokeTestMethods(Invoker.java:1231)
                        	at org.testng.internal.TestMethodWorker.invokeTestMethods(TestMethodWorker.java:127)
                        	at org.testng.internal.TestMethodWorker.run(TestMethodWorker.java:111)
                        	at org.testng.TestRunner.privateRun(TestRunner.java:767)
                        	at org.testng.TestRunner.run(TestRunner.java:617)
                        	at org.testng.SuiteRunner.runTest(SuiteRunner.java:334)
                        	at org.testng.SuiteRunner.runSequentially(SuiteRunner.java:329)
                        	at org.testng.SuiteRunner.privateRun(SuiteRunner.java:291)
                        	at org.testng.SuiteRunner.run(SuiteRunner.java:240)
                        	at org.testng.SuiteRunnerWorker.runSuite(SuiteRunnerWorker.java:52)
                        	at org.testng.SuiteRunnerWorker.run(SuiteRunnerWorker.java:86)
                        	at org.testng.TestNG.runSuitesSequentially(TestNG.java:1224)
                        	at org.testng.TestNG.runSuitesSequentially(TestNG.java:1220)
                        	at org.testng.TestNG.runSuitesLocally(TestNG.java:1149)
                        	at org.testng.TestNG.run(TestNG.java:1057)
                        	at org.testng.TestNG.privateMain(TestNG.java:1364)
                        	at org.testng.TestNG.main(TestNG.java:1333)
                        nnFailure 3 of 3:njava.lang.NullPointerException
                        	at com.qtpselenium.Login_Suite.NewCustomerRegistration.testCaseA2(NewCustomerRegistration.java:210)
                        	at sun.reflect.NativeMethodAccessorImpl.invoke0(Native Method)
                        	at sun.reflect.NativeMethodAccessorImpl.invoke(NativeMethodAccessorImpl.java:57)
                        	at sun.reflect.DelegatingMethodAccessorImpl.invoke(DelegatingMethodAccessorImpl.java:43)
                        	at java.lang.reflect.Method.invoke(Method.java:606)
                        	at org.testng.internal.MethodInvocationHelper.invokeMethod(MethodInvocationHelper.java:84)
                        	at org.testng.internal.Invoker.invokeMethod(Invoker.java:714)
                        	at org.testng.internal.Invoker.invokeTestMethod(Invoker.java:901)
                        	at org.testng.internal.Invoker.invokeTestMethods(Invoker.java:1231)
                        	at org.testng.internal.TestMethodWorker.invokeTestMethods(TestMethodWorker.java:127)
                        	at org.testng.internal.TestMethodWorker.run(TestMethodWorker.java:111)
                        	at org.testng.TestRunner.privateRun(TestRunner.java:767)
                        	at org.testng.TestRunner.run(TestRunner.java:617)
                        	at org.testng.SuiteRunner.runTest(SuiteRunner.java:334)
                        	at org.testng.SuiteRunner.runSequentially(SuiteRunner.java:329)
                        	at org.testng.SuiteRunner.privateRun(SuiteRunner.java:291)
                        	at org.testng.SuiteRunner.run(SuiteRunner.java:240)
                        	at org.testng.SuiteRunnerWorker.runSuite(SuiteRunnerWorker.java:52)
                        	at org.testng.SuiteRunnerWorker.run(SuiteRunnerWorker.java:86)
                        	at org.testng.TestNG.runSuitesSequentially(TestNG.java:1224)
                        	at org.testng.TestNG.runSuitesSequentially(TestNG.java:1220)
                        	at org.testng.TestNG.runSuitesLocally(TestNG.java:1149)
                        	at org.testng.TestNG.run(TestNG.java:1057)
                        	at org.testng.TestNG.privateMain(TestNG.java:1364)
                        	at org.testng.TestNG.main(TestNG.java:1333)
                     </pre>
                  </div>
               </td>
            </tr>
            <tr id="com.qtpselenium.Login_Suite.NewCustomerRegistration_checkSuiteSkip_byStatus_passed_PASS1_row"
                class="testMethodStatusPASS testMethodStatusCONF">
               <td width="100%" class="firstMethodCell">
                  <a onclick="toggleDetailsVisibility('com.qtpselenium.Login_Suite.NewCustomerRegistration_checkSuiteSkip_byStatus_passed_PASS1_details')">checkSuiteSkip()</a>
               </td>
               <td nowrap="true">01:45:25</td>
               <td nowrap="true" align="right">682 ms
                  
               </td>
               <td nowrap="true">
                   
                  
               </td>
            </tr>
            <tr>
               <td colspan="4" class="detailsBox">
                  <div id="com.qtpselenium.Login_Suite.NewCustomerRegistration_checkSuiteSkip_byStatus_passed_PASS1_details"
                       class="testMethodDetails">
                     <div>
                        <b>Name: </b>checkSuiteSkip
                     </div>
                     <div>
                        <b>Signature: </b>checkSuiteSkip()[pri:0, instance:com.qtpselenium.Login_Suite.NewCustomerRegistration@6ae006d8]
                     </div>
                     <div>
                        <b>Start time: </b>01:45:25
                     </div>
                     <div>
                        <b>End time: </b>01:45:26
                     </div>
                     <div>
                        <b>Duration: </b>682 ms
                        
                     </div>
                  </div>
               </td>
            </tr>
            <tr></tr>
            <tr id="com.qtpselenium.Login_Suite.NewCustomerRegistration_checkTestSkip_byStatus_passed_PASS2_row"
                class="testMethodStatusPASS testMethodStatusCONF">
               <td width="100%" class="firstMethodCell">
                  <a onclick="toggleDetailsVisibility('com.qtpselenium.Login_Suite.NewCustomerRegistration_checkTestSkip_byStatus_passed_PASS2_details')">checkTestSkip()</a>
               </td>
               <td nowrap="true">01:45:26</td>
               <td nowrap="true" align="right">2 ms
                  
               </td>
               <td nowrap="true">
                   
                  
               </td>
            </tr>
            <tr>
               <td colspan="4" class="detailsBox">
                  <div id="com.qtpselenium.Login_Suite.NewCustomerRegistration_checkTestSkip_byStatus_passed_PASS2_details"
                       class="testMethodDetails">
                     <div>
                        <b>Name: </b>checkTestSkip
                     </div>
                     <div>
                        <b>Signature: </b>checkTestSkip()[pri:0, instance:com.qtpselenium.Login_Suite.NewCustomerRegistration@6ae006d8]
                     </div>
                     <div>
                        <b>Start time: </b>01:45:26
                     </div>
                     <div>
                        <b>End time: </b>01:45:26
                     </div>
                     <div>
                        <b>Duration: </b>2 ms
                        
                     </div>
                  </div>
               </td>
            </tr>
            <tr></tr>
            <tr id="com.qtpselenium.Login_Suite.NewCustomerRegistration_reporterDataSetResult_byStatus_passed_PASS3_row"
                class="testMethodStatusPASS testMethodStatusCONF">
               <td width="100%" class="firstMethodCell">
                  <a onclick="toggleDetailsVisibility('com.qtpselenium.Login_Suite.NewCustomerRegistration_reporterDataSetResult_byStatus_passed_PASS3_details')">reporterDataSetResult()</a>
               </td>
               <td nowrap="true">01:47:10</td>
               <td nowrap="true" align="right">411 ms
                  
               </td>
               <td nowrap="true">
                   
                  
               </td>
            </tr>
            <tr>
               <td colspan="4" class="detailsBox">
                  <div id="com.qtpselenium.Login_Suite.NewCustomerRegistration_reporterDataSetResult_byStatus_passed_PASS3_details"
                       class="testMethodDetails">
                     <div>
                        <b>Name: </b>reporterDataSetResult
                     </div>
                     <div>
                        <b>Signature: </b>reporterDataSetResult()[pri:0, instance:com.qtpselenium.Login_Suite.NewCustomerRegistration@6ae006d8]
                     </div>
                     <div>
                        <b>Start time: </b>01:47:10
                     </div>
                     <div>
                        <b>End time: </b>01:47:10
                     </div>
                     <div>
                        <b>Duration: </b>411 ms
                        
                     </div>
                  </div>
               </td>
            </tr>
            <tr></tr>
            <tr id="com.qtpselenium.Login_Suite.NewCustomerRegistration_reporterDataSetResult_byStatus_passed_PASS4_row"
                class="testMethodStatusPASS testMethodStatusCONF">
               <td width="100%" class="firstMethodCell">
                  <a onclick="toggleDetailsVisibility('com.qtpselenium.Login_Suite.NewCustomerRegistration_reporterDataSetResult_byStatus_passed_PASS4_details')">reporterDataSetResult()</a>
               </td>
               <td nowrap="true">01:48:24</td>
               <td nowrap="true" align="right">8 ms
                  
               </td>
               <td nowrap="true">
                   
                  
               </td>
            </tr>
            <tr>
               <td colspan="4" class="detailsBox">
                  <div id="com.qtpselenium.Login_Suite.NewCustomerRegistration_reporterDataSetResult_byStatus_passed_PASS4_details"
                       class="testMethodDetails">
                     <div>
                        <b>Name: </b>reporterDataSetResult
                     </div>
                     <div>
                        <b>Signature: </b>reporterDataSetResult()[pri:0, instance:com.qtpselenium.Login_Suite.NewCustomerRegistration@6ae006d8]
                     </div>
                     <div>
                        <b>Start time: </b>01:48:24
                     </div>
                     <div>
                        <b>End time: </b>01:48:24
                     </div>
                     <div>
                        <b>Duration: </b>8 ms
                        
                     </div>
                  </div>
               </td>
            </tr>
            <tr></tr>
            <tr id="com.qtpselenium.Login_Suite.NewCustomerRegistration_testCaseA2_byStatus_passed_PASS5_row"
                class="testMethodStatusPASS">
               <td width="100%" class="firstMethodCell">
                  <a onclick="toggleDetailsVisibility('com.qtpselenium.Login_Suite.NewCustomerRegistration_testCaseA2_byStatus_passed_PASS5_details')">testCaseA2(Miss.
                     
                     ,
                     
                     Khan
                     
                     ,
                     
                     Nafeesa
                     
                     ,
                     
                     02/02/1990
                     
                     ,
                     
                     F
                     
                     ,
                     
                     9.87250364E9)
                  </a>
               </td>
               <td nowrap="true">01:48:24</td>
               <td nowrap="true" align="right">2m
                  38s
                  
               </td>
               <td nowrap="true">
                   
                  
               </td>
            </tr>
            <tr>
               <td colspan="4" class="detailsBox">
                  <div id="com.qtpselenium.Login_Suite.NewCustomerRegistration_testCaseA2_byStatus_passed_PASS5_details"
                       class="testMethodDetails">
                     <div>
                        <b>Name: </b>testCaseA2
                     </div>
                     <div>
                        <b>Signature: </b>testCaseA2(java.lang.String, java.lang.String, java.lang.String, java.lang.String, java.lang.String, java.lang.String)[pri:0,
                        instance:com.qtpselenium.Login_Suite.NewCustomerRegistration@6ae006d8]
                     </div>
                     <div>
                        <b>Parameters: </b>
                        
                        Miss.
                        
                        ,
                        
                        Khan
                        
                        ,
                        
                        Nafeesa
                        
                        ,
                        
                        02/02/1990
                        
                        ,
                        
                        F
                        
                        ,
                        
                        9.87250364E9
                        
                        
                     </div>
                     <div>
                        <b>Start time: </b>01:48:24
                     </div>
                     <div>
                        <b>End time: </b>01:50:02
                     </div>
                     <div>
                        <b>Duration: </b>2m
                        38s
                        
                     </div>
                  </div>
               </td>
            </tr>
            <tr></tr>
            <tr id="com.qtpselenium.Login_Suite.NewCustomerRegistration_reporterDataSetResult_byStatus_passed_PASS6_row"
                class="testMethodStatusPASS testMethodStatusCONF">
               <td width="100%" class="firstMethodCell">
                  <a onclick="toggleDetailsVisibility('com.qtpselenium.Login_Suite.NewCustomerRegistration_reporterDataSetResult_byStatus_passed_PASS6_details')">reporterDataSetResult()</a>
               </td>
               <td nowrap="true">01:50:02</td>
               <td nowrap="true" align="right">1 ms
                  
               </td>
               <td nowrap="true">
                   
                  
               </td>
            </tr>
            <tr>
               <td colspan="4" class="detailsBox">
                  <div id="com.qtpselenium.Login_Suite.NewCustomerRegistration_reporterDataSetResult_byStatus_passed_PASS6_details"
                       class="testMethodDetails">
                     <div>
                        <b>Name: </b>reporterDataSetResult
                     </div>
                     <div>
                        <b>Signature: </b>reporterDataSetResult()[pri:0, instance:com.qtpselenium.Login_Suite.NewCustomerRegistration@6ae006d8]
                     </div>
                     <div>
                        <b>Start time: </b>01:50:02
                     </div>
                     <div>
                        <b>End time: </b>01:50:02
                     </div>
                     <div>
                        <b>Duration: </b>1 ms
                        
                     </div>
                  </div>
               </td>
            </tr>
            <tr></tr>
            <tr id="com.qtpselenium.Login_Suite.NewCustomerRegistration_reporterDataSetResult_byStatus_passed_PASS7_row"
                class="testMethodStatusPASS testMethodStatusCONF">
               <td width="100%" class="firstMethodCell">
                  <a onclick="toggleDetailsVisibility('com.qtpselenium.Login_Suite.NewCustomerRegistration_reporterDataSetResult_byStatus_passed_PASS7_details')">reporterDataSetResult()</a>
               </td>
               <td nowrap="true">01:51:15</td>
               <td nowrap="true" align="right">3 ms
                  
               </td>
               <td nowrap="true">
                   
                  
               </td>
            </tr>
            <tr>
               <td colspan="4" class="detailsBox">
                  <div id="com.qtpselenium.Login_Suite.NewCustomerRegistration_reporterDataSetResult_byStatus_passed_PASS7_details"
                       class="testMethodDetails">
                     <div>
                        <b>Name: </b>reporterDataSetResult
                     </div>
                     <div>
                        <b>Signature: </b>reporterDataSetResult()[pri:0, instance:com.qtpselenium.Login_Suite.NewCustomerRegistration@6ae006d8]
                     </div>
                     <div>
                        <b>Start time: </b>01:51:15
                     </div>
                     <div>
                        <b>End time: </b>01:51:15
                     </div>
                     <div>
                        <b>Duration: </b>3 ms
                        
                     </div>
                  </div>
               </td>
            </tr>
            <tr></tr>
            <tr id="com.qtpselenium.Login_Suite.NewCustomerRegistration_testCaseA2_byStatus_passed_PASS8_row"
                class="testMethodStatusPASS">
               <td width="100%" class="firstMethodCell">
                  <a onclick="toggleDetailsVisibility('com.qtpselenium.Login_Suite.NewCustomerRegistration_testCaseA2_byStatus_passed_PASS8_details')">testCaseA2(Miss.
                     
                     ,
                     
                     Khan
                     
                     ,
                     
                     Nafeesa
                     
                     ,
                     
                     02/02/1990
                     
                     ,
                     
                     F
                     
                     ,
                     
                     9.87250364E9)
                  </a>
               </td>
               <td nowrap="true">01:51:15</td>
               <td nowrap="true" align="right">2m
                  38s
                  
               </td>
               <td nowrap="true">
                   
                  
               </td>
            </tr>
            <tr>
               <td colspan="4" class="detailsBox">
                  <div id="com.qtpselenium.Login_Suite.NewCustomerRegistration_testCaseA2_byStatus_passed_PASS8_details"
                       class="testMethodDetails">
                     <div>
                        <b>Name: </b>testCaseA2
                     </div>
                     <div>
                        <b>Signature: </b>testCaseA2(java.lang.String, java.lang.String, java.lang.String, java.lang.String, java.lang.String, java.lang.String)[pri:0,
                        instance:com.qtpselenium.Login_Suite.NewCustomerRegistration@6ae006d8]
                     </div>
                     <div>
                        <b>Parameters: </b>
                        
                        Miss.
                        
                        ,
                        
                        Khan
                        
                        ,
                        
                        Nafeesa
                        
                        ,
                        
                        02/02/1990
                        
                        ,
                        
                        F
                        
                        ,
                        
                        9.87250364E9
                        
                        
                     </div>
                     <div>
                        <b>Start time: </b>01:51:15
                     </div>
                     <div>
                        <b>End time: </b>01:52:53
                     </div>
                     <div>
                        <b>Duration: </b>2m
                        38s
                        
                     </div>
                  </div>
               </td>
            </tr>
            <tr></tr>
            <tr id="com.qtpselenium.Login_Suite.NewCustomerRegistration_reporterDataSetResult_byStatus_passed_PASS9_row"
                class="testMethodStatusPASS testMethodStatusCONF">
               <td width="100%" class="firstMethodCell">
                  <a onclick="toggleDetailsVisibility('com.qtpselenium.Login_Suite.NewCustomerRegistration_reporterDataSetResult_byStatus_passed_PASS9_details')">reporterDataSetResult()</a>
               </td>
               <td nowrap="true">01:52:53</td>
               <td nowrap="true" align="right">1 ms
                  
               </td>
               <td nowrap="true">
                   
                  
               </td>
            </tr>
            <tr>
               <td colspan="4" class="detailsBox">
                  <div id="com.qtpselenium.Login_Suite.NewCustomerRegistration_reporterDataSetResult_byStatus_passed_PASS9_details"
                       class="testMethodDetails">
                     <div>
                        <b>Name: </b>reporterDataSetResult
                     </div>
                     <div>
                        <b>Signature: </b>reporterDataSetResult()[pri:0, instance:com.qtpselenium.Login_Suite.NewCustomerRegistration@6ae006d8]
                     </div>
                     <div>
                        <b>Start time: </b>01:52:53
                     </div>
                     <div>
                        <b>End time: </b>01:52:53
                     </div>
                     <div>
                        <b>Duration: </b>1 ms
                        
                     </div>
                  </div>
               </td>
            </tr>
            <tr></tr>
            <tr id="com.qtpselenium.Login_Suite.NewCustomerRegistration_reportTestResult_byStatus_passed_PASS10_row"
                class="testMethodStatusPASS testMethodStatusCONF">
               <td width="100%" class="firstMethodCell">
                  <a onclick="toggleDetailsVisibility('com.qtpselenium.Login_Suite.NewCustomerRegistration_reportTestResult_byStatus_passed_PASS10_details')">reportTestResult()</a>
               </td>
               <td nowrap="true">01:52:53</td>
               <td nowrap="true" align="right">50 ms
                  
               </td>
               <td nowrap="true">
                   
                  
               </td>
            </tr>
            <tr>
               <td colspan="4" class="detailsBox">
                  <div id="com.qtpselenium.Login_Suite.NewCustomerRegistration_reportTestResult_byStatus_passed_PASS10_details"
                       class="testMethodDetails">
                     <div>
                        <b>Name: </b>reportTestResult
                     </div>
                     <div>
                        <b>Signature: </b>reportTestResult()[pri:0, instance:com.qtpselenium.Login_Suite.NewCustomerRegistration@6ae006d8]
                     </div>
                     <div>
                        <b>Start time: </b>01:52:53
                     </div>
                     <div>
                        <b>End time: </b>01:52:53
                     </div>
                     <div>
                        <b>Duration: </b>50 ms
                        
                     </div>
                  </div>
               </td>
            </tr>
            <tr></tr>
         </table>
      </div>
      <div id="testMethodsByClass" style="display: none;">
         <table class="testMethodsTable" cellpadding="0" cellspacing="0">
            <tr>
               <td colspan="4">
                  <h3 style="display: inline;">com.qtpselenium.Login_Suite.NewCustomerRegistration</h3>
               </td>
            </tr>
            <tr class="methodsTableHeader">
               <td width="100%">Name</td>
               <td nowrap="true">Started</td>
               <td nowrap="true">Duration</td>
               <td>Exception</td>
            </tr>
            <tr id="com.qtpselenium.Login_Suite.NewCustomerRegistration_checkSuiteSkip_byClass_PASS1_row"
                class="testMethodStatusPASS testMethodStatusCONF">
               <td width="100%" class="firstMethodCell">
                  <a onclick="toggleDetailsVisibility('com.qtpselenium.Login_Suite.NewCustomerRegistration_checkSuiteSkip_byClass_PASS1_details')">checkSuiteSkip()</a>
               </td>
               <td nowrap="true">01:45:25</td>
               <td nowrap="true" align="right">682 ms
                  
               </td>
               <td nowrap="true">
                   
                  
               </td>
            </tr>
            <tr>
               <td colspan="4" class="detailsBox">
                  <div id="com.qtpselenium.Login_Suite.NewCustomerRegistration_checkSuiteSkip_byClass_PASS1_details"
                       class="testMethodDetails">
                     <div>
                        <b>Name: </b>checkSuiteSkip
                     </div>
                     <div>
                        <b>Signature: </b>checkSuiteSkip()[pri:0, instance:com.qtpselenium.Login_Suite.NewCustomerRegistration@6ae006d8]
                     </div>
                     <div>
                        <b>Start time: </b>01:45:25
                     </div>
                     <div>
                        <b>End time: </b>01:45:26
                     </div>
                     <div>
                        <b>Duration: </b>682 ms
                        
                     </div>
                  </div>
               </td>
            </tr>
            <tr></tr>
            <tr id="com.qtpselenium.Login_Suite.NewCustomerRegistration_checkTestSkip_byClass_PASS2_row"
                class="testMethodStatusPASS testMethodStatusCONF">
               <td width="100%" class="firstMethodCell">
                  <a onclick="toggleDetailsVisibility('com.qtpselenium.Login_Suite.NewCustomerRegistration_checkTestSkip_byClass_PASS2_details')">checkTestSkip()</a>
               </td>
               <td nowrap="true">01:45:26</td>
               <td nowrap="true" align="right">2 ms
                  
               </td>
               <td nowrap="true">
                   
                  
               </td>
            </tr>
            <tr>
               <td colspan="4" class="detailsBox">
                  <div id="com.qtpselenium.Login_Suite.NewCustomerRegistration_checkTestSkip_byClass_PASS2_details"
                       class="testMethodDetails">
                     <div>
                        <b>Name: </b>checkTestSkip
                     </div>
                     <div>
                        <b>Signature: </b>checkTestSkip()[pri:0, instance:com.qtpselenium.Login_Suite.NewCustomerRegistration@6ae006d8]
                     </div>
                     <div>
                        <b>Start time: </b>01:45:26
                     </div>
                     <div>
                        <b>End time: </b>01:45:26
                     </div>
                     <div>
                        <b>Duration: </b>2 ms
                        
                     </div>
                  </div>
               </td>
            </tr>
            <tr></tr>
            <tr id="com.qtpselenium.Login_Suite.NewCustomerRegistration_testCaseA2_byClass_FAIL3_row"
                class="testMethodStatusFAIL">
               <td width="100%" class="firstMethodCell">
                  <a onclick="toggleDetailsVisibility('com.qtpselenium.Login_Suite.NewCustomerRegistration_testCaseA2_byClass_FAIL3_details')">testCaseA2(Mr.
                     
                     ,
                     
                     Gupte
                     
                     ,
                     
                     Aakar
                     
                     ,
                     
                     26/04/1990
                     
                     ,
                     
                     M
                     
                     ,
                     
                     1.23654789E9)
                  </a>
               </td>
               <td nowrap="true">01:45:26</td>
               <td nowrap="true" align="right">2m
                  44s
                  
               </td>
               <td nowrap="true">
                  <a onclick="toggleDetailsVisibility('com.qtpselenium.Login_Suite.NewCustomerRegistration_testCaseA2_byClass_FAIL3_exception')">java.lang.Throwable: 
                     Multiple failures (3):nnFailure 1 of 3:norg.openqa.selenium.NoSuchElementException: no such element
                     (Session info: chrome=46.0.2490.71)
                     (Driver info: chromedriver=2.6.232923,platform=Windows NT 6.1 SP1 x86_64) (WARNING: The server did not provide any stacktrace
                     information)
                     Command duration or timeout: 10.04 seconds
                     For documentation on this error, please visit: http://seleniumhq.org/exceptions/no_such_element.html
                     Build info: version: '2.44.0', revision: '76d78cf', time: '2014-10-23 20:03:00'
                     System info: host: 'ATLANTISPC-274', ip: '10.210.16.27', os.name: 'Windows 7', os.arch: 'amd64', os.version: '6.1', java.version:
                     '1.7.0_79'
                     Session ID: f9f8bb1b5c5632383c7b314f3cccfa7e
                     Driver info: org.openqa.selenium.chrome.ChromeDriver
                     Capabilities [{platform=XP, acceptSslCerts=true, javascriptEnabled=true, browserName=chrome, chrome={userDataDir=C:\Users\aakarg\AppData\Local\Temp\scoped_dir5008_23061},
                     rotatable=false, locationContextEnabled=true, version=46.0.2490.71, takesHeapSnapshot=true, cssSelectorsEnabled=true, databaseEnabled=false,
                     handlesAlerts=true, browserConnectionEnabled=false, webStorageEnabled=true, nativeEvents=true, applicationCacheEnabled=false,
                     takesScreenshot=true}]
                     	at sun.reflect.NativeConstructorAccessorImpl.newInstance0(Native Method)
                     	at sun.reflect.NativeConstructorAccessorImpl.newInstance(NativeConstructorAccessorImpl.java:57)
                     	at sun.reflect.DelegatingConstructorAccessorImpl.newInstance(DelegatingConstructorAccessorImpl.java:45)
                     	at java.lang.reflect.Constructor.newInstance(Constructor.java:526)
                     	at org.openqa.selenium.remote.ErrorHandler.createThrowable(ErrorHandler.java:204)
                     	at org.openqa.selenium.remote.ErrorHandler.throwIfResponseFailed(ErrorHandler.java:156)
                     	at org.openqa.selenium.remote.RemoteWebDriver.execute(RemoteWebDriver.java:599)
                     	at org.openqa.selenium.remote.RemoteWebDriver.findElement(RemoteWebDriver.java:352)
                     	at org.openqa.selenium.remote.RemoteWebDriver.findElementByClassName(RemoteWebDriver.java:433)
                     	at org.openqa.selenium.By$ByClassName.findElement(By.java:387)
                     	at org.openqa.selenium.remote.RemoteWebDriver.findElement(RemoteWebDriver.java:344)
                     	at com.qtpselenium.Login_Suite.NewCustomerRegistration.combine_alert_submit(NewCustomerRegistration.java:234)
                     	at com.qtpselenium.Login_Suite.NewCustomerRegistration.testCaseA2(NewCustomerRegistration.java:149)
                     	at sun.reflect.NativeMethodAccessorImpl.invoke0(Native Method)
                     	at sun.reflect.NativeMethodAccessorImpl.invoke(NativeMethodAccessorImpl.java:57)
                     	at sun.reflect.DelegatingMethodAccessorImpl.invoke(DelegatingMethodAccessorImpl.java:43)
                     	at java.lang.reflect.Method.invoke(Method.java:606)
                     	at org.testng.internal.MethodInvocationHelper.invokeMethod(MethodInvocationHelper.java:84)
                     	at org.testng.internal.Invoker.invokeMethod(Invoker.java:714)
                     	at org.testng.internal.Invoker.invokeTestMethod(Invoker.java:901)
                     	at org.testng.internal.Invoker.invokeTestMethods(Invoker.java:1231)
                     	at org.testng.internal.TestMethodWorker.invokeTestMethods(TestMethodWorker.java:127)
                     	at org.testng.internal.TestMethodWorker.run(TestMethodWorker.java:111)
                     	at org.testng.TestRunner.privateRun(TestRunner.java:767)
                     	at org.testng.TestRunner.run(TestRunner.java:617)
                     	at org.testng.SuiteRunner.runTest(SuiteRunner.java:334)
                     	at org.testng.SuiteRunner.runSequentially(SuiteRunner.java:329)
                     	at org.testng.SuiteRunner.privateRun(SuiteRunner.java:291)
                     	at org.testng.SuiteRunner.run(SuiteRunner.java:240)
                     	at org.testng.SuiteRunnerWorker.runSuite(SuiteRunnerWorker.java:52)
                     	at org.testng.SuiteRunnerWorker.run(SuiteRunnerWorker.java:86)
                     	at org.testng.TestNG.runSuitesSequentially(TestNG.java:1224)
                     	at org.testng.TestNG.runSuitesSequentially(TestNG.java:1220)
                     	at org.testng.TestNG.runSuitesLocally(TestNG.java:1149)
                     	at org.testng.TestNG.run(TestNG.java:1057)
                     	at org.testng.TestNG.privateMain(TestNG.java:1364)
                     	at org.testng.TestNG.main(TestNG.java:1333)
                     nnFailure 2 of 3:norg.openqa.selenium.NoSuchElementException: no such element
                     (Session info: chrome=46.0.2490.71)
                     (Driver info: chromedriver=2.6.232923,platform=Windows NT 6.1 SP1 x86_64) (WARNING: The server did not provide any stacktrace
                     information)
                     Command duration or timeout: 10.03 seconds
                     For documentation on this error, please visit: http://seleniumhq.org/exceptions/no_such_element.html
                     Build info: version: '2.44.0', revision: '76d78cf', time: '2014-10-23 20:03:00'
                     System info: host: 'ATLANTISPC-274', ip: '10.210.16.27', os.name: 'Windows 7', os.arch: 'amd64', os.version: '6.1', java.version:
                     '1.7.0_79'
                     Session ID: f9f8bb1b5c5632383c7b314f3cccfa7e
                     Driver info: org.openqa.selenium.chrome.ChromeDriver
                     Capabilities [{platform=XP, acceptSslCerts=true, javascriptEnabled=true, browserName=chrome, chrome={userDataDir=C:\Users\aakarg\AppData\Local\Temp\scoped_dir5008_23061},
                     rotatable=false, locationContextEnabled=true, version=46.0.2490.71, takesHeapSnapshot=true, cssSelectorsEnabled=true, databaseEnabled=false,
                     handlesAlerts=true, browserConnectionEnabled=false, webStorageEnabled=true, nativeEvents=true, applicationCacheEnabled=false,
                     takesScreenshot=true}]
                     	at sun.reflect.NativeConstructorAccessorImpl.newInstance0(Native Method)
                     	at sun.reflect.NativeConstructorAccessorImpl.newInstance(NativeConstructorAccessorImpl.java:57)
                     	at sun.reflect.DelegatingConstructorAccessorImpl.newInstance(DelegatingConstructorAccessorImpl.java:45)
                     	at java.lang.reflect.Constructor.newInstance(Constructor.java:526)
                     	at org.openqa.selenium.remote.ErrorHandler.createThrowable(ErrorHandler.java:204)
                     	at org.openqa.selenium.remote.ErrorHandler.throwIfResponseFailed(ErrorHandler.java:156)
                     	at org.openqa.selenium.remote.RemoteWebDriver.execute(RemoteWebDriver.java:599)
                     	at org.openqa.selenium.remote.RemoteWebDriver.findElement(RemoteWebDriver.java:352)
                     	at org.openqa.selenium.remote.RemoteWebDriver.findElementByXPath(RemoteWebDriver.java:449)
                     	at org.openqa.selenium.By$ByXPath.findElement(By.java:357)
                     	at org.openqa.selenium.remote.RemoteWebDriver.findElement(RemoteWebDriver.java:344)
                     	at com.qtpselenium.Login_Suite.NewCustomerRegistration.testCaseA2(NewCustomerRegistration.java:159)
                     	at sun.reflect.NativeMethodAccessorImpl.invoke0(Native Method)
                     	at sun.reflect.NativeMethodAccessorImpl.invoke(NativeMethodAccessorImpl.java:57)
                     	at sun.reflect.DelegatingMethodAccessorImpl.invoke(DelegatingMethodAccessorImpl.java:43)
                     	at java.lang.reflect.Method.invoke(Method.java:606)
                     	at org.testng.internal.MethodInvocationHelper.invokeMethod(MethodInvocationHelper.java:84)
                     	at org.testng.internal.Invoker.invokeMethod(Invoker.java:714)
                     	at org.testng.internal.Invoker.invokeTestMethod(Invoker.java:901)
                     	at org.testng.internal.Invoker.invokeTestMethods(Invoker.java:1231)
                     	at org.testng.internal.TestMethodWorker.invokeTestMethods(TestMethodWorker.java:127)
                     	at org.testng.internal.TestMethodWorker.run(TestMethodWorker.java:111)
                     	at org.testng.TestRunner.privateRun(TestRunner.java:767)
                     	at org.testng.TestRunner.run(TestRunner.java:617)
                     	at org.testng.SuiteRunner.runTest(SuiteRunner.java:334)
                     	at org.testng.SuiteRunner.runSequentially(SuiteRunner.java:329)
                     	at org.testng.SuiteRunner.privateRun(SuiteRunner.java:291)
                     	at org.testng.SuiteRunner.run(SuiteRunner.java:240)
                     	at org.testng.SuiteRunnerWorker.runSuite(SuiteRunnerWorker.java:52)
                     	at org.testng.SuiteRunnerWorker.run(SuiteRunnerWorker.java:86)
                     	at org.testng.TestNG.runSuitesSequentially(TestNG.java:1224)
                     	at org.testng.TestNG.runSuitesSequentially(TestNG.java:1220)
                     	at org.testng.TestNG.runSuitesLocally(TestNG.java:1149)
                     	at org.testng.TestNG.run(TestNG.java:1057)
                     	at org.testng.TestNG.privateMain(TestNG.java:1364)
                     	at org.testng.TestNG.main(TestNG.java:1333)
                     nnFailure 3 of 3:njava.lang.NullPointerException
                     
                  </a>
                   
                  
               </td>
            </tr>
            <tr>
               <td colspan="4" class="detailsBox">
                  <div id="com.qtpselenium.Login_Suite.NewCustomerRegistration_testCaseA2_byClass_FAIL3_details"
                       class="testMethodDetails">
                     <div>
                        <b>Name: </b>testCaseA2
                     </div>
                     <div>
                        <b>Signature: </b>testCaseA2(java.lang.String, java.lang.String, java.lang.String, java.lang.String, java.lang.String, java.lang.String)[pri:0,
                        instance:com.qtpselenium.Login_Suite.NewCustomerRegistration@6ae006d8]
                     </div>
                     <div>
                        <b>Parameters: </b>
                        
                        Mr.
                        
                        ,
                        
                        Gupte
                        
                        ,
                        
                        Aakar
                        
                        ,
                        
                        26/04/1990
                        
                        ,
                        
                        M
                        
                        ,
                        
                        1.23654789E9
                        
                        
                     </div>
                     <div>
                        <b>Start time: </b>01:45:26
                     </div>
                     <div>
                        <b>End time: </b>01:47:10
                     </div>
                     <div>
                        <b>Duration: </b>2m
                        44s
                        
                     </div>
                  </div>
               </td>
            </tr>
            <tr>
               <td colspan="4" class="detailsBox">
                  <div id="com.qtpselenium.Login_Suite.NewCustomerRegistration_testCaseA2_byClass_FAIL3_exception"
                       class="testMethodDetails">
                     <pre style="padding: 5px; margin: 0;">java.lang.Throwable: Multiple failures (3):nnFailure 1 of 3:norg.openqa.selenium.NoSuchElementException: no such element
                        (Session info: chrome=46.0.2490.71)
                        (Driver info: chromedriver=2.6.232923,platform=Windows NT 6.1 SP1 x86_64) (WARNING: The server did not provide any stacktrace
                        information)
                        Command duration or timeout: 10.04 seconds
                        For documentation on this error, please visit: http://seleniumhq.org/exceptions/no_such_element.html
                        Build info: version: '2.44.0', revision: '76d78cf', time: '2014-10-23 20:03:00'
                        System info: host: 'ATLANTISPC-274', ip: '10.210.16.27', os.name: 'Windows 7', os.arch: 'amd64', os.version: '6.1', java.version:
                        '1.7.0_79'
                        Session ID: f9f8bb1b5c5632383c7b314f3cccfa7e
                        Driver info: org.openqa.selenium.chrome.ChromeDriver
                        Capabilities [{platform=XP, acceptSslCerts=true, javascriptEnabled=true, browserName=chrome, chrome={userDataDir=C:\Users\aakarg\AppData\Local\Temp\scoped_dir5008_23061},
                        rotatable=false, locationContextEnabled=true, version=46.0.2490.71, takesHeapSnapshot=true, cssSelectorsEnabled=true, databaseEnabled=false,
                        handlesAlerts=true, browserConnectionEnabled=false, webStorageEnabled=true, nativeEvents=true, applicationCacheEnabled=false,
                        takesScreenshot=true}]
                        	at sun.reflect.NativeConstructorAccessorImpl.newInstance0(Native Method)
                        	at sun.reflect.NativeConstructorAccessorImpl.newInstance(NativeConstructorAccessorImpl.java:57)
                        	at sun.reflect.DelegatingConstructorAccessorImpl.newInstance(DelegatingConstructorAccessorImpl.java:45)
                        	at java.lang.reflect.Constructor.newInstance(Constructor.java:526)
                        	at org.openqa.selenium.remote.ErrorHandler.createThrowable(ErrorHandler.java:204)
                        	at org.openqa.selenium.remote.ErrorHandler.throwIfResponseFailed(ErrorHandler.java:156)
                        	at org.openqa.selenium.remote.RemoteWebDriver.execute(RemoteWebDriver.java:599)
                        	at org.openqa.selenium.remote.RemoteWebDriver.findElement(RemoteWebDriver.java:352)
                        	at org.openqa.selenium.remote.RemoteWebDriver.findElementByClassName(RemoteWebDriver.java:433)
                        	at org.openqa.selenium.By$ByClassName.findElement(By.java:387)
                        	at org.openqa.selenium.remote.RemoteWebDriver.findElement(RemoteWebDriver.java:344)
                        	at com.qtpselenium.Login_Suite.NewCustomerRegistration.combine_alert_submit(NewCustomerRegistration.java:234)
                        	at com.qtpselenium.Login_Suite.NewCustomerRegistration.testCaseA2(NewCustomerRegistration.java:149)
                        	at sun.reflect.NativeMethodAccessorImpl.invoke0(Native Method)
                        	at sun.reflect.NativeMethodAccessorImpl.invoke(NativeMethodAccessorImpl.java:57)
                        	at sun.reflect.DelegatingMethodAccessorImpl.invoke(DelegatingMethodAccessorImpl.java:43)
                        	at java.lang.reflect.Method.invoke(Method.java:606)
                        	at org.testng.internal.MethodInvocationHelper.invokeMethod(MethodInvocationHelper.java:84)
                        	at org.testng.internal.Invoker.invokeMethod(Invoker.java:714)
                        	at org.testng.internal.Invoker.invokeTestMethod(Invoker.java:901)
                        	at org.testng.internal.Invoker.invokeTestMethods(Invoker.java:1231)
                        	at org.testng.internal.TestMethodWorker.invokeTestMethods(TestMethodWorker.java:127)
                        	at org.testng.internal.TestMethodWorker.run(TestMethodWorker.java:111)
                        	at org.testng.TestRunner.privateRun(TestRunner.java:767)
                        	at org.testng.TestRunner.run(TestRunner.java:617)
                        	at org.testng.SuiteRunner.runTest(SuiteRunner.java:334)
                        	at org.testng.SuiteRunner.runSequentially(SuiteRunner.java:329)
                        	at org.testng.SuiteRunner.privateRun(SuiteRunner.java:291)
                        	at org.testng.SuiteRunner.run(SuiteRunner.java:240)
                        	at org.testng.SuiteRunnerWorker.runSuite(SuiteRunnerWorker.java:52)
                        	at org.testng.SuiteRunnerWorker.run(SuiteRunnerWorker.java:86)
                        	at org.testng.TestNG.runSuitesSequentially(TestNG.java:1224)
                        	at org.testng.TestNG.runSuitesSequentially(TestNG.java:1220)
                        	at org.testng.TestNG.runSuitesLocally(TestNG.java:1149)
                        	at org.testng.TestNG.run(TestNG.java:1057)
                        	at org.testng.TestNG.privateMain(TestNG.java:1364)
                        	at org.testng.TestNG.main(TestNG.java:1333)
                        nnFailure 2 of 3:norg.openqa.selenium.NoSuchElementException: no such element
                        (Session info: chrome=46.0.2490.71)
                        (Driver info: chromedriver=2.6.232923,platform=Windows NT 6.1 SP1 x86_64) (WARNING: The server did not provide any stacktrace
                        information)
                        Command duration or timeout: 10.03 seconds
                        For documentation on this error, please visit: http://seleniumhq.org/exceptions/no_such_element.html
                        Build info: version: '2.44.0', revision: '76d78cf', time: '2014-10-23 20:03:00'
                        System info: host: 'ATLANTISPC-274', ip: '10.210.16.27', os.name: 'Windows 7', os.arch: 'amd64', os.version: '6.1', java.version:
                        '1.7.0_79'
                        Session ID: f9f8bb1b5c5632383c7b314f3cccfa7e
                        Driver info: org.openqa.selenium.chrome.ChromeDriver
                        Capabilities [{platform=XP, acceptSslCerts=true, javascriptEnabled=true, browserName=chrome, chrome={userDataDir=C:\Users\aakarg\AppData\Local\Temp\scoped_dir5008_23061},
                        rotatable=false, locationContextEnabled=true, version=46.0.2490.71, takesHeapSnapshot=true, cssSelectorsEnabled=true, databaseEnabled=false,
                        handlesAlerts=true, browserConnectionEnabled=false, webStorageEnabled=true, nativeEvents=true, applicationCacheEnabled=false,
                        takesScreenshot=true}]
                        	at sun.reflect.NativeConstructorAccessorImpl.newInstance0(Native Method)
                        	at sun.reflect.NativeConstructorAccessorImpl.newInstance(NativeConstructorAccessorImpl.java:57)
                        	at sun.reflect.DelegatingConstructorAccessorImpl.newInstance(DelegatingConstructorAccessorImpl.java:45)
                        	at java.lang.reflect.Constructor.newInstance(Constructor.java:526)
                        	at org.openqa.selenium.remote.ErrorHandler.createThrowable(ErrorHandler.java:204)
                        	at org.openqa.selenium.remote.ErrorHandler.throwIfResponseFailed(ErrorHandler.java:156)
                        	at org.openqa.selenium.remote.RemoteWebDriver.execute(RemoteWebDriver.java:599)
                        	at org.openqa.selenium.remote.RemoteWebDriver.findElement(RemoteWebDriver.java:352)
                        	at org.openqa.selenium.remote.RemoteWebDriver.findElementByXPath(RemoteWebDriver.java:449)
                        	at org.openqa.selenium.By$ByXPath.findElement(By.java:357)
                        	at org.openqa.selenium.remote.RemoteWebDriver.findElement(RemoteWebDriver.java:344)
                        	at com.qtpselenium.Login_Suite.NewCustomerRegistration.testCaseA2(NewCustomerRegistration.java:159)
                        	at sun.reflect.NativeMethodAccessorImpl.invoke0(Native Method)
                        	at sun.reflect.NativeMethodAccessorImpl.invoke(NativeMethodAccessorImpl.java:57)
                        	at sun.reflect.DelegatingMethodAccessorImpl.invoke(DelegatingMethodAccessorImpl.java:43)
                        	at java.lang.reflect.Method.invoke(Method.java:606)
                        	at org.testng.internal.MethodInvocationHelper.invokeMethod(MethodInvocationHelper.java:84)
                        	at org.testng.internal.Invoker.invokeMethod(Invoker.java:714)
                        	at org.testng.internal.Invoker.invokeTestMethod(Invoker.java:901)
                        	at org.testng.internal.Invoker.invokeTestMethods(Invoker.java:1231)
                        	at org.testng.internal.TestMethodWorker.invokeTestMethods(TestMethodWorker.java:127)
                        	at org.testng.internal.TestMethodWorker.run(TestMethodWorker.java:111)
                        	at org.testng.TestRunner.privateRun(TestRunner.java:767)
                        	at org.testng.TestRunner.run(TestRunner.java:617)
                        	at org.testng.SuiteRunner.runTest(SuiteRunner.java:334)
                        	at org.testng.SuiteRunner.runSequentially(SuiteRunner.java:329)
                        	at org.testng.SuiteRunner.privateRun(SuiteRunner.java:291)
                        	at org.testng.SuiteRunner.run(SuiteRunner.java:240)
                        	at org.testng.SuiteRunnerWorker.runSuite(SuiteRunnerWorker.java:52)
                        	at org.testng.SuiteRunnerWorker.run(SuiteRunnerWorker.java:86)
                        	at org.testng.TestNG.runSuitesSequentially(TestNG.java:1224)
                        	at org.testng.TestNG.runSuitesSequentially(TestNG.java:1220)
                        	at org.testng.TestNG.runSuitesLocally(TestNG.java:1149)
                        	at org.testng.TestNG.run(TestNG.java:1057)
                        	at org.testng.TestNG.privateMain(TestNG.java:1364)
                        	at org.testng.TestNG.main(TestNG.java:1333)
                        nnFailure 3 of 3:njava.lang.NullPointerException
                        	at com.qtpselenium.Login_Suite.NewCustomerRegistration.testCaseA2(NewCustomerRegistration.java:210)
                        	at sun.reflect.NativeMethodAccessorImpl.invoke0(Native Method)
                        	at sun.reflect.NativeMethodAccessorImpl.invoke(NativeMethodAccessorImpl.java:57)
                        	at sun.reflect.DelegatingMethodAccessorImpl.invoke(DelegatingMethodAccessorImpl.java:43)
                        	at java.lang.reflect.Method.invoke(Method.java:606)
                        	at org.testng.internal.MethodInvocationHelper.invokeMethod(MethodInvocationHelper.java:84)
                        	at org.testng.internal.Invoker.invokeMethod(Invoker.java:714)
                        	at org.testng.internal.Invoker.invokeTestMethod(Invoker.java:901)
                        	at org.testng.internal.Invoker.invokeTestMethods(Invoker.java:1231)
                        	at org.testng.internal.TestMethodWorker.invokeTestMethods(TestMethodWorker.java:127)
                        	at org.testng.internal.TestMethodWorker.run(TestMethodWorker.java:111)
                        	at org.testng.TestRunner.privateRun(TestRunner.java:767)
                        	at org.testng.TestRunner.run(TestRunner.java:617)
                        	at org.testng.SuiteRunner.runTest(SuiteRunner.java:334)
                        	at org.testng.SuiteRunner.runSequentially(SuiteRunner.java:329)
                        	at org.testng.SuiteRunner.privateRun(SuiteRunner.java:291)
                        	at org.testng.SuiteRunner.run(SuiteRunner.java:240)
                        	at org.testng.SuiteRunnerWorker.runSuite(SuiteRunnerWorker.java:52)
                        	at org.testng.SuiteRunnerWorker.run(SuiteRunnerWorker.java:86)
                        	at org.testng.TestNG.runSuitesSequentially(TestNG.java:1224)
                        	at org.testng.TestNG.runSuitesSequentially(TestNG.java:1220)
                        	at org.testng.TestNG.runSuitesLocally(TestNG.java:1149)
                        	at org.testng.TestNG.run(TestNG.java:1057)
                        	at org.testng.TestNG.privateMain(TestNG.java:1364)
                        	at org.testng.TestNG.main(TestNG.java:1333)
                     </pre>
                  </div>
               </td>
            </tr>
            <tr id="com.qtpselenium.Login_Suite.NewCustomerRegistration_reporterDataSetResult_byClass_PASS4_row"
                class="testMethodStatusPASS testMethodStatusCONF">
               <td width="100%" class="firstMethodCell">
                  <a onclick="toggleDetailsVisibility('com.qtpselenium.Login_Suite.NewCustomerRegistration_reporterDataSetResult_byClass_PASS4_details')">reporterDataSetResult()</a>
               </td>
               <td nowrap="true">01:47:10</td>
               <td nowrap="true" align="right">411 ms
                  
               </td>
               <td nowrap="true">
                   
                  
               </td>
            </tr>
            <tr>
               <td colspan="4" class="detailsBox">
                  <div id="com.qtpselenium.Login_Suite.NewCustomerRegistration_reporterDataSetResult_byClass_PASS4_details"
                       class="testMethodDetails">
                     <div>
                        <b>Name: </b>reporterDataSetResult
                     </div>
                     <div>
                        <b>Signature: </b>reporterDataSetResult()[pri:0, instance:com.qtpselenium.Login_Suite.NewCustomerRegistration@6ae006d8]
                     </div>
                     <div>
                        <b>Start time: </b>01:47:10
                     </div>
                     <div>
                        <b>End time: </b>01:47:10
                     </div>
                     <div>
                        <b>Duration: </b>411 ms
                        
                     </div>
                  </div>
               </td>
            </tr>
            <tr></tr>
            <tr id="com.qtpselenium.Login_Suite.NewCustomerRegistration_testCaseA2_byClass_FAIL5_row"
                class="testMethodStatusFAIL">
               <td width="100%" class="firstMethodCell">
                  <a onclick="toggleDetailsVisibility('com.qtpselenium.Login_Suite.NewCustomerRegistration_testCaseA2_byClass_FAIL5_details')">testCaseA2(Miss.
                     
                     ,
                     
                     Patel
                     
                     ,
                     
                     Nafeesa
                     
                     ,
                     
                     02/02/1990
                     
                     ,
                     
                     F
                     
                     ,
                     
                     9.87250364E9)
                  </a>
               </td>
               <td nowrap="true">01:47:10</td>
               <td nowrap="true" align="right">1m
                  14s
                  
               </td>
               <td nowrap="true">
                  <a onclick="toggleDetailsVisibility('com.qtpselenium.Login_Suite.NewCustomerRegistration_testCaseA2_byClass_FAIL5_exception')">java.lang.Throwable: 
                     Multiple failures (3):nnFailure 1 of 3:norg.openqa.selenium.NoSuchElementException: no such element
                     (Session info: chrome=46.0.2490.71)
                     (Driver info: chromedriver=2.6.232923,platform=Windows NT 6.1 SP1 x86_64) (WARNING: The server did not provide any stacktrace
                     information)
                     Command duration or timeout: 10.03 seconds
                     For documentation on this error, please visit: http://seleniumhq.org/exceptions/no_such_element.html
                     Build info: version: '2.44.0', revision: '76d78cf', time: '2014-10-23 20:03:00'
                     System info: host: 'ATLANTISPC-274', ip: '10.210.16.27', os.name: 'Windows 7', os.arch: 'amd64', os.version: '6.1', java.version:
                     '1.7.0_79'
                     Session ID: f9f8bb1b5c5632383c7b314f3cccfa7e
                     Driver info: org.openqa.selenium.chrome.ChromeDriver
                     Capabilities [{platform=XP, acceptSslCerts=true, javascriptEnabled=true, browserName=chrome, chrome={userDataDir=C:\Users\aakarg\AppData\Local\Temp\scoped_dir5008_23061},
                     rotatable=false, locationContextEnabled=true, version=46.0.2490.71, takesHeapSnapshot=true, cssSelectorsEnabled=true, databaseEnabled=false,
                     handlesAlerts=true, browserConnectionEnabled=false, webStorageEnabled=true, nativeEvents=true, applicationCacheEnabled=false,
                     takesScreenshot=true}]
                     	at sun.reflect.NativeConstructorAccessorImpl.newInstance0(Native Method)
                     	at sun.reflect.NativeConstructorAccessorImpl.newInstance(NativeConstructorAccessorImpl.java:57)
                     	at sun.reflect.DelegatingConstructorAccessorImpl.newInstance(DelegatingConstructorAccessorImpl.java:45)
                     	at java.lang.reflect.Constructor.newInstance(Constructor.java:526)
                     	at org.openqa.selenium.remote.ErrorHandler.createThrowable(ErrorHandler.java:204)
                     	at org.openqa.selenium.remote.ErrorHandler.throwIfResponseFailed(ErrorHandler.java:156)
                     	at org.openqa.selenium.remote.RemoteWebDriver.execute(RemoteWebDriver.java:599)
                     	at org.openqa.selenium.remote.RemoteWebDriver.findElement(RemoteWebDriver.java:352)
                     	at org.openqa.selenium.remote.RemoteWebDriver.findElementByClassName(RemoteWebDriver.java:433)
                     	at org.openqa.selenium.By$ByClassName.findElement(By.java:387)
                     	at org.openqa.selenium.remote.RemoteWebDriver.findElement(RemoteWebDriver.java:344)
                     	at com.qtpselenium.Login_Suite.NewCustomerRegistration.combine_alert_submit(NewCustomerRegistration.java:234)
                     	at com.qtpselenium.Login_Suite.NewCustomerRegistration.testCaseA2(NewCustomerRegistration.java:149)
                     	at sun.reflect.NativeMethodAccessorImpl.invoke0(Native Method)
                     	at sun.reflect.NativeMethodAccessorImpl.invoke(NativeMethodAccessorImpl.java:57)
                     	at sun.reflect.DelegatingMethodAccessorImpl.invoke(DelegatingMethodAccessorImpl.java:43)
                     	at java.lang.reflect.Method.invoke(Method.java:606)
                     	at org.testng.internal.MethodInvocationHelper.invokeMethod(MethodInvocationHelper.java:84)
                     	at org.testng.internal.Invoker.invokeMethod(Invoker.java:714)
                     	at org.testng.internal.Invoker.invokeTestMethod(Invoker.java:901)
                     	at org.testng.internal.Invoker.invokeTestMethods(Invoker.java:1231)
                     	at org.testng.internal.TestMethodWorker.invokeTestMethods(TestMethodWorker.java:127)
                     	at org.testng.internal.TestMethodWorker.run(TestMethodWorker.java:111)
                     	at org.testng.TestRunner.privateRun(TestRunner.java:767)
                     	at org.testng.TestRunner.run(TestRunner.java:617)
                     	at org.testng.SuiteRunner.runTest(SuiteRunner.java:334)
                     	at org.testng.SuiteRunner.runSequentially(SuiteRunner.java:329)
                     	at org.testng.SuiteRunner.privateRun(SuiteRunner.java:291)
                     	at org.testng.SuiteRunner.run(SuiteRunner.java:240)
                     	at org.testng.SuiteRunnerWorker.runSuite(SuiteRunnerWorker.java:52)
                     	at org.testng.SuiteRunnerWorker.run(SuiteRunnerWorker.java:86)
                     	at org.testng.TestNG.runSuitesSequentially(TestNG.java:1224)
                     	at org.testng.TestNG.runSuitesSequentially(TestNG.java:1220)
                     	at org.testng.TestNG.runSuitesLocally(TestNG.java:1149)
                     	at org.testng.TestNG.run(TestNG.java:1057)
                     	at org.testng.TestNG.privateMain(TestNG.java:1364)
                     	at org.testng.TestNG.main(TestNG.java:1333)
                     nnFailure 2 of 3:norg.openqa.selenium.NoSuchElementException: no such element
                     (Session info: chrome=46.0.2490.71)
                     (Driver info: chromedriver=2.6.232923,platform=Windows NT 6.1 SP1 x86_64) (WARNING: The server did not provide any stacktrace
                     information)
                     Command duration or timeout: 10.04 seconds
                     For documentation on this error, please visit: http://seleniumhq.org/exceptions/no_such_element.html
                     Build info: version: '2.44.0', revision: '76d78cf', time: '2014-10-23 20:03:00'
                     System info: host: 'ATLANTISPC-274', ip: '10.210.16.27', os.name: 'Windows 7', os.arch: 'amd64', os.version: '6.1', java.version:
                     '1.7.0_79'
                     Session ID: f9f8bb1b5c5632383c7b314f3cccfa7e
                     Driver info: org.openqa.selenium.chrome.ChromeDriver
                     Capabilities [{platform=XP, acceptSslCerts=true, javascriptEnabled=true, browserName=chrome, chrome={userDataDir=C:\Users\aakarg\AppData\Local\Temp\scoped_dir5008_23061},
                     rotatable=false, locationContextEnabled=true, version=46.0.2490.71, takesHeapSnapshot=true, cssSelectorsEnabled=true, databaseEnabled=false,
                     handlesAlerts=true, browserConnectionEnabled=false, webStorageEnabled=true, nativeEvents=true, applicationCacheEnabled=false,
                     takesScreenshot=true}]
                     	at sun.reflect.NativeConstructorAccessorImpl.newInstance0(Native Method)
                     	at sun.reflect.NativeConstructorAccessorImpl.newInstance(NativeConstructorAccessorImpl.java:57)
                     	at sun.reflect.DelegatingConstructorAccessorImpl.newInstance(DelegatingConstructorAccessorImpl.java:45)
                     	at java.lang.reflect.Constructor.newInstance(Constructor.java:526)
                     	at org.openqa.selenium.remote.ErrorHandler.createThrowable(ErrorHandler.java:204)
                     	at org.openqa.selenium.remote.ErrorHandler.throwIfResponseFailed(ErrorHandler.java:156)
                     	at org.openqa.selenium.remote.RemoteWebDriver.execute(RemoteWebDriver.java:599)
                     	at org.openqa.selenium.remote.RemoteWebDriver.findElement(RemoteWebDriver.java:352)
                     	at org.openqa.selenium.remote.RemoteWebDriver.findElementByXPath(RemoteWebDriver.java:449)
                     	at org.openqa.selenium.By$ByXPath.findElement(By.java:357)
                     	at org.openqa.selenium.remote.RemoteWebDriver.findElement(RemoteWebDriver.java:344)
                     	at com.qtpselenium.Login_Suite.NewCustomerRegistration.testCaseA2(NewCustomerRegistration.java:159)
                     	at sun.reflect.NativeMethodAccessorImpl.invoke0(Native Method)
                     	at sun.reflect.NativeMethodAccessorImpl.invoke(NativeMethodAccessorImpl.java:57)
                     	at sun.reflect.DelegatingMethodAccessorImpl.invoke(DelegatingMethodAccessorImpl.java:43)
                     	at java.lang.reflect.Method.invoke(Method.java:606)
                     	at org.testng.internal.MethodInvocationHelper.invokeMethod(MethodInvocationHelper.java:84)
                     	at org.testng.internal.Invoker.invokeMethod(Invoker.java:714)
                     	at org.testng.internal.Invoker.invokeTestMethod(Invoker.java:901)
                     	at org.testng.internal.Invoker.invokeTestMethods(Invoker.java:1231)
                     	at org.testng.internal.TestMethodWorker.invokeTestMethods(TestMethodWorker.java:127)
                     	at org.testng.internal.TestMethodWorker.run(TestMethodWorker.java:111)
                     	at org.testng.TestRunner.privateRun(TestRunner.java:767)
                     	at org.testng.TestRunner.run(TestRunner.java:617)
                     	at org.testng.SuiteRunner.runTest(SuiteRunner.java:334)
                     	at org.testng.SuiteRunner.runSequentially(SuiteRunner.java:329)
                     	at org.testng.SuiteRunner.privateRun(SuiteRunner.java:291)
                     	at org.testng.SuiteRunner.run(SuiteRunner.java:240)
                     	at org.testng.SuiteRunnerWorker.runSuite(SuiteRunnerWorker.java:52)
                     	at org.testng.SuiteRunnerWorker.run(SuiteRunnerWorker.java:86)
                     	at org.testng.TestNG.runSuitesSequentially(TestNG.java:1224)
                     	at org.testng.TestNG.runSuitesSequentially(TestNG.java:1220)
                     	at org.testng.TestNG.runSuitesLocally(TestNG.java:1149)
                     	at org.testng.TestNG.run(TestNG.java:1057)
                     	at org.testng.TestNG.privateMain(TestNG.java:1364)
                     	at org.testng.TestNG.main(TestNG.java:1333)
                     nnFailure 3 of 3:njava.lang.NullPointerException
                     
                  </a>
                   
                  
               </td>
            </tr>
            <tr>
               <td colspan="4" class="detailsBox">
                  <div id="com.qtpselenium.Login_Suite.NewCustomerRegistration_testCaseA2_byClass_FAIL5_details"
                       class="testMethodDetails">
                     <div>
                        <b>Name: </b>testCaseA2
                     </div>
                     <div>
                        <b>Signature: </b>testCaseA2(java.lang.String, java.lang.String, java.lang.String, java.lang.String, java.lang.String, java.lang.String)[pri:0,
                        instance:com.qtpselenium.Login_Suite.NewCustomerRegistration@6ae006d8]
                     </div>
                     <div>
                        <b>Parameters: </b>
                        
                        Miss.
                        
                        ,
                        
                        Patel
                        
                        ,
                        
                        Nafeesa
                        
                        ,
                        
                        02/02/1990
                        
                        ,
                        
                        F
                        
                        ,
                        
                        9.87250364E9
                        
                        
                     </div>
                     <div>
                        <b>Start time: </b>01:47:10
                     </div>
                     <div>
                        <b>End time: </b>01:48:24
                     </div>
                     <div>
                        <b>Duration: </b>1m
                        14s
                        
                     </div>
                  </div>
               </td>
            </tr>
            <tr>
               <td colspan="4" class="detailsBox">
                  <div id="com.qtpselenium.Login_Suite.NewCustomerRegistration_testCaseA2_byClass_FAIL5_exception"
                       class="testMethodDetails">
                     <pre style="padding: 5px; margin: 0;">java.lang.Throwable: Multiple failures (3):nnFailure 1 of 3:norg.openqa.selenium.NoSuchElementException: no such element
                        (Session info: chrome=46.0.2490.71)
                        (Driver info: chromedriver=2.6.232923,platform=Windows NT 6.1 SP1 x86_64) (WARNING: The server did not provide any stacktrace
                        information)
                        Command duration or timeout: 10.03 seconds
                        For documentation on this error, please visit: http://seleniumhq.org/exceptions/no_such_element.html
                        Build info: version: '2.44.0', revision: '76d78cf', time: '2014-10-23 20:03:00'
                        System info: host: 'ATLANTISPC-274', ip: '10.210.16.27', os.name: 'Windows 7', os.arch: 'amd64', os.version: '6.1', java.version:
                        '1.7.0_79'
                        Session ID: f9f8bb1b5c5632383c7b314f3cccfa7e
                        Driver info: org.openqa.selenium.chrome.ChromeDriver
                        Capabilities [{platform=XP, acceptSslCerts=true, javascriptEnabled=true, browserName=chrome, chrome={userDataDir=C:\Users\aakarg\AppData\Local\Temp\scoped_dir5008_23061},
                        rotatable=false, locationContextEnabled=true, version=46.0.2490.71, takesHeapSnapshot=true, cssSelectorsEnabled=true, databaseEnabled=false,
                        handlesAlerts=true, browserConnectionEnabled=false, webStorageEnabled=true, nativeEvents=true, applicationCacheEnabled=false,
                        takesScreenshot=true}]
                        	at sun.reflect.NativeConstructorAccessorImpl.newInstance0(Native Method)
                        	at sun.reflect.NativeConstructorAccessorImpl.newInstance(NativeConstructorAccessorImpl.java:57)
                        	at sun.reflect.DelegatingConstructorAccessorImpl.newInstance(DelegatingConstructorAccessorImpl.java:45)
                        	at java.lang.reflect.Constructor.newInstance(Constructor.java:526)
                        	at org.openqa.selenium.remote.ErrorHandler.createThrowable(ErrorHandler.java:204)
                        	at org.openqa.selenium.remote.ErrorHandler.throwIfResponseFailed(ErrorHandler.java:156)
                        	at org.openqa.selenium.remote.RemoteWebDriver.execute(RemoteWebDriver.java:599)
                        	at org.openqa.selenium.remote.RemoteWebDriver.findElement(RemoteWebDriver.java:352)
                        	at org.openqa.selenium.remote.RemoteWebDriver.findElementByClassName(RemoteWebDriver.java:433)
                        	at org.openqa.selenium.By$ByClassName.findElement(By.java:387)
                        	at org.openqa.selenium.remote.RemoteWebDriver.findElement(RemoteWebDriver.java:344)
                        	at com.qtpselenium.Login_Suite.NewCustomerRegistration.combine_alert_submit(NewCustomerRegistration.java:234)
                        	at com.qtpselenium.Login_Suite.NewCustomerRegistration.testCaseA2(NewCustomerRegistration.java:149)
                        	at sun.reflect.NativeMethodAccessorImpl.invoke0(Native Method)
                        	at sun.reflect.NativeMethodAccessorImpl.invoke(NativeMethodAccessorImpl.java:57)
                        	at sun.reflect.DelegatingMethodAccessorImpl.invoke(DelegatingMethodAccessorImpl.java:43)
                        	at java.lang.reflect.Method.invoke(Method.java:606)
                        	at org.testng.internal.MethodInvocationHelper.invokeMethod(MethodInvocationHelper.java:84)
                        	at org.testng.internal.Invoker.invokeMethod(Invoker.java:714)
                        	at org.testng.internal.Invoker.invokeTestMethod(Invoker.java:901)
                        	at org.testng.internal.Invoker.invokeTestMethods(Invoker.java:1231)
                        	at org.testng.internal.TestMethodWorker.invokeTestMethods(TestMethodWorker.java:127)
                        	at org.testng.internal.TestMethodWorker.run(TestMethodWorker.java:111)
                        	at org.testng.TestRunner.privateRun(TestRunner.java:767)
                        	at org.testng.TestRunner.run(TestRunner.java:617)
                        	at org.testng.SuiteRunner.runTest(SuiteRunner.java:334)
                        	at org.testng.SuiteRunner.runSequentially(SuiteRunner.java:329)
                        	at org.testng.SuiteRunner.privateRun(SuiteRunner.java:291)
                        	at org.testng.SuiteRunner.run(SuiteRunner.java:240)
                        	at org.testng.SuiteRunnerWorker.runSuite(SuiteRunnerWorker.java:52)
                        	at org.testng.SuiteRunnerWorker.run(SuiteRunnerWorker.java:86)
                        	at org.testng.TestNG.runSuitesSequentially(TestNG.java:1224)
                        	at org.testng.TestNG.runSuitesSequentially(TestNG.java:1220)
                        	at org.testng.TestNG.runSuitesLocally(TestNG.java:1149)
                        	at org.testng.TestNG.run(TestNG.java:1057)
                        	at org.testng.TestNG.privateMain(TestNG.java:1364)
                        	at org.testng.TestNG.main(TestNG.java:1333)
                        nnFailure 2 of 3:norg.openqa.selenium.NoSuchElementException: no such element
                        (Session info: chrome=46.0.2490.71)
                        (Driver info: chromedriver=2.6.232923,platform=Windows NT 6.1 SP1 x86_64) (WARNING: The server did not provide any stacktrace
                        information)
                        Command duration or timeout: 10.04 seconds
                        For documentation on this error, please visit: http://seleniumhq.org/exceptions/no_such_element.html
                        Build info: version: '2.44.0', revision: '76d78cf', time: '2014-10-23 20:03:00'
                        System info: host: 'ATLANTISPC-274', ip: '10.210.16.27', os.name: 'Windows 7', os.arch: 'amd64', os.version: '6.1', java.version:
                        '1.7.0_79'
                        Session ID: f9f8bb1b5c5632383c7b314f3cccfa7e
                        Driver info: org.openqa.selenium.chrome.ChromeDriver
                        Capabilities [{platform=XP, acceptSslCerts=true, javascriptEnabled=true, browserName=chrome, chrome={userDataDir=C:\Users\aakarg\AppData\Local\Temp\scoped_dir5008_23061},
                        rotatable=false, locationContextEnabled=true, version=46.0.2490.71, takesHeapSnapshot=true, cssSelectorsEnabled=true, databaseEnabled=false,
                        handlesAlerts=true, browserConnectionEnabled=false, webStorageEnabled=true, nativeEvents=true, applicationCacheEnabled=false,
                        takesScreenshot=true}]
                        	at sun.reflect.NativeConstructorAccessorImpl.newInstance0(Native Method)
                        	at sun.reflect.NativeConstructorAccessorImpl.newInstance(NativeConstructorAccessorImpl.java:57)
                        	at sun.reflect.DelegatingConstructorAccessorImpl.newInstance(DelegatingConstructorAccessorImpl.java:45)
                        	at java.lang.reflect.Constructor.newInstance(Constructor.java:526)
                        	at org.openqa.selenium.remote.ErrorHandler.createThrowable(ErrorHandler.java:204)
                        	at org.openqa.selenium.remote.ErrorHandler.throwIfResponseFailed(ErrorHandler.java:156)
                        	at org.openqa.selenium.remote.RemoteWebDriver.execute(RemoteWebDriver.java:599)
                        	at org.openqa.selenium.remote.RemoteWebDriver.findElement(RemoteWebDriver.java:352)
                        	at org.openqa.selenium.remote.RemoteWebDriver.findElementByXPath(RemoteWebDriver.java:449)
                        	at org.openqa.selenium.By$ByXPath.findElement(By.java:357)
                        	at org.openqa.selenium.remote.RemoteWebDriver.findElement(RemoteWebDriver.java:344)
                        	at com.qtpselenium.Login_Suite.NewCustomerRegistration.testCaseA2(NewCustomerRegistration.java:159)
                        	at sun.reflect.NativeMethodAccessorImpl.invoke0(Native Method)
                        	at sun.reflect.NativeMethodAccessorImpl.invoke(NativeMethodAccessorImpl.java:57)
                        	at sun.reflect.DelegatingMethodAccessorImpl.invoke(DelegatingMethodAccessorImpl.java:43)
                        	at java.lang.reflect.Method.invoke(Method.java:606)
                        	at org.testng.internal.MethodInvocationHelper.invokeMethod(MethodInvocationHelper.java:84)
                        	at org.testng.internal.Invoker.invokeMethod(Invoker.java:714)
                        	at org.testng.internal.Invoker.invokeTestMethod(Invoker.java:901)
                        	at org.testng.internal.Invoker.invokeTestMethods(Invoker.java:1231)
                        	at org.testng.internal.TestMethodWorker.invokeTestMethods(TestMethodWorker.java:127)
                        	at org.testng.internal.TestMethodWorker.run(TestMethodWorker.java:111)
                        	at org.testng.TestRunner.privateRun(TestRunner.java:767)
                        	at org.testng.TestRunner.run(TestRunner.java:617)
                        	at org.testng.SuiteRunner.runTest(SuiteRunner.java:334)
                        	at org.testng.SuiteRunner.runSequentially(SuiteRunner.java:329)
                        	at org.testng.SuiteRunner.privateRun(SuiteRunner.java:291)
                        	at org.testng.SuiteRunner.run(SuiteRunner.java:240)
                        	at org.testng.SuiteRunnerWorker.runSuite(SuiteRunnerWorker.java:52)
                        	at org.testng.SuiteRunnerWorker.run(SuiteRunnerWorker.java:86)
                        	at org.testng.TestNG.runSuitesSequentially(TestNG.java:1224)
                        	at org.testng.TestNG.runSuitesSequentially(TestNG.java:1220)
                        	at org.testng.TestNG.runSuitesLocally(TestNG.java:1149)
                        	at org.testng.TestNG.run(TestNG.java:1057)
                        	at org.testng.TestNG.privateMain(TestNG.java:1364)
                        	at org.testng.TestNG.main(TestNG.java:1333)
                        nnFailure 3 of 3:njava.lang.NullPointerException
                        	at com.qtpselenium.Login_Suite.NewCustomerRegistration.testCaseA2(NewCustomerRegistration.java:210)
                        	at sun.reflect.NativeMethodAccessorImpl.invoke0(Native Method)
                        	at sun.reflect.NativeMethodAccessorImpl.invoke(NativeMethodAccessorImpl.java:57)
                        	at sun.reflect.DelegatingMethodAccessorImpl.invoke(DelegatingMethodAccessorImpl.java:43)
                        	at java.lang.reflect.Method.invoke(Method.java:606)
                        	at org.testng.internal.MethodInvocationHelper.invokeMethod(MethodInvocationHelper.java:84)
                        	at org.testng.internal.Invoker.invokeMethod(Invoker.java:714)
                        	at org.testng.internal.Invoker.invokeTestMethod(Invoker.java:901)
                        	at org.testng.internal.Invoker.invokeTestMethods(Invoker.java:1231)
                        	at org.testng.internal.TestMethodWorker.invokeTestMethods(TestMethodWorker.java:127)
                        	at org.testng.internal.TestMethodWorker.run(TestMethodWorker.java:111)
                        	at org.testng.TestRunner.privateRun(TestRunner.java:767)
                        	at org.testng.TestRunner.run(TestRunner.java:617)
                        	at org.testng.SuiteRunner.runTest(SuiteRunner.java:334)
                        	at org.testng.SuiteRunner.runSequentially(SuiteRunner.java:329)
                        	at org.testng.SuiteRunner.privateRun(SuiteRunner.java:291)
                        	at org.testng.SuiteRunner.run(SuiteRunner.java:240)
                        	at org.testng.SuiteRunnerWorker.runSuite(SuiteRunnerWorker.java:52)
                        	at org.testng.SuiteRunnerWorker.run(SuiteRunnerWorker.java:86)
                        	at org.testng.TestNG.runSuitesSequentially(TestNG.java:1224)
                        	at org.testng.TestNG.runSuitesSequentially(TestNG.java:1220)
                        	at org.testng.TestNG.runSuitesLocally(TestNG.java:1149)
                        	at org.testng.TestNG.run(TestNG.java:1057)
                        	at org.testng.TestNG.privateMain(TestNG.java:1364)
                        	at org.testng.TestNG.main(TestNG.java:1333)
                     </pre>
                  </div>
               </td>
            </tr>
            <tr id="com.qtpselenium.Login_Suite.NewCustomerRegistration_reporterDataSetResult_byClass_PASS6_row"
                class="testMethodStatusPASS testMethodStatusCONF">
               <td width="100%" class="firstMethodCell">
                  <a onclick="toggleDetailsVisibility('com.qtpselenium.Login_Suite.NewCustomerRegistration_reporterDataSetResult_byClass_PASS6_details')">reporterDataSetResult()</a>
               </td>
               <td nowrap="true">01:48:24</td>
               <td nowrap="true" align="right">8 ms
                  
               </td>
               <td nowrap="true">
                   
                  
               </td>
            </tr>
            <tr>
               <td colspan="4" class="detailsBox">
                  <div id="com.qtpselenium.Login_Suite.NewCustomerRegistration_reporterDataSetResult_byClass_PASS6_details"
                       class="testMethodDetails">
                     <div>
                        <b>Name: </b>reporterDataSetResult
                     </div>
                     <div>
                        <b>Signature: </b>reporterDataSetResult()[pri:0, instance:com.qtpselenium.Login_Suite.NewCustomerRegistration@6ae006d8]
                     </div>
                     <div>
                        <b>Start time: </b>01:48:24
                     </div>
                     <div>
                        <b>End time: </b>01:48:24
                     </div>
                     <div>
                        <b>Duration: </b>8 ms
                        
                     </div>
                  </div>
               </td>
            </tr>
            <tr></tr>
            <tr id="com.qtpselenium.Login_Suite.NewCustomerRegistration_testCaseA2_byClass_PASS7_row"
                class="testMethodStatusPASS">
               <td width="100%" class="firstMethodCell">
                  <a onclick="toggleDetailsVisibility('com.qtpselenium.Login_Suite.NewCustomerRegistration_testCaseA2_byClass_PASS7_details')">testCaseA2(Miss.
                     
                     ,
                     
                     Khan
                     
                     ,
                     
                     Nafeesa
                     
                     ,
                     
                     02/02/1990
                     
                     ,
                     
                     F
                     
                     ,
                     
                     9.87250364E9)
                  </a>
               </td>
               <td nowrap="true">01:48:24</td>
               <td nowrap="true" align="right">2m
                  38s
                  
               </td>
               <td nowrap="true">
                   
                  
               </td>
            </tr>
            <tr>
               <td colspan="4" class="detailsBox">
                  <div id="com.qtpselenium.Login_Suite.NewCustomerRegistration_testCaseA2_byClass_PASS7_details"
                       class="testMethodDetails">
                     <div>
                        <b>Name: </b>testCaseA2
                     </div>
                     <div>
                        <b>Signature: </b>testCaseA2(java.lang.String, java.lang.String, java.lang.String, java.lang.String, java.lang.String, java.lang.String)[pri:0,
                        instance:com.qtpselenium.Login_Suite.NewCustomerRegistration@6ae006d8]
                     </div>
                     <div>
                        <b>Parameters: </b>
                        
                        Miss.
                        
                        ,
                        
                        Khan
                        
                        ,
                        
                        Nafeesa
                        
                        ,
                        
                        02/02/1990
                        
                        ,
                        
                        F
                        
                        ,
                        
                        9.87250364E9
                        
                        
                     </div>
                     <div>
                        <b>Start time: </b>01:48:24
                     </div>
                     <div>
                        <b>End time: </b>01:50:02
                     </div>
                     <div>
                        <b>Duration: </b>2m
                        38s
                        
                     </div>
                  </div>
               </td>
            </tr>
            <tr></tr>
            <tr id="com.qtpselenium.Login_Suite.NewCustomerRegistration_reporterDataSetResult_byClass_PASS8_row"
                class="testMethodStatusPASS testMethodStatusCONF">
               <td width="100%" class="firstMethodCell">
                  <a onclick="toggleDetailsVisibility('com.qtpselenium.Login_Suite.NewCustomerRegistration_reporterDataSetResult_byClass_PASS8_details')">reporterDataSetResult()</a>
               </td>
               <td nowrap="true">01:50:02</td>
               <td nowrap="true" align="right">1 ms
                  
               </td>
               <td nowrap="true">
                   
                  
               </td>
            </tr>
            <tr>
               <td colspan="4" class="detailsBox">
                  <div id="com.qtpselenium.Login_Suite.NewCustomerRegistration_reporterDataSetResult_byClass_PASS8_details"
                       class="testMethodDetails">
                     <div>
                        <b>Name: </b>reporterDataSetResult
                     </div>
                     <div>
                        <b>Signature: </b>reporterDataSetResult()[pri:0, instance:com.qtpselenium.Login_Suite.NewCustomerRegistration@6ae006d8]
                     </div>
                     <div>
                        <b>Start time: </b>01:50:02
                     </div>
                     <div>
                        <b>End time: </b>01:50:02
                     </div>
                     <div>
                        <b>Duration: </b>1 ms
                        
                     </div>
                  </div>
               </td>
            </tr>
            <tr></tr>
            <tr id="com.qtpselenium.Login_Suite.NewCustomerRegistration_testCaseA2_byClass_FAIL9_row"
                class="testMethodStatusFAIL">
               <td width="100%" class="firstMethodCell">
                  <a onclick="toggleDetailsVisibility('com.qtpselenium.Login_Suite.NewCustomerRegistration_testCaseA2_byClass_FAIL9_details')">testCaseA2(Sir
                     
                     ,
                     
                     Pathan
                     
                     ,
                     
                     Yusuf
                     
                     ,
                     
                     10/08/2001
                     
                     ,
                     
                     F
                     
                     ,
                     
                     1.2365498705E10)
                  </a>
               </td>
               <td nowrap="true">01:50:02</td>
               <td nowrap="true" align="right">1m
                  13s
                  
               </td>
               <td nowrap="true">
                  <a onclick="toggleDetailsVisibility('com.qtpselenium.Login_Suite.NewCustomerRegistration_testCaseA2_byClass_FAIL9_exception')">java.lang.Throwable: 
                     Multiple failures (3):nnFailure 1 of 3:norg.openqa.selenium.NoSuchElementException: no such element
                     (Session info: chrome=46.0.2490.71)
                     (Driver info: chromedriver=2.6.232923,platform=Windows NT 6.1 SP1 x86_64) (WARNING: The server did not provide any stacktrace
                     information)
                     Command duration or timeout: 10.05 seconds
                     For documentation on this error, please visit: http://seleniumhq.org/exceptions/no_such_element.html
                     Build info: version: '2.44.0', revision: '76d78cf', time: '2014-10-23 20:03:00'
                     System info: host: 'ATLANTISPC-274', ip: '10.210.16.27', os.name: 'Windows 7', os.arch: 'amd64', os.version: '6.1', java.version:
                     '1.7.0_79'
                     Session ID: f9f8bb1b5c5632383c7b314f3cccfa7e
                     Driver info: org.openqa.selenium.chrome.ChromeDriver
                     Capabilities [{platform=XP, acceptSslCerts=true, javascriptEnabled=true, browserName=chrome, chrome={userDataDir=C:\Users\aakarg\AppData\Local\Temp\scoped_dir5008_23061},
                     rotatable=false, locationContextEnabled=true, version=46.0.2490.71, takesHeapSnapshot=true, cssSelectorsEnabled=true, databaseEnabled=false,
                     handlesAlerts=true, browserConnectionEnabled=false, webStorageEnabled=true, nativeEvents=true, applicationCacheEnabled=false,
                     takesScreenshot=true}]
                     	at sun.reflect.NativeConstructorAccessorImpl.newInstance0(Native Method)
                     	at sun.reflect.NativeConstructorAccessorImpl.newInstance(NativeConstructorAccessorImpl.java:57)
                     	at sun.reflect.DelegatingConstructorAccessorImpl.newInstance(DelegatingConstructorAccessorImpl.java:45)
                     	at java.lang.reflect.Constructor.newInstance(Constructor.java:526)
                     	at org.openqa.selenium.remote.ErrorHandler.createThrowable(ErrorHandler.java:204)
                     	at org.openqa.selenium.remote.ErrorHandler.throwIfResponseFailed(ErrorHandler.java:156)
                     	at org.openqa.selenium.remote.RemoteWebDriver.execute(RemoteWebDriver.java:599)
                     	at org.openqa.selenium.remote.RemoteWebDriver.findElement(RemoteWebDriver.java:352)
                     	at org.openqa.selenium.remote.RemoteWebDriver.findElementByClassName(RemoteWebDriver.java:433)
                     	at org.openqa.selenium.By$ByClassName.findElement(By.java:387)
                     	at org.openqa.selenium.remote.RemoteWebDriver.findElement(RemoteWebDriver.java:344)
                     	at com.qtpselenium.Login_Suite.NewCustomerRegistration.combine_alert_submit(NewCustomerRegistration.java:234)
                     	at com.qtpselenium.Login_Suite.NewCustomerRegistration.testCaseA2(NewCustomerRegistration.java:149)
                     	at sun.reflect.NativeMethodAccessorImpl.invoke0(Native Method)
                     	at sun.reflect.NativeMethodAccessorImpl.invoke(NativeMethodAccessorImpl.java:57)
                     	at sun.reflect.DelegatingMethodAccessorImpl.invoke(DelegatingMethodAccessorImpl.java:43)
                     	at java.lang.reflect.Method.invoke(Method.java:606)
                     	at org.testng.internal.MethodInvocationHelper.invokeMethod(MethodInvocationHelper.java:84)
                     	at org.testng.internal.Invoker.invokeMethod(Invoker.java:714)
                     	at org.testng.internal.Invoker.invokeTestMethod(Invoker.java:901)
                     	at org.testng.internal.Invoker.invokeTestMethods(Invoker.java:1231)
                     	at org.testng.internal.TestMethodWorker.invokeTestMethods(TestMethodWorker.java:127)
                     	at org.testng.internal.TestMethodWorker.run(TestMethodWorker.java:111)
                     	at org.testng.TestRunner.privateRun(TestRunner.java:767)
                     	at org.testng.TestRunner.run(TestRunner.java:617)
                     	at org.testng.SuiteRunner.runTest(SuiteRunner.java:334)
                     	at org.testng.SuiteRunner.runSequentially(SuiteRunner.java:329)
                     	at org.testng.SuiteRunner.privateRun(SuiteRunner.java:291)
                     	at org.testng.SuiteRunner.run(SuiteRunner.java:240)
                     	at org.testng.SuiteRunnerWorker.runSuite(SuiteRunnerWorker.java:52)
                     	at org.testng.SuiteRunnerWorker.run(SuiteRunnerWorker.java:86)
                     	at org.testng.TestNG.runSuitesSequentially(TestNG.java:1224)
                     	at org.testng.TestNG.runSuitesSequentially(TestNG.java:1220)
                     	at org.testng.TestNG.runSuitesLocally(TestNG.java:1149)
                     	at org.testng.TestNG.run(TestNG.java:1057)
                     	at org.testng.TestNG.privateMain(TestNG.java:1364)
                     	at org.testng.TestNG.main(TestNG.java:1333)
                     nnFailure 2 of 3:norg.openqa.selenium.NoSuchElementException: no such element
                     (Session info: chrome=46.0.2490.71)
                     (Driver info: chromedriver=2.6.232923,platform=Windows NT 6.1 SP1 x86_64) (WARNING: The server did not provide any stacktrace
                     information)
                     Command duration or timeout: 10.05 seconds
                     For documentation on this error, please visit: http://seleniumhq.org/exceptions/no_such_element.html
                     Build info: version: '2.44.0', revision: '76d78cf', time: '2014-10-23 20:03:00'
                     System info: host: 'ATLANTISPC-274', ip: '10.210.16.27', os.name: 'Windows 7', os.arch: 'amd64', os.version: '6.1', java.version:
                     '1.7.0_79'
                     Session ID: f9f8bb1b5c5632383c7b314f3cccfa7e
                     Driver info: org.openqa.selenium.chrome.ChromeDriver
                     Capabilities [{platform=XP, acceptSslCerts=true, javascriptEnabled=true, browserName=chrome, chrome={userDataDir=C:\Users\aakarg\AppData\Local\Temp\scoped_dir5008_23061},
                     rotatable=false, locationContextEnabled=true, version=46.0.2490.71, takesHeapSnapshot=true, cssSelectorsEnabled=true, databaseEnabled=false,
                     handlesAlerts=true, browserConnectionEnabled=false, webStorageEnabled=true, nativeEvents=true, applicationCacheEnabled=false,
                     takesScreenshot=true}]
                     	at sun.reflect.NativeConstructorAccessorImpl.newInstance0(Native Method)
                     	at sun.reflect.NativeConstructorAccessorImpl.newInstance(NativeConstructorAccessorImpl.java:57)
                     	at sun.reflect.DelegatingConstructorAccessorImpl.newInstance(DelegatingConstructorAccessorImpl.java:45)
                     	at java.lang.reflect.Constructor.newInstance(Constructor.java:526)
                     	at org.openqa.selenium.remote.ErrorHandler.createThrowable(ErrorHandler.java:204)
                     	at org.openqa.selenium.remote.ErrorHandler.throwIfResponseFailed(ErrorHandler.java:156)
                     	at org.openqa.selenium.remote.RemoteWebDriver.execute(RemoteWebDriver.java:599)
                     	at org.openqa.selenium.remote.RemoteWebDriver.findElement(RemoteWebDriver.java:352)
                     	at org.openqa.selenium.remote.RemoteWebDriver.findElementByXPath(RemoteWebDriver.java:449)
                     	at org.openqa.selenium.By$ByXPath.findElement(By.java:357)
                     	at org.openqa.selenium.remote.RemoteWebDriver.findElement(RemoteWebDriver.java:344)
                     	at com.qtpselenium.Login_Suite.NewCustomerRegistration.testCaseA2(NewCustomerRegistration.java:159)
                     	at sun.reflect.NativeMethodAccessorImpl.invoke0(Native Method)
                     	at sun.reflect.NativeMethodAccessorImpl.invoke(NativeMethodAccessorImpl.java:57)
                     	at sun.reflect.DelegatingMethodAccessorImpl.invoke(DelegatingMethodAccessorImpl.java:43)
                     	at java.lang.reflect.Method.invoke(Method.java:606)
                     	at org.testng.internal.MethodInvocationHelper.invokeMethod(MethodInvocationHelper.java:84)
                     	at org.testng.internal.Invoker.invokeMethod(Invoker.java:714)
                     	at org.testng.internal.Invoker.invokeTestMethod(Invoker.java:901)
                     	at org.testng.internal.Invoker.invokeTestMethods(Invoker.java:1231)
                     	at org.testng.internal.TestMethodWorker.invokeTestMethods(TestMethodWorker.java:127)
                     	at org.testng.internal.TestMethodWorker.run(TestMethodWorker.java:111)
                     	at org.testng.TestRunner.privateRun(TestRunner.java:767)
                     	at org.testng.TestRunner.run(TestRunner.java:617)
                     	at org.testng.SuiteRunner.runTest(SuiteRunner.java:334)
                     	at org.testng.SuiteRunner.runSequentially(SuiteRunner.java:329)
                     	at org.testng.SuiteRunner.privateRun(SuiteRunner.java:291)
                     	at org.testng.SuiteRunner.run(SuiteRunner.java:240)
                     	at org.testng.SuiteRunnerWorker.runSuite(SuiteRunnerWorker.java:52)
                     	at org.testng.SuiteRunnerWorker.run(SuiteRunnerWorker.java:86)
                     	at org.testng.TestNG.runSuitesSequentially(TestNG.java:1224)
                     	at org.testng.TestNG.runSuitesSequentially(TestNG.java:1220)
                     	at org.testng.TestNG.runSuitesLocally(TestNG.java:1149)
                     	at org.testng.TestNG.run(TestNG.java:1057)
                     	at org.testng.TestNG.privateMain(TestNG.java:1364)
                     	at org.testng.TestNG.main(TestNG.java:1333)
                     nnFailure 3 of 3:njava.lang.NullPointerException
                     
                  </a>
                   
                  
               </td>
            </tr>
            <tr>
               <td colspan="4" class="detailsBox">
                  <div id="com.qtpselenium.Login_Suite.NewCustomerRegistration_testCaseA2_byClass_FAIL9_details"
                       class="testMethodDetails">
                     <div>
                        <b>Name: </b>testCaseA2
                     </div>
                     <div>
                        <b>Signature: </b>testCaseA2(java.lang.String, java.lang.String, java.lang.String, java.lang.String, java.lang.String, java.lang.String)[pri:0,
                        instance:com.qtpselenium.Login_Suite.NewCustomerRegistration@6ae006d8]
                     </div>
                     <div>
                        <b>Parameters: </b>
                        
                        Sir
                        
                        ,
                        
                        Pathan
                        
                        ,
                        
                        Yusuf
                        
                        ,
                        
                        10/08/2001
                        
                        ,
                        
                        F
                        
                        ,
                        
                        1.2365498705E10
                        
                        
                     </div>
                     <div>
                        <b>Start time: </b>01:50:02
                     </div>
                     <div>
                        <b>End time: </b>01:51:15
                     </div>
                     <div>
                        <b>Duration: </b>1m
                        13s
                        
                     </div>
                  </div>
               </td>
            </tr>
            <tr>
               <td colspan="4" class="detailsBox">
                  <div id="com.qtpselenium.Login_Suite.NewCustomerRegistration_testCaseA2_byClass_FAIL9_exception"
                       class="testMethodDetails">
                     <pre style="padding: 5px; margin: 0;">java.lang.Throwable: Multiple failures (3):nnFailure 1 of 3:norg.openqa.selenium.NoSuchElementException: no such element
                        (Session info: chrome=46.0.2490.71)
                        (Driver info: chromedriver=2.6.232923,platform=Windows NT 6.1 SP1 x86_64) (WARNING: The server did not provide any stacktrace
                        information)
                        Command duration or timeout: 10.05 seconds
                        For documentation on this error, please visit: http://seleniumhq.org/exceptions/no_such_element.html
                        Build info: version: '2.44.0', revision: '76d78cf', time: '2014-10-23 20:03:00'
                        System info: host: 'ATLANTISPC-274', ip: '10.210.16.27', os.name: 'Windows 7', os.arch: 'amd64', os.version: '6.1', java.version:
                        '1.7.0_79'
                        Session ID: f9f8bb1b5c5632383c7b314f3cccfa7e
                        Driver info: org.openqa.selenium.chrome.ChromeDriver
                        Capabilities [{platform=XP, acceptSslCerts=true, javascriptEnabled=true, browserName=chrome, chrome={userDataDir=C:\Users\aakarg\AppData\Local\Temp\scoped_dir5008_23061},
                        rotatable=false, locationContextEnabled=true, version=46.0.2490.71, takesHeapSnapshot=true, cssSelectorsEnabled=true, databaseEnabled=false,
                        handlesAlerts=true, browserConnectionEnabled=false, webStorageEnabled=true, nativeEvents=true, applicationCacheEnabled=false,
                        takesScreenshot=true}]
                        	at sun.reflect.NativeConstructorAccessorImpl.newInstance0(Native Method)
                        	at sun.reflect.NativeConstructorAccessorImpl.newInstance(NativeConstructorAccessorImpl.java:57)
                        	at sun.reflect.DelegatingConstructorAccessorImpl.newInstance(DelegatingConstructorAccessorImpl.java:45)
                        	at java.lang.reflect.Constructor.newInstance(Constructor.java:526)
                        	at org.openqa.selenium.remote.ErrorHandler.createThrowable(ErrorHandler.java:204)
                        	at org.openqa.selenium.remote.ErrorHandler.throwIfResponseFailed(ErrorHandler.java:156)
                        	at org.openqa.selenium.remote.RemoteWebDriver.execute(RemoteWebDriver.java:599)
                        	at org.openqa.selenium.remote.RemoteWebDriver.findElement(RemoteWebDriver.java:352)
                        	at org.openqa.selenium.remote.RemoteWebDriver.findElementByClassName(RemoteWebDriver.java:433)
                        	at org.openqa.selenium.By$ByClassName.findElement(By.java:387)
                        	at org.openqa.selenium.remote.RemoteWebDriver.findElement(RemoteWebDriver.java:344)
                        	at com.qtpselenium.Login_Suite.NewCustomerRegistration.combine_alert_submit(NewCustomerRegistration.java:234)
                        	at com.qtpselenium.Login_Suite.NewCustomerRegistration.testCaseA2(NewCustomerRegistration.java:149)
                        	at sun.reflect.NativeMethodAccessorImpl.invoke0(Native Method)
                        	at sun.reflect.NativeMethodAccessorImpl.invoke(NativeMethodAccessorImpl.java:57)
                        	at sun.reflect.DelegatingMethodAccessorImpl.invoke(DelegatingMethodAccessorImpl.java:43)
                        	at java.lang.reflect.Method.invoke(Method.java:606)
                        	at org.testng.internal.MethodInvocationHelper.invokeMethod(MethodInvocationHelper.java:84)
                        	at org.testng.internal.Invoker.invokeMethod(Invoker.java:714)
                        	at org.testng.internal.Invoker.invokeTestMethod(Invoker.java:901)
                        	at org.testng.internal.Invoker.invokeTestMethods(Invoker.java:1231)
                        	at org.testng.internal.TestMethodWorker.invokeTestMethods(TestMethodWorker.java:127)
                        	at org.testng.internal.TestMethodWorker.run(TestMethodWorker.java:111)
                        	at org.testng.TestRunner.privateRun(TestRunner.java:767)
                        	at org.testng.TestRunner.run(TestRunner.java:617)
                        	at org.testng.SuiteRunner.runTest(SuiteRunner.java:334)
                        	at org.testng.SuiteRunner.runSequentially(SuiteRunner.java:329)
                        	at org.testng.SuiteRunner.privateRun(SuiteRunner.java:291)
                        	at org.testng.SuiteRunner.run(SuiteRunner.java:240)
                        	at org.testng.SuiteRunnerWorker.runSuite(SuiteRunnerWorker.java:52)
                        	at org.testng.SuiteRunnerWorker.run(SuiteRunnerWorker.java:86)
                        	at org.testng.TestNG.runSuitesSequentially(TestNG.java:1224)
                        	at org.testng.TestNG.runSuitesSequentially(TestNG.java:1220)
                        	at org.testng.TestNG.runSuitesLocally(TestNG.java:1149)
                        	at org.testng.TestNG.run(TestNG.java:1057)
                        	at org.testng.TestNG.privateMain(TestNG.java:1364)
                        	at org.testng.TestNG.main(TestNG.java:1333)
                        nnFailure 2 of 3:norg.openqa.selenium.NoSuchElementException: no such element
                        (Session info: chrome=46.0.2490.71)
                        (Driver info: chromedriver=2.6.232923,platform=Windows NT 6.1 SP1 x86_64) (WARNING: The server did not provide any stacktrace
                        information)
                        Command duration or timeout: 10.05 seconds
                        For documentation on this error, please visit: http://seleniumhq.org/exceptions/no_such_element.html
                        Build info: version: '2.44.0', revision: '76d78cf', time: '2014-10-23 20:03:00'
                        System info: host: 'ATLANTISPC-274', ip: '10.210.16.27', os.name: 'Windows 7', os.arch: 'amd64', os.version: '6.1', java.version:
                        '1.7.0_79'
                        Session ID: f9f8bb1b5c5632383c7b314f3cccfa7e
                        Driver info: org.openqa.selenium.chrome.ChromeDriver
                        Capabilities [{platform=XP, acceptSslCerts=true, javascriptEnabled=true, browserName=chrome, chrome={userDataDir=C:\Users\aakarg\AppData\Local\Temp\scoped_dir5008_23061},
                        rotatable=false, locationContextEnabled=true, version=46.0.2490.71, takesHeapSnapshot=true, cssSelectorsEnabled=true, databaseEnabled=false,
                        handlesAlerts=true, browserConnectionEnabled=false, webStorageEnabled=true, nativeEvents=true, applicationCacheEnabled=false,
                        takesScreenshot=true}]
                        	at sun.reflect.NativeConstructorAccessorImpl.newInstance0(Native Method)
                        	at sun.reflect.NativeConstructorAccessorImpl.newInstance(NativeConstructorAccessorImpl.java:57)
                        	at sun.reflect.DelegatingConstructorAccessorImpl.newInstance(DelegatingConstructorAccessorImpl.java:45)
                        	at java.lang.reflect.Constructor.newInstance(Constructor.java:526)
                        	at org.openqa.selenium.remote.ErrorHandler.createThrowable(ErrorHandler.java:204)
                        	at org.openqa.selenium.remote.ErrorHandler.throwIfResponseFailed(ErrorHandler.java:156)
                        	at org.openqa.selenium.remote.RemoteWebDriver.execute(RemoteWebDriver.java:599)
                        	at org.openqa.selenium.remote.RemoteWebDriver.findElement(RemoteWebDriver.java:352)
                        	at org.openqa.selenium.remote.RemoteWebDriver.findElementByXPath(RemoteWebDriver.java:449)
                        	at org.openqa.selenium.By$ByXPath.findElement(By.java:357)
                        	at org.openqa.selenium.remote.RemoteWebDriver.findElement(RemoteWebDriver.java:344)
                        	at com.qtpselenium.Login_Suite.NewCustomerRegistration.testCaseA2(NewCustomerRegistration.java:159)
                        	at sun.reflect.NativeMethodAccessorImpl.invoke0(Native Method)
                        	at sun.reflect.NativeMethodAccessorImpl.invoke(NativeMethodAccessorImpl.java:57)
                        	at sun.reflect.DelegatingMethodAccessorImpl.invoke(DelegatingMethodAccessorImpl.java:43)
                        	at java.lang.reflect.Method.invoke(Method.java:606)
                        	at org.testng.internal.MethodInvocationHelper.invokeMethod(MethodInvocationHelper.java:84)
                        	at org.testng.internal.Invoker.invokeMethod(Invoker.java:714)
                        	at org.testng.internal.Invoker.invokeTestMethod(Invoker.java:901)
                        	at org.testng.internal.Invoker.invokeTestMethods(Invoker.java:1231)
                        	at org.testng.internal.TestMethodWorker.invokeTestMethods(TestMethodWorker.java:127)
                        	at org.testng.internal.TestMethodWorker.run(TestMethodWorker.java:111)
                        	at org.testng.TestRunner.privateRun(TestRunner.java:767)
                        	at org.testng.TestRunner.run(TestRunner.java:617)
                        	at org.testng.SuiteRunner.runTest(SuiteRunner.java:334)
                        	at org.testng.SuiteRunner.runSequentially(SuiteRunner.java:329)
                        	at org.testng.SuiteRunner.privateRun(SuiteRunner.java:291)
                        	at org.testng.SuiteRunner.run(SuiteRunner.java:240)
                        	at org.testng.SuiteRunnerWorker.runSuite(SuiteRunnerWorker.java:52)
                        	at org.testng.SuiteRunnerWorker.run(SuiteRunnerWorker.java:86)
                        	at org.testng.TestNG.runSuitesSequentially(TestNG.java:1224)
                        	at org.testng.TestNG.runSuitesSequentially(TestNG.java:1220)
                        	at org.testng.TestNG.runSuitesLocally(TestNG.java:1149)
                        	at org.testng.TestNG.run(TestNG.java:1057)
                        	at org.testng.TestNG.privateMain(TestNG.java:1364)
                        	at org.testng.TestNG.main(TestNG.java:1333)
                        nnFailure 3 of 3:njava.lang.NullPointerException
                        	at com.qtpselenium.Login_Suite.NewCustomerRegistration.testCaseA2(NewCustomerRegistration.java:210)
                        	at sun.reflect.NativeMethodAccessorImpl.invoke0(Native Method)
                        	at sun.reflect.NativeMethodAccessorImpl.invoke(NativeMethodAccessorImpl.java:57)
                        	at sun.reflect.DelegatingMethodAccessorImpl.invoke(DelegatingMethodAccessorImpl.java:43)
                        	at java.lang.reflect.Method.invoke(Method.java:606)
                        	at org.testng.internal.MethodInvocationHelper.invokeMethod(MethodInvocationHelper.java:84)
                        	at org.testng.internal.Invoker.invokeMethod(Invoker.java:714)
                        	at org.testng.internal.Invoker.invokeTestMethod(Invoker.java:901)
                        	at org.testng.internal.Invoker.invokeTestMethods(Invoker.java:1231)
                        	at org.testng.internal.TestMethodWorker.invokeTestMethods(TestMethodWorker.java:127)
                        	at org.testng.internal.TestMethodWorker.run(TestMethodWorker.java:111)
                        	at org.testng.TestRunner.privateRun(TestRunner.java:767)
                        	at org.testng.TestRunner.run(TestRunner.java:617)
                        	at org.testng.SuiteRunner.runTest(SuiteRunner.java:334)
                        	at org.testng.SuiteRunner.runSequentially(SuiteRunner.java:329)
                        	at org.testng.SuiteRunner.privateRun(SuiteRunner.java:291)
                        	at org.testng.SuiteRunner.run(SuiteRunner.java:240)
                        	at org.testng.SuiteRunnerWorker.runSuite(SuiteRunnerWorker.java:52)
                        	at org.testng.SuiteRunnerWorker.run(SuiteRunnerWorker.java:86)
                        	at org.testng.TestNG.runSuitesSequentially(TestNG.java:1224)
                        	at org.testng.TestNG.runSuitesSequentially(TestNG.java:1220)
                        	at org.testng.TestNG.runSuitesLocally(TestNG.java:1149)
                        	at org.testng.TestNG.run(TestNG.java:1057)
                        	at org.testng.TestNG.privateMain(TestNG.java:1364)
                        	at org.testng.TestNG.main(TestNG.java:1333)
                     </pre>
                  </div>
               </td>
            </tr>
            <tr id="com.qtpselenium.Login_Suite.NewCustomerRegistration_reporterDataSetResult_byClass_PASS10_row"
                class="testMethodStatusPASS testMethodStatusCONF">
               <td width="100%" class="firstMethodCell">
                  <a onclick="toggleDetailsVisibility('com.qtpselenium.Login_Suite.NewCustomerRegistration_reporterDataSetResult_byClass_PASS10_details')">reporterDataSetResult()</a>
               </td>
               <td nowrap="true">01:51:15</td>
               <td nowrap="true" align="right">3 ms
                  
               </td>
               <td nowrap="true">
                   
                  
               </td>
            </tr>
            <tr>
               <td colspan="4" class="detailsBox">
                  <div id="com.qtpselenium.Login_Suite.NewCustomerRegistration_reporterDataSetResult_byClass_PASS10_details"
                       class="testMethodDetails">
                     <div>
                        <b>Name: </b>reporterDataSetResult
                     </div>
                     <div>
                        <b>Signature: </b>reporterDataSetResult()[pri:0, instance:com.qtpselenium.Login_Suite.NewCustomerRegistration@6ae006d8]
                     </div>
                     <div>
                        <b>Start time: </b>01:51:15
                     </div>
                     <div>
                        <b>End time: </b>01:51:15
                     </div>
                     <div>
                        <b>Duration: </b>3 ms
                        
                     </div>
                  </div>
               </td>
            </tr>
            <tr></tr>
            <tr id="com.qtpselenium.Login_Suite.NewCustomerRegistration_testCaseA2_byClass_PASS11_row"
                class="testMethodStatusPASS">
               <td width="100%" class="firstMethodCell">
                  <a onclick="toggleDetailsVisibility('com.qtpselenium.Login_Suite.NewCustomerRegistration_testCaseA2_byClass_PASS11_details')">testCaseA2(Miss.
                     
                     ,
                     
                     Khan
                     
                     ,
                     
                     Nafeesa
                     
                     ,
                     
                     02/02/1990
                     
                     ,
                     
                     F
                     
                     ,
                     
                     9.87250364E9)
                  </a>
               </td>
               <td nowrap="true">01:51:15</td>
               <td nowrap="true" align="right">2m
                  38s
                  
               </td>
               <td nowrap="true">
                   
                  
               </td>
            </tr>
            <tr>
               <td colspan="4" class="detailsBox">
                  <div id="com.qtpselenium.Login_Suite.NewCustomerRegistration_testCaseA2_byClass_PASS11_details"
                       class="testMethodDetails">
                     <div>
                        <b>Name: </b>testCaseA2
                     </div>
                     <div>
                        <b>Signature: </b>testCaseA2(java.lang.String, java.lang.String, java.lang.String, java.lang.String, java.lang.String, java.lang.String)[pri:0,
                        instance:com.qtpselenium.Login_Suite.NewCustomerRegistration@6ae006d8]
                     </div>
                     <div>
                        <b>Parameters: </b>
                        
                        Miss.
                        
                        ,
                        
                        Khan
                        
                        ,
                        
                        Nafeesa
                        
                        ,
                        
                        02/02/1990
                        
                        ,
                        
                        F
                        
                        ,
                        
                        9.87250364E9
                        
                        
                     </div>
                     <div>
                        <b>Start time: </b>01:51:15
                     </div>
                     <div>
                        <b>End time: </b>01:52:53
                     </div>
                     <div>
                        <b>Duration: </b>2m
                        38s
                        
                     </div>
                  </div>
               </td>
            </tr>
            <tr></tr>
            <tr id="com.qtpselenium.Login_Suite.NewCustomerRegistration_reporterDataSetResult_byClass_PASS12_row"
                class="testMethodStatusPASS testMethodStatusCONF">
               <td width="100%" class="firstMethodCell">
                  <a onclick="toggleDetailsVisibility('com.qtpselenium.Login_Suite.NewCustomerRegistration_reporterDataSetResult_byClass_PASS12_details')">reporterDataSetResult()</a>
               </td>
               <td nowrap="true">01:52:53</td>
               <td nowrap="true" align="right">1 ms
                  
               </td>
               <td nowrap="true">
                   
                  
               </td>
            </tr>
            <tr>
               <td colspan="4" class="detailsBox">
                  <div id="com.qtpselenium.Login_Suite.NewCustomerRegistration_reporterDataSetResult_byClass_PASS12_details"
                       class="testMethodDetails">
                     <div>
                        <b>Name: </b>reporterDataSetResult
                     </div>
                     <div>
                        <b>Signature: </b>reporterDataSetResult()[pri:0, instance:com.qtpselenium.Login_Suite.NewCustomerRegistration@6ae006d8]
                     </div>
                     <div>
                        <b>Start time: </b>01:52:53
                     </div>
                     <div>
                        <b>End time: </b>01:52:53
                     </div>
                     <div>
                        <b>Duration: </b>1 ms
                        
                     </div>
                  </div>
               </td>
            </tr>
            <tr></tr>
            <tr id="com.qtpselenium.Login_Suite.NewCustomerRegistration_reportTestResult_byClass_PASS13_row"
                class="testMethodStatusPASS testMethodStatusCONF">
               <td width="100%" class="firstMethodCell">
                  <a onclick="toggleDetailsVisibility('com.qtpselenium.Login_Suite.NewCustomerRegistration_reportTestResult_byClass_PASS13_details')">reportTestResult()</a>
               </td>
               <td nowrap="true">01:52:53</td>
               <td nowrap="true" align="right">50 ms
                  
               </td>
               <td nowrap="true">
                   
                  
               </td>
            </tr>
            <tr>
               <td colspan="4" class="detailsBox">
                  <div id="com.qtpselenium.Login_Suite.NewCustomerRegistration_reportTestResult_byClass_PASS13_details"
                       class="testMethodDetails">
                     <div>
                        <b>Name: </b>reportTestResult
                     </div>
                     <div>
                        <b>Signature: </b>reportTestResult()[pri:0, instance:com.qtpselenium.Login_Suite.NewCustomerRegistration@6ae006d8]
                     </div>
                     <div>
                        <b>Start time: </b>01:52:53
                     </div>
                     <div>
                        <b>End time: </b>01:52:53
                     </div>
                     <div>
                        <b>Duration: </b>50 ms
                        
                     </div>
                  </div>
               </td>
            </tr>
            <tr></tr>
         </table>
         <br></br>
      </div>
      <div style="margin-top: 15px; color: gray; text-align: center; font-size: 9px;">
         Generated with
         
         <a href="http://code.google.com/p/testng-xslt/" style="color: #8888aa;"
            target="_blank">
            TestNG XSLT
            
         </a>
      </div>
   </body>
</html>