<!DOCTYPE html PUBLIC "-//W3C//DTD XHTML 1.1//EN" "http://www.w3.org/TR/xhtml11/DTD/xhtml11.dtd">
<html xmlns="http://www.w3.org/1999/xhtml"><head><title>TestNG Report</title><style type="text/css">table {margin-bottom:10px;border-collapse:collapse;empty-cells:show}th,td {border:1px solid #009;padding:.25em .5em}th {vertical-align:bottom}td {vertical-align:top}table a {font-weight:bold}.stripe td {background-color: #E6EBF9}.num {text-align:right}.passedodd td {background-color: #3F3}.passedeven td {background-color: #0A0}.skippedodd td {background-color: #DDD}.skippedeven td {background-color: #CCC}.failedodd td,.attn {background-color: #F33}.failedeven td,.stripe .attn {background-color: #D00}.stacktrace {white-space:pre;font-family:monospace}.totop {font-size:85%;text-align:center;border-bottom:2px solid #000}</style></head><body><table><tr><th>Test</th><th># Passed</th><th># Skipped</th><th># Failed</th><th>Time (ms)</th><th>Included Groups</th><th>Excluded Groups</th></tr><tr><th colspan="7">Suite B</th></tr><tr><td><a href="#t0">Test B1</a></td><td class="num">0</td><td class="num attn">4</td><td class="num">0</td><td class="num">2</td><td></td><td></td></tr><tr class="stripe"><td><a href="#t1">Test B2</a></td><td class="num">0</td><td class="num attn">1</td><td class="num">0</td><td class="num">1</td><td></td><td></td></tr><tr><th colspan="7">Suite C</th></tr><tr><td><a href="#t2">Test C1</a></td><td class="num">0</td><td class="num attn">4</td><td class="num">0</td><td class="num">2</td><td></td><td></td></tr><tr class="stripe"><td><a href="#t3">Test C2</a></td><td class="num">0</td><td class="num attn">1</td><td class="num">0</td><td class="num">0</td><td></td><td></td></tr><tr><th colspan="7">Login Suite</th></tr><tr><td><a href="#t4">Checklogin</a></td><td class="num">0</td><td class="num attn">1</td><td class="num">0</td><td class="num">12</td><td></td><td></td></tr><tr class="stripe"><td><a href="#t5">NewCustomerRegistration</a></td><td class="num">2</td><td class="num">0</td><td class="num attn">3</td><td class="num">447,274</td><td></td><td></td></tr><tr><th colspan="7">My Suite</th></tr><tr><th>Total</th><th class="num">2</th><th class="num attn">11</th><th class="num attn">3</th><th class="num">447,291</th><th colspan="2"></th></tr></table><table><thead><tr><th>Class</th><th>Method</th><th>Start</th><th>Time (ms)</th></tr></thead><tbody><tr><th colspan="4">Suite B</th></tr></tbody><tbody id="t0"><tr><th colspan="4">Test B1 &#8212; skipped (configuration methods)</th></tr><tr class="skippedeven"><td rowspan="1">com.qtpselenium.suiteB.TestCase_B1</td><td><a href="#m0">checkTestSkip</a></td><td rowspan="1">1445406773651</td><td rowspan="1">0</td></tr><tr><th colspan="4">Test B1 &#8212; skipped</th></tr><tr class="skippedeven"><td rowspan="4">com.qtpselenium.suiteB.TestCase_B1</td><td><a href="#m1">testCaseB1</a></td><td rowspan="4">1445406773653</td><td rowspan="4">0</td></tr><tr class="skippedeven"><td><a href="#m2">testCaseB1</a></td></tr><tr class="skippedeven"><td><a href="#m3">testCaseB1</a></td></tr><tr class="skippedeven"><td><a href="#m4">testCaseB1</a></td></tr></tbody><tbody id="t1"><tr><th colspan="4">Test B2 &#8212; skipped (configuration methods)</th></tr><tr class="skippedeven"><td rowspan="2">com.qtpselenium.suiteB.TestCase_B2</td><td><a href="#m5">checkSuiteSkip</a></td><td rowspan="1">1445406773650</td><td rowspan="1">0</td></tr><tr class="skippedeven"><td><a href="#m6">checkTestSkip</a></td><td rowspan="1">1445406773667</td><td rowspan="1">0</td></tr><tr><th colspan="4">Test B2 &#8212; skipped</th></tr><tr class="skippedeven"><td rowspan="1">com.qtpselenium.suiteB.TestCase_B2</td><td><a href="#m7">testCaseB2</a></td><td rowspan="1">1445406773667</td><td rowspan="1">1</td></tr></tbody><tbody><tr><th colspan="4">Suite C</th></tr></tbody><tbody id="t2"><tr><th colspan="4">Test C1 &#8212; skipped (configuration methods)</th></tr><tr class="skippedeven"><td rowspan="1">com.qtpselenium.suiteC.TestCase_C1</td><td><a href="#m8">checkTestSkip</a></td><td rowspan="1">1445406773684</td><td rowspan="1">0</td></tr><tr><th colspan="4">Test C1 &#8212; skipped</th></tr><tr class="skippedeven"><td rowspan="4">com.qtpselenium.suiteC.TestCase_C1</td><td><a href="#m9">testCaseC1</a></td><td rowspan="4">1445406773685</td><td rowspan="4">0</td></tr><tr class="skippedeven"><td><a href="#m10">testCaseC1</a></td></tr><tr class="skippedeven"><td><a href="#m11">testCaseC1</a></td></tr><tr class="skippedeven"><td><a href="#m12">testCaseC1</a></td></tr></tbody><tbody id="t3"><tr><th colspan="4">Test C2 &#8212; skipped (configuration methods)</th></tr><tr class="skippedeven"><td rowspan="2">com.qtpselenium.suiteC.TestCase_C2</td><td><a href="#m13">checkSuiteSkip</a></td><td rowspan="1">1445406773683</td><td rowspan="1">0</td></tr><tr class="skippedeven"><td><a href="#m14">checkTestSkip</a></td><td rowspan="1">1445406773691</td><td rowspan="1">0</td></tr><tr><th colspan="4">Test C2 &#8212; skipped</th></tr><tr class="skippedeven"><td rowspan="1">com.qtpselenium.suiteC.TestCase_C2</td><td><a href="#m15">testCaseC2</a></td><td rowspan="1">1445406773691</td><td rowspan="1">0</td></tr></tbody><tbody><tr><th colspan="4">Login Suite</th></tr></tbody><tbody id="t4"><tr><th colspan="4">Checklogin &#8212; skipped (configuration methods)</th></tr><tr class="skippedeven"><td rowspan="3">com.qtpselenium.Login_Suite.Checklogin</td><td><a href="#m16">checkTestSkip</a></td><td rowspan="1">1445406326234</td><td rowspan="1">0</td></tr><tr class="skippedeven"><td><a href="#m17">reportTestResult</a></td><td rowspan="1">1445406326246</td><td rowspan="1">0</td></tr><tr class="skippedeven"><td><a href="#m18">reporterDataSetResult</a></td><td rowspan="1">1445406326245</td><td rowspan="1">0</td></tr><tr><th colspan="4">Checklogin &#8212; skipped</th></tr><tr class="skippedeven"><td rowspan="1">com.qtpselenium.Login_Suite.Checklogin</td><td><a href="#m19">CheckLogin</a></td><td rowspan="1">1445406326241</td><td rowspan="1">0</td></tr></tbody><tbody id="t5"><tr><th colspan="4">NewCustomerRegistration &#8212; failed</th></tr><tr class="failedeven"><td rowspan="3">com.qtpselenium.Login_Suite.NewCustomerRegistration</td><td><a href="#m20">testCaseA2</a></td><td rowspan="3">1445406326305</td><td rowspan="3">103784</td></tr><tr class="failedeven"><td><a href="#m21">testCaseA2</a></td></tr><tr class="failedeven"><td><a href="#m22">testCaseA2</a></td></tr><tr><th colspan="4">NewCustomerRegistration &#8212; passed</th></tr><tr class="passedeven"><td rowspan="2">com.qtpselenium.Login_Suite.NewCustomerRegistration</td><td><a href="#m23">testCaseA2</a></td><td rowspan="2">1445406675688</td><td rowspan="2">97799</td></tr><tr class="passedeven"><td><a href="#m24">testCaseA2</a></td></tr></tbody><tbody><tr><th colspan="4">My Suite</th></tr></tbody></table><h2>Test B1</h2><h3 id="m0">com.qtpselenium.suiteB.TestCase_B1#checkTestSkip</h3><table class="result"></table><p class="totop"><a href="#summary">back to summary</a></p><h3 id="m1">com.qtpselenium.suiteB.TestCase_B1#testCaseB1</h3><table class="result"><tr class="param"><th>Parameter #1</th><th>Parameter #2</th><th>Parameter #3</th><th>Parameter #4</th></tr><tr class="param stripe"><td>Dummy Data_B1_5</td><td>Dummy Data_B1_6</td><td>Dummy Data_B1_7</td><td>Dummy Data_B1_8</td></tr></table><p class="totop"><a href="#summary">back to summary</a></p><h3 id="m2">com.qtpselenium.suiteB.TestCase_B1#testCaseB1</h3><table class="result"><tr class="param"><th>Parameter #1</th><th>Parameter #2</th><th>Parameter #3</th><th>Parameter #4</th></tr><tr class="param stripe"><td>Dummy Data_B1_1</td><td>Dummy Data_B1_2</td><td>Dummy Data_B1_3</td><td>Dummy Data_B1_4</td></tr></table><p class="totop"><a href="#summary">back to summary</a></p><h3 id="m3">com.qtpselenium.suiteB.TestCase_B1#testCaseB1</h3><table class="result"><tr class="param"><th>Parameter #1</th><th>Parameter #2</th><th>Parameter #3</th><th>Parameter #4</th></tr><tr class="param stripe"><td>Dummy Data_B1_13</td><td>Dummy Data_B1_14</td><td>Dummy Data_B1_15</td><td>Dummy Data_B1_16</td></tr></table><p class="totop"><a href="#summary">back to summary</a></p><h3 id="m4">com.qtpselenium.suiteB.TestCase_B1#testCaseB1</h3><table class="result"><tr class="param"><th>Parameter #1</th><th>Parameter #2</th><th>Parameter #3</th><th>Parameter #4</th></tr><tr class="param stripe"><td>Dummy Data_B1_9</td><td>Dummy Data_B1_10</td><td>Dummy Data_B1_11</td><td>Dummy Data_B1_12</td></tr></table><p class="totop"><a href="#summary">back to summary</a></p><h2>Test B2</h2><h3 id="m5">com.qtpselenium.suiteB.TestCase_B2#checkSuiteSkip</h3><table class="result"><tr><th>Exception</th></tr><tr><td><div class="stacktrace">org.testng.SkipException: Runmode of Suite C set to no. So Skipping al test in Suite B
	at com.qtpselenium.suiteB.TestSuiteBase.checkSuiteSkip(TestSuiteBase.java:23)
... Removed 18 stack frames</div></td></tr></table><p class="totop"><a href="#summary">back to summary</a></p><h3 id="m6">com.qtpselenium.suiteB.TestCase_B2#checkTestSkip</h3><table class="result"></table><p class="totop"><a href="#summary">back to summary</a></p><h3 id="m7">com.qtpselenium.suiteB.TestCase_B2#testCaseB2</h3><table class="result"></table><p class="totop"><a href="#summary">back to summary</a></p><h2>Test C1</h2><h3 id="m8">com.qtpselenium.suiteC.TestCase_C1#checkTestSkip</h3><table class="result"></table><p class="totop"><a href="#summary">back to summary</a></p><h3 id="m9">com.qtpselenium.suiteC.TestCase_C1#testCaseC1</h3><table class="result"><tr class="param"><th>Parameter #1</th><th>Parameter #2</th><th>Parameter #3</th><th>Parameter #4</th></tr><tr class="param stripe"><td>Dummy Data_C1_9</td><td>Dummy Data_C1_10</td><td>Dummy Data_C1_11</td><td>Dummy Data_C1_12</td></tr></table><p class="totop"><a href="#summary">back to summary</a></p><h3 id="m10">com.qtpselenium.suiteC.TestCase_C1#testCaseC1</h3><table class="result"><tr class="param"><th>Parameter #1</th><th>Parameter #2</th><th>Parameter #3</th><th>Parameter #4</th></tr><tr class="param stripe"><td>Dummy Data_C1_13</td><td>Dummy Data_C1_14</td><td>Dummy Data_C1_15</td><td>Dummy Data_C1_16</td></tr></table><p class="totop"><a href="#summary">back to summary</a></p><h3 id="m11">com.qtpselenium.suiteC.TestCase_C1#testCaseC1</h3><table class="result"><tr class="param"><th>Parameter #1</th><th>Parameter #2</th><th>Parameter #3</th><th>Parameter #4</th></tr><tr class="param stripe"><td>Dummy Data_C1_5</td><td>Dummy Data_C1_6</td><td>Dummy Data_C1_7</td><td>Dummy Data_C1_8</td></tr></table><p class="totop"><a href="#summary">back to summary</a></p><h3 id="m12">com.qtpselenium.suiteC.TestCase_C1#testCaseC1</h3><table class="result"><tr class="param"><th>Parameter #1</th><th>Parameter #2</th><th>Parameter #3</th><th>Parameter #4</th></tr><tr class="param stripe"><td>Dummy Data_C1_1</td><td>Dummy Data_C1_2</td><td>Dummy Data_C1_3</td><td>Dummy Data_C1_4</td></tr></table><p class="totop"><a href="#summary">back to summary</a></p><h2>Test C2</h2><h3 id="m13">com.qtpselenium.suiteC.TestCase_C2#checkSuiteSkip</h3><table class="result"><tr><th>Exception</th></tr><tr><td><div class="stacktrace">org.testng.SkipException: Runmode of Suite C set to no. So Skipping al test in Suite C
	at com.qtpselenium.suiteC.TestSuiteBase.checkSuiteSkip(TestSuiteBase.java:22)
... Removed 18 stack frames</div></td></tr></table><p class="totop"><a href="#summary">back to summary</a></p><h3 id="m14">com.qtpselenium.suiteC.TestCase_C2#checkTestSkip</h3><table class="result"></table><p class="totop"><a href="#summary">back to summary</a></p><h3 id="m15">com.qtpselenium.suiteC.TestCase_C2#testCaseC2</h3><table class="result"></table><p class="totop"><a href="#summary">back to summary</a></p><h2>Checklogin</h2><h3 id="m16">com.qtpselenium.Login_Suite.Checklogin#checkTestSkip</h3><table class="result"><tr><th>Exception</th></tr><tr><td><div class="stacktrace">org.testng.SkipException: Test Case skipped as runmode set to no Login
	at com.qtpselenium.Login_Suite.Checklogin.checkTestSkip(Checklogin.java:47)
... Removed 22 stack frames</div></td></tr></table><p class="totop"><a href="#summary">back to summary</a></p><h3 id="m17">com.qtpselenium.Login_Suite.Checklogin#reportTestResult</h3><table class="result"></table><p class="totop"><a href="#summary">back to summary</a></p><h3 id="m18">com.qtpselenium.Login_Suite.Checklogin#reporterDataSetResult</h3><table class="result"></table><p class="totop"><a href="#summary">back to summary</a></p><h3 id="m19">com.qtpselenium.Login_Suite.Checklogin#CheckLogin</h3><table class="result"><tr class="param"><th>Parameter #1</th><th>Parameter #2</th></tr><tr class="param stripe"><td>sam</td><td>password$1</td></tr></table><p class="totop"><a href="#summary">back to summary</a></p><h2>NewCustomerRegistration</h2><h3 id="m20">com.qtpselenium.Login_Suite.NewCustomerRegistration#testCaseA2</h3><table class="result"><tr class="param"><th>Parameter #1</th><th>Parameter #2</th><th>Parameter #3</th><th>Parameter #4</th><th>Parameter #5</th><th>Parameter #6</th></tr><tr class="param stripe"><td>Mr.</td><td>Gupte</td><td>Aakar</td><td>26/04/1990</td><td>M</td><td>1.23654789E9</td></tr><tr><th colspan="6">Exception</th></tr><tr><td colspan="6"><div class="stacktrace">java.lang.Throwable: Multiple failures (3):nnFailure 1 of 3:norg.openqa.selenium.NoSuchElementException: no such element
  (Session info: chrome=46.0.2490.71)
  (Driver info: chromedriver=2.6.232923,platform=Windows NT 6.1 SP1 x86_64) (WARNING: The server did not provide any stacktrace information)
Command duration or timeout: 10.04 seconds
For documentation on this error, please visit: http://seleniumhq.org/exceptions/no_such_element.html
Build info: version: &apos;2.44.0&apos;, revision: &apos;76d78cf&apos;, time: &apos;2014-10-23 20:03:00&apos;
System info: host: &apos;ATLANTISPC-274&apos;, ip: &apos;10.210.16.27&apos;, os.name: &apos;Windows 7&apos;, os.arch: &apos;amd64&apos;, os.version: &apos;6.1&apos;, java.version: &apos;1.7.0_79&apos;
Session ID: f9f8bb1b5c5632383c7b314f3cccfa7e
Driver info: org.openqa.selenium.chrome.ChromeDriver
Capabilities [{platform=XP, acceptSslCerts=true, javascriptEnabled=true, browserName=chrome, chrome={userDataDir=C:\Users\aakarg\AppData\Local\Temp\scoped_dir5008_23061}, rotatable=false, locationContextEnabled=true, version=46.0.2490.71, takesHeapSnapshot=true, cssSelectorsEnabled=true, databaseEnabled=false, handlesAlerts=true, browserConnectionEnabled=false, webStorageEnabled=true, nativeEvents=true, applicationCacheEnabled=false, takesScreenshot=true}]
	at org.openqa.selenium.remote.ErrorHandler.createThrowable(ErrorHandler.java:204)
	at org.openqa.selenium.remote.ErrorHandler.throwIfResponseFailed(ErrorHandler.java:156)
	at org.openqa.selenium.remote.RemoteWebDriver.execute(RemoteWebDriver.java:599)
	at org.openqa.selenium.remote.RemoteWebDriver.findElement(RemoteWebDriver.java:352)
	at org.openqa.selenium.remote.RemoteWebDriver.findElementByClassName(RemoteWebDriver.java:433)
	at org.openqa.selenium.By$ByClassName.findElement(By.java:387)
	at org.openqa.selenium.remote.RemoteWebDriver.findElement(RemoteWebDriver.java:344)
	at com.qtpselenium.Login_Suite.NewCustomerRegistration.combine_alert_submit(NewCustomerRegistration.java:234)
	at com.qtpselenium.Login_Suite.NewCustomerRegistration.testCaseA2(NewCustomerRegistration.java:149)
nnFailure 2 of 3:norg.openqa.selenium.NoSuchElementException: no such element
  (Session info: chrome=46.0.2490.71)
  (Driver info: chromedriver=2.6.232923,platform=Windows NT 6.1 SP1 x86_64) (WARNING: The server did not provide any stacktrace information)
Command duration or timeout: 10.03 seconds
For documentation on this error, please visit: http://seleniumhq.org/exceptions/no_such_element.html
Build info: version: &apos;2.44.0&apos;, revision: &apos;76d78cf&apos;, time: &apos;2014-10-23 20:03:00&apos;
System info: host: &apos;ATLANTISPC-274&apos;, ip: &apos;10.210.16.27&apos;, os.name: &apos;Windows 7&apos;, os.arch: &apos;amd64&apos;, os.version: &apos;6.1&apos;, java.version: &apos;1.7.0_79&apos;
Session ID: f9f8bb1b5c5632383c7b314f3cccfa7e
Driver info: org.openqa.selenium.chrome.ChromeDriver
Capabilities [{platform=XP, acceptSslCerts=true, javascriptEnabled=true, browserName=chrome, chrome={userDataDir=C:\Users\aakarg\AppData\Local\Temp\scoped_dir5008_23061}, rotatable=false, locationContextEnabled=true, version=46.0.2490.71, takesHeapSnapshot=true, cssSelectorsEnabled=true, databaseEnabled=false, handlesAlerts=true, browserConnectionEnabled=false, webStorageEnabled=true, nativeEvents=true, applicationCacheEnabled=false, takesScreenshot=true}]
	at org.openqa.selenium.remote.ErrorHandler.createThrowable(ErrorHandler.java:204)
	at org.openqa.selenium.remote.ErrorHandler.throwIfResponseFailed(ErrorHandler.java:156)
	at org.openqa.selenium.remote.RemoteWebDriver.execute(RemoteWebDriver.java:599)
	at org.openqa.selenium.remote.RemoteWebDriver.findElement(RemoteWebDriver.java:352)
	at org.openqa.selenium.remote.RemoteWebDriver.findElementByXPath(RemoteWebDriver.java:449)
	at org.openqa.selenium.By$ByXPath.findElement(By.java:357)
	at org.openqa.selenium.remote.RemoteWebDriver.findElement(RemoteWebDriver.java:344)
	at com.qtpselenium.Login_Suite.NewCustomerRegistration.testCaseA2(NewCustomerRegistration.java:159)
nnFailure 3 of 3:njava.lang.NullPointerException
	at com.qtpselenium.Login_Suite.NewCustomerRegistration.testCaseA2(NewCustomerRegistration.java:210)
... Removed 80 stack frames</div></td></tr></table><p class="totop"><a href="#summary">back to summary</a></p><h3 id="m21">com.qtpselenium.Login_Suite.NewCustomerRegistration#testCaseA2</h3><table class="result"><tr class="param"><th>Parameter #1</th><th>Parameter #2</th><th>Parameter #3</th><th>Parameter #4</th><th>Parameter #5</th><th>Parameter #6</th></tr><tr class="param stripe"><td>Miss.</td><td>Patel</td><td>Nafeesa</td><td>02/02/1990</td><td>F</td><td>9.87250364E9</td></tr><tr><th colspan="6">Exception</th></tr><tr><td colspan="6"><div class="stacktrace">java.lang.Throwable: Multiple failures (3):nnFailure 1 of 3:norg.openqa.selenium.NoSuchElementException: no such element
  (Session info: chrome=46.0.2490.71)
  (Driver info: chromedriver=2.6.232923,platform=Windows NT 6.1 SP1 x86_64) (WARNING: The server did not provide any stacktrace information)
Command duration or timeout: 10.03 seconds
For documentation on this error, please visit: http://seleniumhq.org/exceptions/no_such_element.html
Build info: version: &apos;2.44.0&apos;, revision: &apos;76d78cf&apos;, time: &apos;2014-10-23 20:03:00&apos;
System info: host: &apos;ATLANTISPC-274&apos;, ip: &apos;10.210.16.27&apos;, os.name: &apos;Windows 7&apos;, os.arch: &apos;amd64&apos;, os.version: &apos;6.1&apos;, java.version: &apos;1.7.0_79&apos;
Session ID: f9f8bb1b5c5632383c7b314f3cccfa7e
Driver info: org.openqa.selenium.chrome.ChromeDriver
Capabilities [{platform=XP, acceptSslCerts=true, javascriptEnabled=true, browserName=chrome, chrome={userDataDir=C:\Users\aakarg\AppData\Local\Temp\scoped_dir5008_23061}, rotatable=false, locationContextEnabled=true, version=46.0.2490.71, takesHeapSnapshot=true, cssSelectorsEnabled=true, databaseEnabled=false, handlesAlerts=true, browserConnectionEnabled=false, webStorageEnabled=true, nativeEvents=true, applicationCacheEnabled=false, takesScreenshot=true}]
	at org.openqa.selenium.remote.ErrorHandler.createThrowable(ErrorHandler.java:204)
	at org.openqa.selenium.remote.ErrorHandler.throwIfResponseFailed(ErrorHandler.java:156)
	at org.openqa.selenium.remote.RemoteWebDriver.execute(RemoteWebDriver.java:599)
	at org.openqa.selenium.remote.RemoteWebDriver.findElement(RemoteWebDriver.java:352)
	at org.openqa.selenium.remote.RemoteWebDriver.findElementByClassName(RemoteWebDriver.java:433)
	at org.openqa.selenium.By$ByClassName.findElement(By.java:387)
	at org.openqa.selenium.remote.RemoteWebDriver.findElement(RemoteWebDriver.java:344)
	at com.qtpselenium.Login_Suite.NewCustomerRegistration.combine_alert_submit(NewCustomerRegistration.java:234)
	at com.qtpselenium.Login_Suite.NewCustomerRegistration.testCaseA2(NewCustomerRegistration.java:149)
nnFailure 2 of 3:norg.openqa.selenium.NoSuchElementException: no such element
  (Session info: chrome=46.0.2490.71)
  (Driver info: chromedriver=2.6.232923,platform=Windows NT 6.1 SP1 x86_64) (WARNING: The server did not provide any stacktrace information)
Command duration or timeout: 10.04 seconds
For documentation on this error, please visit: http://seleniumhq.org/exceptions/no_such_element.html
Build info: version: &apos;2.44.0&apos;, revision: &apos;76d78cf&apos;, time: &apos;2014-10-23 20:03:00&apos;
System info: host: &apos;ATLANTISPC-274&apos;, ip: &apos;10.210.16.27&apos;, os.name: &apos;Windows 7&apos;, os.arch: &apos;amd64&apos;, os.version: &apos;6.1&apos;, java.version: &apos;1.7.0_79&apos;
Session ID: f9f8bb1b5c5632383c7b314f3cccfa7e
Driver info: org.openqa.selenium.chrome.ChromeDriver
Capabilities [{platform=XP, acceptSslCerts=true, javascriptEnabled=true, browserName=chrome, chrome={userDataDir=C:\Users\aakarg\AppData\Local\Temp\scoped_dir5008_23061}, rotatable=false, locationContextEnabled=true, version=46.0.2490.71, takesHeapSnapshot=true, cssSelectorsEnabled=true, databaseEnabled=false, handlesAlerts=true, browserConnectionEnabled=false, webStorageEnabled=true, nativeEvents=true, applicationCacheEnabled=false, takesScreenshot=true}]
	at org.openqa.selenium.remote.ErrorHandler.createThrowable(ErrorHandler.java:204)
	at org.openqa.selenium.remote.ErrorHandler.throwIfResponseFailed(ErrorHandler.java:156)
	at org.openqa.selenium.remote.RemoteWebDriver.execute(RemoteWebDriver.java:599)
	at org.openqa.selenium.remote.RemoteWebDriver.findElement(RemoteWebDriver.java:352)
	at org.openqa.selenium.remote.RemoteWebDriver.findElementByXPath(RemoteWebDriver.java:449)
	at org.openqa.selenium.By$ByXPath.findElement(By.java:357)
	at org.openqa.selenium.remote.RemoteWebDriver.findElement(RemoteWebDriver.java:344)
	at com.qtpselenium.Login_Suite.NewCustomerRegistration.testCaseA2(NewCustomerRegistration.java:159)
nnFailure 3 of 3:njava.lang.NullPointerException
	at com.qtpselenium.Login_Suite.NewCustomerRegistration.testCaseA2(NewCustomerRegistration.java:210)
... Removed 80 stack frames</div></td></tr></table><p class="totop"><a href="#summary">back to summary</a></p><h3 id="m22">com.qtpselenium.Login_Suite.NewCustomerRegistration#testCaseA2</h3><table class="result"><tr class="param"><th>Parameter #1</th><th>Parameter #2</th><th>Parameter #3</th><th>Parameter #4</th><th>Parameter #5</th><th>Parameter #6</th></tr><tr class="param stripe"><td>Sir</td><td>Pathan</td><td>Yusuf</td><td>10/08/2001</td><td>F</td><td>1.2365498705E10</td></tr><tr><th colspan="6">Exception</th></tr><tr><td colspan="6"><div class="stacktrace">java.lang.Throwable: Multiple failures (3):nnFailure 1 of 3:norg.openqa.selenium.NoSuchElementException: no such element
  (Session info: chrome=46.0.2490.71)
  (Driver info: chromedriver=2.6.232923,platform=Windows NT 6.1 SP1 x86_64) (WARNING: The server did not provide any stacktrace information)
Command duration or timeout: 10.05 seconds
For documentation on this error, please visit: http://seleniumhq.org/exceptions/no_such_element.html
Build info: version: &apos;2.44.0&apos;, revision: &apos;76d78cf&apos;, time: &apos;2014-10-23 20:03:00&apos;
System info: host: &apos;ATLANTISPC-274&apos;, ip: &apos;10.210.16.27&apos;, os.name: &apos;Windows 7&apos;, os.arch: &apos;amd64&apos;, os.version: &apos;6.1&apos;, java.version: &apos;1.7.0_79&apos;
Session ID: f9f8bb1b5c5632383c7b314f3cccfa7e
Driver info: org.openqa.selenium.chrome.ChromeDriver
Capabilities [{platform=XP, acceptSslCerts=true, javascriptEnabled=true, browserName=chrome, chrome={userDataDir=C:\Users\aakarg\AppData\Local\Temp\scoped_dir5008_23061}, rotatable=false, locationContextEnabled=true, version=46.0.2490.71, takesHeapSnapshot=true, cssSelectorsEnabled=true, databaseEnabled=false, handlesAlerts=true, browserConnectionEnabled=false, webStorageEnabled=true, nativeEvents=true, applicationCacheEnabled=false, takesScreenshot=true}]
	at org.openqa.selenium.remote.ErrorHandler.createThrowable(ErrorHandler.java:204)
	at org.openqa.selenium.remote.ErrorHandler.throwIfResponseFailed(ErrorHandler.java:156)
	at org.openqa.selenium.remote.RemoteWebDriver.execute(RemoteWebDriver.java:599)
	at org.openqa.selenium.remote.RemoteWebDriver.findElement(RemoteWebDriver.java:352)
	at org.openqa.selenium.remote.RemoteWebDriver.findElementByClassName(RemoteWebDriver.java:433)
	at org.openqa.selenium.By$ByClassName.findElement(By.java:387)
	at org.openqa.selenium.remote.RemoteWebDriver.findElement(RemoteWebDriver.java:344)
	at com.qtpselenium.Login_Suite.NewCustomerRegistration.combine_alert_submit(NewCustomerRegistration.java:234)
	at com.qtpselenium.Login_Suite.NewCustomerRegistration.testCaseA2(NewCustomerRegistration.java:149)
nnFailure 2 of 3:norg.openqa.selenium.NoSuchElementException: no such element
  (Session info: chrome=46.0.2490.71)
  (Driver info: chromedriver=2.6.232923,platform=Windows NT 6.1 SP1 x86_64) (WARNING: The server did not provide any stacktrace information)
Command duration or timeout: 10.05 seconds
For documentation on this error, please visit: http://seleniumhq.org/exceptions/no_such_element.html
Build info: version: &apos;2.44.0&apos;, revision: &apos;76d78cf&apos;, time: &apos;2014-10-23 20:03:00&apos;
System info: host: &apos;ATLANTISPC-274&apos;, ip: &apos;10.210.16.27&apos;, os.name: &apos;Windows 7&apos;, os.arch: &apos;amd64&apos;, os.version: &apos;6.1&apos;, java.version: &apos;1.7.0_79&apos;
Session ID: f9f8bb1b5c5632383c7b314f3cccfa7e
Driver info: org.openqa.selenium.chrome.ChromeDriver
Capabilities [{platform=XP, acceptSslCerts=true, javascriptEnabled=true, browserName=chrome, chrome={userDataDir=C:\Users\aakarg\AppData\Local\Temp\scoped_dir5008_23061}, rotatable=false, locationContextEnabled=true, version=46.0.2490.71, takesHeapSnapshot=true, cssSelectorsEnabled=true, databaseEnabled=false, handlesAlerts=true, browserConnectionEnabled=false, webStorageEnabled=true, nativeEvents=true, applicationCacheEnabled=false, takesScreenshot=true}]
	at org.openqa.selenium.remote.ErrorHandler.createThrowable(ErrorHandler.java:204)
	at org.openqa.selenium.remote.ErrorHandler.throwIfResponseFailed(ErrorHandler.java:156)
	at org.openqa.selenium.remote.RemoteWebDriver.execute(RemoteWebDriver.java:599)
	at org.openqa.selenium.remote.RemoteWebDriver.findElement(RemoteWebDriver.java:352)
	at org.openqa.selenium.remote.RemoteWebDriver.findElementByXPath(RemoteWebDriver.java:449)
	at org.openqa.selenium.By$ByXPath.findElement(By.java:357)
	at org.openqa.selenium.remote.RemoteWebDriver.findElement(RemoteWebDriver.java:344)
	at com.qtpselenium.Login_Suite.NewCustomerRegistration.testCaseA2(NewCustomerRegistration.java:159)
nnFailure 3 of 3:njava.lang.NullPointerException
	at com.qtpselenium.Login_Suite.NewCustomerRegistration.testCaseA2(NewCustomerRegistration.java:210)
... Removed 80 stack frames</div></td></tr></table><p class="totop"><a href="#summary">back to summary</a></p><h3 id="m23">com.qtpselenium.Login_Suite.NewCustomerRegistration#testCaseA2</h3><table class="result"><tr class="param"><th>Parameter #1</th><th>Parameter #2</th><th>Parameter #3</th><th>Parameter #4</th><th>Parameter #5</th><th>Parameter #6</th></tr><tr class="param stripe"><td>Miss.</td><td>Khan</td><td>Nafeesa</td><td>02/02/1990</td><td>F</td><td>9.87250364E9</td></tr></table><p class="totop"><a href="#summary">back to summary</a></p><h3 id="m24">com.qtpselenium.Login_Suite.NewCustomerRegistration#testCaseA2</h3><table class="result"><tr class="param"><th>Parameter #1</th><th>Parameter #2</th><th>Parameter #3</th><th>Parameter #4</th><th>Parameter #5</th><th>Parameter #6</th></tr><tr class="param stripe"><td>Miss.</td><td>Khan</td><td>Nafeesa</td><td>02/02/1990</td><td>F</td><td>9.87250364E9</td></tr></table><p class="totop"><a href="#summary">back to summary</a></p></body></html>